[2026-04-23 00:00:00 INF] Preferred.Api.Services.ScheduledTaskBackgroundService 开始执行定时任务: 1 {}
[2026-04-23 00:00:00 INF] Preferred.Api.Services.ScheduledTaskService 开始手动执行定时任务: 系统资源监控 (SYSTEM_RESOURCE_MONITOR) {}
[2026-04-23 00:00:00 INF] Preferred.Api.Services.ScheduledTaskService 执行系统监控任务: 系统资源监控 {}
[2026-04-23 00:00:00 INF] Preferred.Api.Services.SystemMonitorService 系统监控服务已初始化 - 操作系统: Windows {}
[2026-04-23 00:00:00 INF] Preferred.Api.Services.SystemMonitorService 开始执行系统资源监控... {}
[2026-04-23 00:00:01 DBG] Preferred.Api.Services.SystemMonitorService 进程估算内存使用率 - 进程总内存: 9.00GB, 估算总内存: 14.98GB, 使用率: 66.67% {}
[2026-04-23 00:00:01 DBG] Preferred.Api.Services.SystemMonitorService 尝试获取Windows磁盘使用情况: C:\ {}
[2026-04-23 00:00:01 DBG] Preferred.Api.Services.SystemMonitorService 磁盘 C:\ - 总计: 400.00GB, 已用: 114.00GB, 使用率: 28.69% {}
[2026-04-23 00:00:01 INF] Preferred.Api.Services.SystemMonitorService 系统资源监控 - 配置磁盘: auto, 实际监控: C:\, CPU: 0.19%, 内存: 66.67%, 磁盘: 28.69%, 使用内存: 123203305472 {}
[2026-04-23 00:00:01 INF] Preferred.Api.Services.SystemMonitorService 系统资源监控数据保存成功 - CPU: 0.19%, 内存: 66.67%, 磁盘: 28.69% {}
[2026-04-23 00:00:01 INF] Preferred.Api.Services.ScheduledTaskService 系统监控任务执行完成: 系统资源监控 {}
[2026-04-23 00:00:01 INF] Preferred.Api.Services.ScheduledTaskService 手动执行定时任务成功: 系统资源监控 (SYSTEM_RESOURCE_MONITOR), 耗时: 1.10秒 {}
[2026-04-23 00:00:01 INF] Preferred.Api.Services.ScheduledTaskBackgroundService 定时任务执行完成: 1, 结果: 成功 {}
[2026-04-23 00:00:01 INF] Preferred.Api.Services.ScheduledTaskBackgroundService 定时任务 系统资源监控 已安排在 2026-04-23 00:05:00 执行 {}
[2026-04-23 00:05:00 INF] Preferred.Api.Services.ScheduledTaskBackgroundService 开始执行定时任务: 1 {}
[2026-04-23 00:05:00 INF] Preferred.Api.Services.ScheduledTaskService 开始手动执行定时任务: 系统资源监控 (SYSTEM_RESOURCE_MONITOR) {}
[2026-04-23 00:05:00 INF] Preferred.Api.Services.ScheduledTaskService 执行系统监控任务: 系统资源监控 {}
[2026-04-23 00:05:00 INF] Preferred.Api.Services.SystemMonitorService 系统监控服务已初始化 - 操作系统: Windows {}
[2026-04-23 00:05:00 INF] Preferred.Api.Services.SystemMonitorService 开始执行系统资源监控... {}
[2026-04-23 00:05:01 DBG] Preferred.Api.Services.SystemMonitorService 进程估算内存使用率 - 进程总内存: 11.00GB, 估算总内存: 17.81GB, 使用率: 66.67% {}
[2026-04-23 00:05:01 DBG] Preferred.Api.Services.SystemMonitorService 尝试获取Windows磁盘使用情况: C:\ {}
[2026-04-23 00:05:01 DBG] Preferred.Api.Services.SystemMonitorService 磁盘 C:\ - 总计: 400.00GB, 已用: 114.00GB, 使用率: 28.67% {}
[2026-04-23 00:05:01 INF] Preferred.Api.Services.SystemMonitorService 系统资源监控 - 配置磁盘: auto, 实际监控: C:\, CPU: 0.00%, 内存: 66.67%, 磁盘: 28.67%, 使用内存: 123131490304 {}
[2026-04-23 00:05:01 INF] Preferred.Api.Services.SystemMonitorService 系统资源监控数据保存成功 - CPU: 0.00%, 内存: 66.67%, 磁盘: 28.67% {}
[2026-04-23 00:05:01 INF] Preferred.Api.Services.ScheduledTaskService 系统监控任务执行完成: 系统资源监控 {}
[2026-04-23 00:05:01 INF] Preferred.Api.Services.ScheduledTaskService 手动执行定时任务成功: 系统资源监控 (SYSTEM_RESOURCE_MONITOR), 耗时: 1.09秒 {}
[2026-04-23 00:05:01 INF] Preferred.Api.Services.ScheduledTaskBackgroundService 定时任务执行完成: 1, 结果: 成功 {}
[2026-04-23 00:05:01 INF] Preferred.Api.Services.ScheduledTaskBackgroundService 定时任务 系统资源监控 已安排在 2026-04-23 00:10:00 执行 {}
[2026-04-23 00:10:00 INF] Preferred.Api.Services.ScheduledTaskBackgroundService 开始执行定时任务: 1 {}
[2026-04-23 00:10:00 INF] Preferred.Api.Services.ScheduledTaskService 开始手动执行定时任务: 系统资源监控 (SYSTEM_RESOURCE_MONITOR) {}
[2026-04-23 00:10:00 INF] Preferred.Api.Services.ScheduledTaskService 执行系统监控任务: 系统资源监控 {}
[2026-04-23 00:10:00 INF] Preferred.Api.Services.SystemMonitorService 系统监控服务已初始化 - 操作系统: Windows {}
[2026-04-23 00:10:00 INF] Preferred.Api.Services.SystemMonitorService 开始执行系统资源监控... {}
[2026-04-23 00:10:01 DBG] Preferred.Api.Services.SystemMonitorService 进程估算内存使用率 - 进程总内存: 13.00GB, 估算总内存: 20.01GB, 使用率: 66.67% {}
[2026-04-23 00:10:01 DBG] Preferred.Api.Services.SystemMonitorService 尝试获取Windows磁盘使用情况: C:\ {}
[2026-04-23 00:10:01 DBG] Preferred.Api.Services.SystemMonitorService 磁盘 C:\ - 总计: 400.00GB, 已用: 114.00GB, 使用率: 28.68% {}
[2026-04-23 00:10:01 INF] Preferred.Api.Services.SystemMonitorService 系统资源监控 - 配置磁盘: auto, 实际监控: C:\, CPU: 0.00%, 内存: 66.67%, 磁盘: 28.68%, 使用内存: 123165495296 {}
[2026-04-23 00:10:01 INF] Preferred.Api.Services.SystemMonitorService 系统资源监控数据保存成功 - CPU: 0.00%, 内存: 66.67%, 磁盘: 28.68% {}
[2026-04-23 00:10:01 INF] Preferred.Api.Services.ScheduledTaskService 系统监控任务执行完成: 系统资源监控 {}
[2026-04-23 00:10:01 INF] Preferred.Api.Services.ScheduledTaskService 手动执行定时任务成功: 系统资源监控 (SYSTEM_RESOURCE_MONITOR), 耗时: 1.11秒 {}
[2026-04-23 00:10:01 INF] Preferred.Api.Services.ScheduledTaskBackgroundService 定时任务执行完成: 1, 结果: 成功 {}
[2026-04-23 00:10:01 INF] Preferred.Api.Services.ScheduledTaskBackgroundService 定时任务 系统资源监控 已安排在 2026-04-23 00:15:00 执行 {}
[2026-04-23 00:10:33 ERR] Microsoft.EntityFrameworkCore.Database.Connection An error occurred using the connection to database 'Db_PreferredData' on server '159.75.184.108'. {"EventId":{"Id":20004,"Name":"Microsoft.EntityFrameworkCore.Database.Connection.ConnectionError"},"ActionId":"7422b68e-ce76-43fa-afbc-561e6f72a688","ActionName":"Preferred.Api.Controllers.ZwavAnalysesController.GetListAsync (Preferred.Api)","RequestId":"0HNL0E7Q29J6J:00000040","RequestPath":"/api/ZwavAnalyses","ConnectionId":"0HNL0E7Q29J6J"}
[2026-04-23 00:10:34 ERR] Microsoft.EntityFrameworkCore.Query An exception occurred while iterating over the results of a query for context type 'Preferred.Api.Data.ApplicationDbContext'.
System.InvalidOperationException: An exception has been raised that is likely due to a transient failure. Consider enabling transient error resiliency by adding 'EnableRetryOnFailure()' to the 'UseMySql' call.
 ---> MySqlConnector.MySqlException (0x80004005): Unable to connect to any of the specified MySQL hosts.
   at MySqlConnector.Core.ServerSession.OpenTcpSocketAsync(ConnectionSettings cs, ILoadBalancer loadBalancer, Activity activity, IOBehavior ioBehavior, CancellationToken cancellationToken) in /_/src/MySqlConnector/Core/ServerSession.cs:line 1063
   at MySqlConnector.Core.ServerSession.ConnectAsync(ConnectionSettings cs, MySqlConnection connection, Int64 startingTimestamp, ILoadBalancer loadBalancer, Activity activity, IOBehavior ioBehavior, CancellationToken cancellationToken) in /_/src/MySqlConnector/Core/ServerSession.cs:line 425
   at MySqlConnector.Core.ConnectionPool.ConnectSessionAsync(MySqlConnection connection, Action`4 logMessage, Int64 startingTimestamp, Activity activity, IOBehavior ioBehavior, CancellationToken cancellationToken) in /_/src/MySqlConnector/Core/ConnectionPool.cs:line 428
   at MySqlConnector.Core.ConnectionPool.ConnectSessionAsync(MySqlConnection connection, Action`4 logMessage, Int64 startingTimestamp, Activity activity, IOBehavior ioBehavior, CancellationToken cancellationToken) in /_/src/MySqlConnector/Core/ConnectionPool.cs:line 433
   at MySqlConnector.Core.ConnectionPool.GetSessionAsync(MySqlConnection connection, Int64 startingTimestamp, Int32 timeoutMilliseconds, Activity activity, IOBehavior ioBehavior, CancellationToken cancellationToken) in /_/src/MySqlConnector/Core/ConnectionPool.cs:line 111
   at MySqlConnector.Core.ConnectionPool.GetSessionAsync(MySqlConnection connection, Int64 startingTimestamp, Int32 timeoutMilliseconds, Activity activity, IOBehavior ioBehavior, CancellationToken cancellationToken) in /_/src/MySqlConnector/Core/ConnectionPool.cs:line 144
   at MySqlConnector.MySqlConnection.CreateSessionAsync(ConnectionPool pool, Int64 startingTimestamp, Activity activity, Nullable`1 ioBehavior, CancellationToken cancellationToken) in /_/src/MySqlConnector/MySqlConnection.cs:line 919
   at MySqlConnector.MySqlConnection.OpenAsync(Nullable`1 ioBehavior, CancellationToken cancellationToken) in /_/src/MySqlConnector/MySqlConnection.cs:line 419
   at Microsoft.EntityFrameworkCore.Storage.RelationalConnection.OpenInternalAsync(Boolean errorsExpected, CancellationToken cancellationToken)
   at Microsoft.EntityFrameworkCore.Storage.RelationalConnection.OpenInternalAsync(Boolean errorsExpected, CancellationToken cancellationToken)
   at Microsoft.EntityFrameworkCore.Storage.RelationalConnection.OpenAsync(CancellationToken cancellationToken, Boolean errorsExpected)
   at Pomelo.EntityFrameworkCore.MySql.Storage.Internal.MySqlRelationalConnection.OpenAsync(CancellationToken cancellationToken, Boolean errorsExpected)
   at Microsoft.EntityFrameworkCore.Storage.RelationalCommand.ExecuteReaderAsync(RelationalCommandParameterObject parameterObject, CancellationToken cancellationToken)
   at Microsoft.EntityFrameworkCore.Query.Internal.SingleQueryingEnumerable`1.AsyncEnumerator.InitializeReaderAsync(AsyncEnumerator enumerator, CancellationToken cancellationToken)
   at Pomelo.EntityFrameworkCore.MySql.Storage.Internal.MySqlExecutionStrategy.ExecuteAsync[TState,TResult](TState state, Func`4 operation, Func`4 verifySucceeded, CancellationToken cancellationToken)
   --- End of inner exception stack trace ---
   at Pomelo.EntityFrameworkCore.MySql.Storage.Internal.MySqlExecutionStrategy.ExecuteAsync[TState,TResult](TState state, Func`4 operation, Func`4 verifySucceeded, CancellationToken cancellationToken)
   at Microsoft.EntityFrameworkCore.Query.Internal.SingleQueryingEnumerable`1.AsyncEnumerator.MoveNextAsync() {"EventId":{"Id":10100,"Name":"Microsoft.EntityFrameworkCore.Query.QueryIterationFailed"},"ActionId":"7422b68e-ce76-43fa-afbc-561e6f72a688","ActionName":"Preferred.Api.Controllers.ZwavAnalysesController.GetListAsync (Preferred.Api)","RequestId":"0HNL0E7Q29J6J:00000040","RequestPath":"/api/ZwavAnalyses","ConnectionId":"0HNL0E7Q29J6J"}
System.InvalidOperationException: An exception has been raised that is likely due to a transient failure. Consider enabling transient error resiliency by adding 'EnableRetryOnFailure()' to the 'UseMySql' call.
 ---> MySqlConnector.MySqlException (0x80004005): Unable to connect to any of the specified MySQL hosts.
   at MySqlConnector.Core.ServerSession.OpenTcpSocketAsync(ConnectionSettings cs, ILoadBalancer loadBalancer, Activity activity, IOBehavior ioBehavior, CancellationToken cancellationToken) in /_/src/MySqlConnector/Core/ServerSession.cs:line 1063
   at MySqlConnector.Core.ServerSession.ConnectAsync(ConnectionSettings cs, MySqlConnection connection, Int64 startingTimestamp, ILoadBalancer loadBalancer, Activity activity, IOBehavior ioBehavior, CancellationToken cancellationToken) in /_/src/MySqlConnector/Core/ServerSession.cs:line 425
   at MySqlConnector.Core.ConnectionPool.ConnectSessionAsync(MySqlConnection connection, Action`4 logMessage, Int64 startingTimestamp, Activity activity, IOBehavior ioBehavior, CancellationToken cancellationToken) in /_/src/MySqlConnector/Core/ConnectionPool.cs:line 428
   at MySqlConnector.Core.ConnectionPool.ConnectSessionAsync(MySqlConnection connection, Action`4 logMessage, Int64 startingTimestamp, Activity activity, IOBehavior ioBehavior, CancellationToken cancellationToken) in /_/src/MySqlConnector/Core/ConnectionPool.cs:line 433
   at MySqlConnector.Core.ConnectionPool.GetSessionAsync(MySqlConnection connection, Int64 startingTimestamp, Int32 timeoutMilliseconds, Activity activity, IOBehavior ioBehavior, CancellationToken cancellationToken) in /_/src/MySqlConnector/Core/ConnectionPool.cs:line 111
   at MySqlConnector.Core.ConnectionPool.GetSessionAsync(MySqlConnection connection, Int64 startingTimestamp, Int32 timeoutMilliseconds, Activity activity, IOBehavior ioBehavior, CancellationToken cancellationToken) in /_/src/MySqlConnector/Core/ConnectionPool.cs:line 144
   at MySqlConnector.MySqlConnection.CreateSessionAsync(ConnectionPool pool, Int64 startingTimestamp, Activity activity, Nullable`1 ioBehavior, CancellationToken cancellationToken) in /_/src/MySqlConnector/MySqlConnection.cs:line 919
   at MySqlConnector.MySqlConnection.OpenAsync(Nullable`1 ioBehavior, CancellationToken cancellationToken) in /_/src/MySqlConnector/MySqlConnection.cs:line 419
   at Microsoft.EntityFrameworkCore.Storage.RelationalConnection.OpenInternalAsync(Boolean errorsExpected, CancellationToken cancellationToken)
   at Microsoft.EntityFrameworkCore.Storage.RelationalConnection.OpenInternalAsync(Boolean errorsExpected, CancellationToken cancellationToken)
   at Microsoft.EntityFrameworkCore.Storage.RelationalConnection.OpenAsync(CancellationToken cancellationToken, Boolean errorsExpected)
   at Pomelo.EntityFrameworkCore.MySql.Storage.Internal.MySqlRelationalConnection.OpenAsync(CancellationToken cancellationToken, Boolean errorsExpected)
   at Microsoft.EntityFrameworkCore.Storage.RelationalCommand.ExecuteReaderAsync(RelationalCommandParameterObject parameterObject, CancellationToken cancellationToken)
   at Microsoft.EntityFrameworkCore.Query.Internal.SingleQueryingEnumerable`1.AsyncEnumerator.InitializeReaderAsync(AsyncEnumerator enumerator, CancellationToken cancellationToken)
   at Pomelo.EntityFrameworkCore.MySql.Storage.Internal.MySqlExecutionStrategy.ExecuteAsync[TState,TResult](TState state, Func`4 operation, Func`4 verifySucceeded, CancellationToken cancellationToken)
   --- End of inner exception stack trace ---
   at Pomelo.EntityFrameworkCore.MySql.Storage.Internal.MySqlExecutionStrategy.ExecuteAsync[TState,TResult](TState state, Func`4 operation, Func`4 verifySucceeded, CancellationToken cancellationToken)
   at Microsoft.EntityFrameworkCore.Query.Internal.SingleQueryingEnumerable`1.AsyncEnumerator.MoveNextAsync()
[2026-04-23 00:15:00 INF] Preferred.Api.Services.ScheduledTaskBackgroundService 开始执行定时任务: 1 {}
[2026-04-23 00:15:00 INF] Preferred.Api.Services.ScheduledTaskService 开始手动执行定时任务: 系统资源监控 (SYSTEM_RESOURCE_MONITOR) {}
[2026-04-23 00:15:00 INF] Preferred.Api.Services.ScheduledTaskService 执行系统监控任务: 系统资源监控 {}
[2026-04-23 00:15:00 INF] Preferred.Api.Services.SystemMonitorService 系统监控服务已初始化 - 操作系统: Windows {}
[2026-04-23 00:15:00 INF] Preferred.Api.Services.SystemMonitorService 开始执行系统资源监控... {}
[2026-04-23 00:15:01 DBG] Preferred.Api.Services.SystemMonitorService 进程估算内存使用率 - 进程总内存: 13.00GB, 估算总内存: 20.64GB, 使用率: 66.67% {}
[2026-04-23 00:15:01 DBG] Preferred.Api.Services.SystemMonitorService 尝试获取Windows磁盘使用情况: C:\ {}
[2026-04-23 00:15:01 DBG] Preferred.Api.Services.SystemMonitorService 磁盘 C:\ - 总计: 400.00GB, 已用: 114.00GB, 使用率: 28.67% {}
[2026-04-23 00:15:01 INF] Preferred.Api.Services.SystemMonitorService 系统资源监控 - 配置磁盘: auto, 实际监控: C:\, CPU: 0.00%, 内存: 66.67%, 磁盘: 28.67%, 使用内存: 123157520384 {}
[2026-04-23 00:15:01 INF] Preferred.Api.Services.SystemMonitorService 系统资源监控数据保存成功 - CPU: 0.00%, 内存: 66.67%, 磁盘: 28.67% {}
[2026-04-23 00:15:01 INF] Preferred.Api.Services.ScheduledTaskService 系统监控任务执行完成: 系统资源监控 {}
[2026-04-23 00:15:01 INF] Preferred.Api.Services.ScheduledTaskService 手动执行定时任务成功: 系统资源监控 (SYSTEM_RESOURCE_MONITOR), 耗时: 1.15秒 {}
[2026-04-23 00:15:01 INF] Preferred.Api.Services.ScheduledTaskBackgroundService 定时任务执行完成: 1, 结果: 成功 {}
[2026-04-23 00:15:01 INF] Preferred.Api.Services.ScheduledTaskBackgroundService 定时任务 系统资源监控 已安排在 2026-04-23 00:20:00 执行 {}
[2026-04-23 00:19:59 INF] Preferred.Api.Services.ScheduledTaskBackgroundService 开始执行定时任务: 1 {}
[2026-04-23 00:20:00 INF] Preferred.Api.Services.ScheduledTaskService 开始手动执行定时任务: 系统资源监控 (SYSTEM_RESOURCE_MONITOR) {}
[2026-04-23 00:20:00 INF] Preferred.Api.Services.ScheduledTaskService 执行系统监控任务: 系统资源监控 {}
[2026-04-23 00:20:00 INF] Preferred.Api.Services.SystemMonitorService 系统监控服务已初始化 - 操作系统: Windows {}
[2026-04-23 00:20:00 INF] Preferred.Api.Services.SystemMonitorService 开始执行系统资源监控... {}
[2026-04-23 00:20:01 DBG] Preferred.Api.Services.SystemMonitorService 进程估算内存使用率 - 进程总内存: 13.00GB, 估算总内存: 19.88GB, 使用率: 66.67% {}
[2026-04-23 00:20:01 DBG] Preferred.Api.Services.SystemMonitorService 尝试获取Windows磁盘使用情况: C:\ {}
[2026-04-23 00:20:01 DBG] Preferred.Api.Services.SystemMonitorService 磁盘 C:\ - 总计: 400.00GB, 已用: 114.00GB, 使用率: 28.67% {}
[2026-04-23 00:20:01 INF] Preferred.Api.Services.SystemMonitorService 系统资源监控 - 配置磁盘: auto, 实际监控: C:\, CPU: 0.00%, 内存: 66.67%, 磁盘: 28.67%, 使用内存: 123154870272 {}
[2026-04-23 00:20:01 INF] Preferred.Api.Services.SystemMonitorService 系统资源监控数据保存成功 - CPU: 0.00%, 内存: 66.67%, 磁盘: 28.67% {}
[2026-04-23 00:20:01 INF] Preferred.Api.Services.ScheduledTaskService 系统监控任务执行完成: 系统资源监控 {}
[2026-04-23 00:20:01 INF] Preferred.Api.Services.ScheduledTaskService 手动执行定时任务成功: 系统资源监控 (SYSTEM_RESOURCE_MONITOR), 耗时: 1.09秒 {}
[2026-04-23 00:20:01 INF] Preferred.Api.Services.ScheduledTaskBackgroundService 定时任务执行完成: 1, 结果: 成功 {}
[2026-04-23 00:20:01 INF] Preferred.Api.Services.ScheduledTaskBackgroundService 定时任务 系统资源监控 已安排在 2026-04-23 00:25:00 执行 {}
[2026-04-23 00:25:00 INF] Preferred.Api.Services.ScheduledTaskBackgroundService 开始执行定时任务: 1 {}
[2026-04-23 00:25:00 INF] Preferred.Api.Services.ScheduledTaskService 开始手动执行定时任务: 系统资源监控 (SYSTEM_RESOURCE_MONITOR) {}
[2026-04-23 00:25:00 INF] Preferred.Api.Services.ScheduledTaskService 执行系统监控任务: 系统资源监控 {}
[2026-04-23 00:25:00 INF] Preferred.Api.Services.SystemMonitorService 系统监控服务已初始化 - 操作系统: Windows {}
[2026-04-23 00:25:00 INF] Preferred.Api.Services.SystemMonitorService 开始执行系统资源监控... {}
[2026-04-23 00:25:01 DBG] Preferred.Api.Services.SystemMonitorService 进程估算内存使用率 - 进程总内存: 13.00GB, 估算总内存: 20.35GB, 使用率: 66.67% {}
[2026-04-23 00:25:01 DBG] Preferred.Api.Services.SystemMonitorService 尝试获取Windows磁盘使用情况: C:\ {}
[2026-04-23 00:25:01 DBG] Preferred.Api.Services.SystemMonitorService 磁盘 C:\ - 总计: 400.00GB, 已用: 114.00GB, 使用率: 28.72% {}
[2026-04-23 00:25:01 INF] Preferred.Api.Services.SystemMonitorService 系统资源监控 - 配置磁盘: auto, 实际监控: C:\, CPU: 0.00%, 内存: 66.67%, 磁盘: 28.72%, 使用内存: 123372765184 {}
[2026-04-23 00:25:01 INF] Preferred.Api.Services.SystemMonitorService 系统资源监控数据保存成功 - CPU: 0.00%, 内存: 66.67%, 磁盘: 28.72% {}
[2026-04-23 00:25:01 INF] Preferred.Api.Services.ScheduledTaskService 系统监控任务执行完成: 系统资源监控 {}
[2026-04-23 00:25:01 INF] Preferred.Api.Services.ScheduledTaskService 手动执行定时任务成功: 系统资源监控 (SYSTEM_RESOURCE_MONITOR), 耗时: 1.27秒 {}
[2026-04-23 00:25:01 INF] Preferred.Api.Services.ScheduledTaskBackgroundService 定时任务执行完成: 1, 结果: 成功 {}
[2026-04-23 00:25:01 INF] Preferred.Api.Services.ScheduledTaskBackgroundService 定时任务 系统资源监控 已安排在 2026-04-23 00:30:00 执行 {}
