[2025-12-26 23:26:08 INF]  应用程序启动中... {}
[2025-12-26 23:26:09 INF] Preferred.Api.Services.ScheduledTaskBackgroundService 定时任务后台服务已启动 {}
[2025-12-26 23:26:09 WRN] Microsoft.EntityFrameworkCore.Model.Validation The 'bool' property 'Enabled' on entity type 'ScheduledTask' is configured with a database-generated default. This default will always be used for inserts when the property has the value 'false', since this is the CLR default for the 'bool' type. Consider using the nullable 'bool?' type instead so that the default will only be used for inserts when the property value is 'null'. {"EventId":{"Id":20601,"Name":"Microsoft.EntityFrameworkCore.Model.Validation.BoolWithDefaultWarning"}}
[2025-12-26 23:26:10 INF] Microsoft.Hosting.Lifetime Now listening on: http://localhost:5000 {}
[2025-12-26 23:26:10 INF] Microsoft.Hosting.Lifetime Now listening on: https://localhost:5001 {}
[2025-12-26 23:26:10 INF] Microsoft.Hosting.Lifetime Application started. Press Ctrl+C to shut down. {}
[2025-12-26 23:26:10 INF] Microsoft.Hosting.Lifetime Hosting environment: Development {}
[2025-12-26 23:26:10 INF] Microsoft.Hosting.Lifetime Content root path: D:\github\preferredsummary\api\Preferred.Api {}
[2025-12-26 23:26:10 INF] Preferred.Api.Services.ScheduledTaskBackgroundService 定时任务 系统资源监控 已安排在 2025-12-26 23:30:00 执行 {}
[2025-12-26 23:27:30 ERR] Zwav.Application.Workers.AnalysisWorker Analysis failed. guid=f5a514e8-34a0-4cb4-9757-51460806f0c4 {}
System.ArgumentException: Object of type 'System.UInt16' cannot be converted to type 'System.Nullable`1[System.Int16]'.
   at System.RuntimeType.TryChangeType(Object value, Binder binder, CultureInfo culture, Boolean needsSpecialCast)
   at System.RuntimeType.CheckValue(Object value, Binder binder, CultureInfo culture, BindingFlags invokeAttr)
   at System.Reflection.MethodBase.CheckArguments(Object[] parameters, Binder binder, BindingFlags invokeAttr, CultureInfo culture, Signature sig)
   at System.Reflection.RuntimeMethodInfo.InvokeArgumentsCheck(Object obj, BindingFlags invokeAttr, Binder binder, Object[] parameters, CultureInfo culture)
   at System.Reflection.RuntimeMethodInfo.Invoke(Object obj, BindingFlags invokeAttr, Binder binder, Object[] parameters, CultureInfo culture)
   at System.Reflection.RuntimePropertyInfo.SetValue(Object obj, Object value, BindingFlags invokeAttr, Binder binder, Object[] index, CultureInfo culture)
   at System.Reflection.RuntimePropertyInfo.SetValue(Object obj, Object value, Object[] index)
   at System.Reflection.PropertyInfo.SetValue(Object obj, Object value)
   at Zwav.Application.Workers.AnalysisWorker.UpsertWaveDataAsync(ApplicationDbContext context, Int32 analysisId, WaveDataParseResult result, CancellationToken ct) in D:\github\preferredsummary\api\Preferred.Api\Helper\AnalysisWorker.cs:line 329
   at Zwav.Application.Workers.AnalysisWorker.ProcessOneAsync(String analysisGuid, CancellationToken ct) in D:\github\preferredsummary\api\Preferred.Api\Helper\AnalysisWorker.cs:line 150
   at Zwav.Application.Workers.AnalysisWorker.ExecuteAsync(CancellationToken stoppingToken) in D:\github\preferredsummary\api\Preferred.Api\Helper\AnalysisWorker.cs:line 45
[2025-12-26 23:28:17 INF]  应用程序启动中... {}
[2025-12-26 23:28:17 INF] Preferred.Api.Services.ScheduledTaskBackgroundService 定时任务后台服务已启动 {}
[2025-12-26 23:28:18 WRN] Microsoft.EntityFrameworkCore.Model.Validation The 'bool' property 'Enabled' on entity type 'ScheduledTask' is configured with a database-generated default. This default will always be used for inserts when the property has the value 'false', since this is the CLR default for the 'bool' type. Consider using the nullable 'bool?' type instead so that the default will only be used for inserts when the property value is 'null'. {"EventId":{"Id":20601,"Name":"Microsoft.EntityFrameworkCore.Model.Validation.BoolWithDefaultWarning"}}
[2025-12-26 23:28:19 INF] Microsoft.Hosting.Lifetime Now listening on: http://localhost:5000 {}
[2025-12-26 23:28:19 INF] Microsoft.Hosting.Lifetime Now listening on: https://localhost:5001 {}
[2025-12-26 23:28:19 INF] Microsoft.Hosting.Lifetime Application started. Press Ctrl+C to shut down. {}
[2025-12-26 23:28:19 INF] Microsoft.Hosting.Lifetime Hosting environment: Development {}
[2025-12-26 23:28:19 INF] Microsoft.Hosting.Lifetime Content root path: D:\github\preferredsummary\api\Preferred.Api {}
[2025-12-26 23:28:19 INF] Preferred.Api.Services.ScheduledTaskBackgroundService 定时任务 系统资源监控 已安排在 2025-12-26 23:30:00 执行 {}
[2025-12-26 23:28:37 ERR] Zwav.Application.Workers.AnalysisWorker Analysis failed. guid=f65509c0-e07a-41f1-a391-b323502d3d48 {}
System.ArgumentException: Object of type 'System.UInt16' cannot be converted to type 'System.Nullable`1[System.Int16]'.
   at System.RuntimeType.TryChangeType(Object value, Binder binder, CultureInfo culture, Boolean needsSpecialCast)
   at System.RuntimeType.CheckValue(Object value, Binder binder, CultureInfo culture, BindingFlags invokeAttr)
   at System.Reflection.MethodBase.CheckArguments(Object[] parameters, Binder binder, BindingFlags invokeAttr, CultureInfo culture, Signature sig)
   at System.Reflection.RuntimeMethodInfo.InvokeArgumentsCheck(Object obj, BindingFlags invokeAttr, Binder binder, Object[] parameters, CultureInfo culture)
   at System.Reflection.RuntimeMethodInfo.Invoke(Object obj, BindingFlags invokeAttr, Binder binder, Object[] parameters, CultureInfo culture)
   at System.Reflection.RuntimePropertyInfo.SetValue(Object obj, Object value, BindingFlags invokeAttr, Binder binder, Object[] index, CultureInfo culture)
   at System.Reflection.RuntimePropertyInfo.SetValue(Object obj, Object value, Object[] index)
   at System.Reflection.PropertyInfo.SetValue(Object obj, Object value)
   at Zwav.Application.Workers.AnalysisWorker.UpsertWaveDataAsync(ApplicationDbContext context, Int32 analysisId, WaveDataParseResult result, CancellationToken ct) in D:\github\preferredsummary\api\Preferred.Api\Helper\AnalysisWorker.cs:line 330
   at Zwav.Application.Workers.AnalysisWorker.ProcessOneAsync(String analysisGuid, CancellationToken ct) in D:\github\preferredsummary\api\Preferred.Api\Helper\AnalysisWorker.cs:line 150
   at Zwav.Application.Workers.AnalysisWorker.ExecuteAsync(CancellationToken stoppingToken) in D:\github\preferredsummary\api\Preferred.Api\Helper\AnalysisWorker.cs:line 45
[2025-12-26 23:30:01 INF] Preferred.Api.Services.ScheduledTaskBackgroundService 开始执行定时任务: 1 {}
[2025-12-26 23:30:20 ERR] Zwav.Application.Workers.AnalysisWorker Analysis failed. guid=dad26789-757f-4060-8341-1756029f6974 {}
System.ArgumentException: Object of type 'System.UInt16' cannot be converted to type 'System.Nullable`1[System.Int16]'.
   at System.RuntimeType.TryChangeType(Object value, Binder binder, CultureInfo culture, Boolean needsSpecialCast)
   at System.RuntimeType.CheckValue(Object value, Binder binder, CultureInfo culture, BindingFlags invokeAttr)
   at System.Reflection.MethodBase.CheckArguments(Object[] parameters, Binder binder, BindingFlags invokeAttr, CultureInfo culture, Signature sig)
   at System.Reflection.RuntimeMethodInfo.InvokeArgumentsCheck(Object obj, BindingFlags invokeAttr, Binder binder, Object[] parameters, CultureInfo culture)
   at System.Reflection.RuntimeMethodInfo.Invoke(Object obj, BindingFlags invokeAttr, Binder binder, Object[] parameters, CultureInfo culture)
   at System.Reflection.RuntimePropertyInfo.SetValue(Object obj, Object value, BindingFlags invokeAttr, Binder binder, Object[] index, CultureInfo culture)
   at System.Reflection.RuntimePropertyInfo.SetValue(Object obj, Object value, Object[] index)
   at System.Reflection.PropertyInfo.SetValue(Object obj, Object value)
   at Zwav.Application.Workers.AnalysisWorker.UpsertWaveDataAsync(ApplicationDbContext context, Int32 analysisId, WaveDataParseResult result, CancellationToken ct) in D:\github\preferredsummary\api\Preferred.Api\Helper\AnalysisWorker.cs:line 330
   at Zwav.Application.Workers.AnalysisWorker.ProcessOneAsync(String analysisGuid, CancellationToken ct) in D:\github\preferredsummary\api\Preferred.Api\Helper\AnalysisWorker.cs:line 150
   at Zwav.Application.Workers.AnalysisWorker.ExecuteAsync(CancellationToken stoppingToken) in D:\github\preferredsummary\api\Preferred.Api\Helper\AnalysisWorker.cs:line 45
[2025-12-26 23:30:21 INF] Preferred.Api.Services.ScheduledTaskService 开始手动执行定时任务: 系统资源监控 (SYSTEM_RESOURCE_MONITOR) {}
[2025-12-26 23:30:21 INF] Preferred.Api.Services.ScheduledTaskService 执行系统监控任务: 系统资源监控 {}
[2025-12-26 23:30:21 INF] Preferred.Api.Services.SystemMonitorService 系统监控服务已初始化 - 操作系统: Windows {}
[2025-12-26 23:30:21 INF] Preferred.Api.Services.SystemMonitorService 开始执行系统资源监控... {}
[2025-12-26 23:30:22 DBG] Preferred.Api.Services.SystemMonitorService 进程估算内存使用率 - 进程总内存: 15.00GB, 估算总内存: 23.76GB, 使用率: 66.67% {}
[2025-12-26 23:30:22 DBG] Preferred.Api.Services.SystemMonitorService 尝试获取Windows磁盘使用情况: C:\ {}
[2025-12-26 23:30:22 DBG] Preferred.Api.Services.SystemMonitorService 磁盘 C:\ - 总计: 400.00GB, 已用: 113.00GB, 使用率: 28.36% {}
[2025-12-26 23:30:22 INF] Preferred.Api.Services.SystemMonitorService 系统资源监控 - 配置磁盘: auto, 实际监控: C:\, CPU: 0.10%, 内存: 66.67%, 磁盘: 28.36%, 使用内存: 121786716160 {}
[2025-12-26 23:30:22 INF] Preferred.Api.Services.SystemMonitorService 系统资源监控数据保存成功 - CPU: 0.10%, 内存: 66.67%, 磁盘: 28.36% {}
[2025-12-26 23:30:22 INF] Preferred.Api.Services.ScheduledTaskService 系统监控任务执行完成: 系统资源监控 {}
[2025-12-26 23:30:22 INF] Preferred.Api.Services.ScheduledTaskService 手动执行定时任务成功: 系统资源监控 (SYSTEM_RESOURCE_MONITOR), 耗时: 1.18秒 {}
[2025-12-26 23:30:22 INF] Preferred.Api.Services.ScheduledTaskBackgroundService 定时任务执行完成: 1, 结果: 成功 {}
[2025-12-26 23:30:22 INF] Preferred.Api.Services.ScheduledTaskBackgroundService 定时任务 系统资源监控 已安排在 2025-12-26 23:35:00 执行 {}
[2025-12-26 23:32:12 ERR] Zwav.Application.Workers.AnalysisWorker Analysis failed. guid=724cb817-11f6-415a-9d22-3417aa432684 {}
System.ArgumentException: Object of type 'System.UInt16' cannot be converted to type 'System.Nullable`1[System.Int16]'.
   at System.RuntimeType.TryChangeType(Object value, Binder binder, CultureInfo culture, Boolean needsSpecialCast)
   at System.RuntimeType.CheckValue(Object value, Binder binder, CultureInfo culture, BindingFlags invokeAttr)
   at System.Reflection.MethodBase.CheckArguments(Object[] parameters, Binder binder, BindingFlags invokeAttr, CultureInfo culture, Signature sig)
   at System.Reflection.RuntimeMethodInfo.InvokeArgumentsCheck(Object obj, BindingFlags invokeAttr, Binder binder, Object[] parameters, CultureInfo culture)
   at System.Reflection.RuntimeMethodInfo.Invoke(Object obj, BindingFlags invokeAttr, Binder binder, Object[] parameters, CultureInfo culture)
   at System.Reflection.RuntimePropertyInfo.SetValue(Object obj, Object value, BindingFlags invokeAttr, Binder binder, Object[] index, CultureInfo culture)
   at System.Reflection.RuntimePropertyInfo.SetValue(Object obj, Object value, Object[] index)
   at System.Reflection.PropertyInfo.SetValue(Object obj, Object value)
   at Zwav.Application.Workers.AnalysisWorker.UpsertWaveDataAsync(ApplicationDbContext context, Int32 analysisId, WaveDataParseResult result, CancellationToken ct) in D:\github\preferredsummary\api\Preferred.Api\Helper\AnalysisWorker.cs:line 330
   at Zwav.Application.Workers.AnalysisWorker.ProcessOneAsync(String analysisGuid, CancellationToken ct) in D:\github\preferredsummary\api\Preferred.Api\Helper\AnalysisWorker.cs:line 150
   at Zwav.Application.Workers.AnalysisWorker.ExecuteAsync(CancellationToken stoppingToken) in D:\github\preferredsummary\api\Preferred.Api\Helper\AnalysisWorker.cs:line 45
[2025-12-26 23:33:49 INF]  应用程序启动中... {}
[2025-12-26 23:33:50 INF] Preferred.Api.Services.ScheduledTaskBackgroundService 定时任务后台服务已启动 {}
[2025-12-26 23:33:51 WRN] Microsoft.EntityFrameworkCore.Model.Validation The 'bool' property 'Enabled' on entity type 'ScheduledTask' is configured with a database-generated default. This default will always be used for inserts when the property has the value 'false', since this is the CLR default for the 'bool' type. Consider using the nullable 'bool?' type instead so that the default will only be used for inserts when the property value is 'null'. {"EventId":{"Id":20601,"Name":"Microsoft.EntityFrameworkCore.Model.Validation.BoolWithDefaultWarning"}}
[2025-12-26 23:33:51 INF] Microsoft.Hosting.Lifetime Now listening on: http://localhost:5000 {}
[2025-12-26 23:33:51 INF] Microsoft.Hosting.Lifetime Now listening on: https://localhost:5001 {}
[2025-12-26 23:33:51 INF] Microsoft.Hosting.Lifetime Application started. Press Ctrl+C to shut down. {}
[2025-12-26 23:33:51 INF] Microsoft.Hosting.Lifetime Hosting environment: Development {}
[2025-12-26 23:33:51 INF] Microsoft.Hosting.Lifetime Content root path: D:\github\preferredsummary\api\Preferred.Api {}
[2025-12-26 23:33:51 INF] Preferred.Api.Services.ScheduledTaskBackgroundService 定时任务 系统资源监控 已安排在 2025-12-26 23:35:00 执行 {}
[2025-12-26 23:35:00 INF] Preferred.Api.Services.ScheduledTaskBackgroundService 开始执行定时任务: 1 {}
[2025-12-26 23:35:00 INF] Preferred.Api.Services.ScheduledTaskService 开始手动执行定时任务: 系统资源监控 (SYSTEM_RESOURCE_MONITOR) {}
[2025-12-26 23:35:00 INF] Preferred.Api.Services.ScheduledTaskService 执行系统监控任务: 系统资源监控 {}
[2025-12-26 23:35:00 INF] Preferred.Api.Services.SystemMonitorService 系统监控服务已初始化 - 操作系统: Windows {}
[2025-12-26 23:35:00 INF] Preferred.Api.Services.SystemMonitorService 开始执行系统资源监控... {}
[2025-12-26 23:35:01 DBG] Preferred.Api.Services.SystemMonitorService 进程估算内存使用率 - 进程总内存: 15.00GB, 估算总内存: 23.95GB, 使用率: 66.67% {}
[2025-12-26 23:35:01 DBG] Preferred.Api.Services.SystemMonitorService 尝试获取Windows磁盘使用情况: C:\ {}
[2025-12-26 23:35:01 DBG] Preferred.Api.Services.SystemMonitorService 磁盘 C:\ - 总计: 400.00GB, 已用: 113.00GB, 使用率: 28.35% {}
[2025-12-26 23:35:01 INF] Preferred.Api.Services.SystemMonitorService 系统资源监控 - 配置磁盘: auto, 实际监控: C:\, CPU: 2.72%, 内存: 66.67%, 磁盘: 28.35%, 使用内存: 121774485504 {}
[2025-12-26 23:35:01 INF] Preferred.Api.Services.SystemMonitorService 系统资源监控数据保存成功 - CPU: 2.72%, 内存: 66.67%, 磁盘: 28.35% {}
[2025-12-26 23:35:01 INF] Preferred.Api.Services.ScheduledTaskService 系统监控任务执行完成: 系统资源监控 {}
[2025-12-26 23:35:01 INF] Preferred.Api.Services.ScheduledTaskService 手动执行定时任务成功: 系统资源监控 (SYSTEM_RESOURCE_MONITOR), 耗时: 1.21秒 {}
[2025-12-26 23:35:01 INF] Preferred.Api.Services.ScheduledTaskBackgroundService 定时任务执行完成: 1, 结果: 成功 {}
[2025-12-26 23:35:01 INF] Preferred.Api.Services.ScheduledTaskBackgroundService 定时任务 系统资源监控 已安排在 2025-12-26 23:40:00 执行 {}
[2025-12-26 23:37:21 ERR] Zwav.Application.Workers.AnalysisWorker Analysis failed. guid=aea0576a-d76f-4ecc-b1ed-c16a5e2eb28c {}
Microsoft.EntityFrameworkCore.DbUpdateConcurrencyException: Database operation expected to affect 1 row(s) but actually affected 0 row(s). Data may have been modified or deleted since entities were loaded. See http://go.microsoft.com/fwlink/?LinkId=527962 for information on understanding and handling optimistic concurrency exceptions.
   at Microsoft.EntityFrameworkCore.Update.AffectedCountModificationCommandBatch.ThrowAggregateUpdateConcurrencyException(Int32 commandIndex, Int32 expectedRowsAffected, Int32 rowsAffected)
   at Microsoft.EntityFrameworkCore.Update.AffectedCountModificationCommandBatch.ConsumeResultSetWithoutPropagationAsync(Int32 commandIndex, RelationalDataReader reader, CancellationToken cancellationToken)
   at Microsoft.EntityFrameworkCore.Update.AffectedCountModificationCommandBatch.ConsumeAsync(RelationalDataReader reader, CancellationToken cancellationToken)
   at Microsoft.EntityFrameworkCore.Update.ReaderModificationCommandBatch.ExecuteAsync(IRelationalConnection connection, CancellationToken cancellationToken)
   at Microsoft.EntityFrameworkCore.Update.ReaderModificationCommandBatch.ExecuteAsync(IRelationalConnection connection, CancellationToken cancellationToken)
   at Microsoft.EntityFrameworkCore.Update.Internal.BatchExecutor.ExecuteAsync(IEnumerable`1 commandBatches, IRelationalConnection connection, CancellationToken cancellationToken)
   at Microsoft.EntityFrameworkCore.Update.Internal.BatchExecutor.ExecuteAsync(IEnumerable`1 commandBatches, IRelationalConnection connection, CancellationToken cancellationToken)
   at Microsoft.EntityFrameworkCore.ChangeTracking.Internal.StateManager.SaveChangesAsync(IList`1 entriesToSave, CancellationToken cancellationToken)
   at Microsoft.EntityFrameworkCore.ChangeTracking.Internal.StateManager.SaveChangesAsync(DbContext _, Boolean acceptAllChangesOnSuccess, CancellationToken cancellationToken)
   at Pomelo.EntityFrameworkCore.MySql.Storage.Internal.MySqlExecutionStrategy.ExecuteAsync[TState,TResult](TState state, Func`4 operation, Func`4 verifySucceeded, CancellationToken cancellationToken)
   at Microsoft.EntityFrameworkCore.DbContext.SaveChangesAsync(Boolean acceptAllChangesOnSuccess, CancellationToken cancellationToken)
   at Zwav.Application.Workers.AnalysisWorker.UpdateStatusAsync(ApplicationDbContext context, ZwavAnalysis analysis, String status, Int32 progress, String errorMessage, Nullable`1 startTime, Nullable`1 finishTime, CancellationToken ct) in D:\github\preferredsummary\api\Preferred.Api\Helper\AnalysisWorker.cs:line 177
   at Zwav.Application.Workers.AnalysisWorker.ProcessOneAsync(String analysisGuid, CancellationToken ct) in D:\github\preferredsummary\api\Preferred.Api\Helper\AnalysisWorker.cs:line 152
   at Zwav.Application.Workers.AnalysisWorker.ExecuteAsync(CancellationToken stoppingToken) in D:\github\preferredsummary\api\Preferred.Api\Helper\AnalysisWorker.cs:line 45
[2025-12-26 23:37:21 ERR] Zwav.Application.Workers.AnalysisWorker Analysis failed. guid=ce7944e1-dc4e-4d91-b59a-375a517a865b {}
System.NullReferenceException: Object reference not set to an instance of an object.
   at Zwav.Application.Workers.AnalysisWorker.UpsertHdrAsync(ApplicationDbContext context, Int32 analysisId, HdrParseResult hdr, CancellationToken ct) in D:\github\preferredsummary\api\Preferred.Api\Helper\AnalysisWorker.cs:line 235
   at Zwav.Application.Workers.AnalysisWorker.ProcessOneAsync(String analysisGuid, CancellationToken ct) in D:\github\preferredsummary\api\Preferred.Api\Helper\AnalysisWorker.cs:line 126
   at Zwav.Application.Workers.AnalysisWorker.ExecuteAsync(CancellationToken stoppingToken) in D:\github\preferredsummary\api\Preferred.Api\Helper\AnalysisWorker.cs:line 45
[2025-12-26 23:40:43 INF]  应用程序启动中... {}
[2025-12-26 23:40:44 INF] Preferred.Api.Services.ScheduledTaskBackgroundService 定时任务后台服务已启动 {}
[2025-12-26 23:40:44 WRN] Microsoft.EntityFrameworkCore.Model.Validation The 'bool' property 'Enabled' on entity type 'ScheduledTask' is configured with a database-generated default. This default will always be used for inserts when the property has the value 'false', since this is the CLR default for the 'bool' type. Consider using the nullable 'bool?' type instead so that the default will only be used for inserts when the property value is 'null'. {"EventId":{"Id":20601,"Name":"Microsoft.EntityFrameworkCore.Model.Validation.BoolWithDefaultWarning"}}
[2025-12-26 23:40:45 INF] Microsoft.Hosting.Lifetime Now listening on: http://localhost:5000 {}
[2025-12-26 23:40:45 INF] Microsoft.Hosting.Lifetime Now listening on: https://localhost:5001 {}
[2025-12-26 23:40:45 INF] Microsoft.Hosting.Lifetime Application started. Press Ctrl+C to shut down. {}
[2025-12-26 23:40:45 INF] Microsoft.Hosting.Lifetime Hosting environment: Development {}
[2025-12-26 23:40:45 INF] Microsoft.Hosting.Lifetime Content root path: D:\github\preferredsummary\api\Preferred.Api {}
[2025-12-26 23:40:45 INF] Preferred.Api.Services.ScheduledTaskBackgroundService 定时任务 系统资源监控 已安排在 2025-12-26 23:45:00 执行 {}
[2025-12-26 23:42:16 INF]  应用程序启动中... {}
[2025-12-26 23:42:17 INF] Preferred.Api.Services.ScheduledTaskBackgroundService 定时任务后台服务已启动 {}
[2025-12-26 23:42:17 WRN] Microsoft.EntityFrameworkCore.Model.Validation The 'bool' property 'Enabled' on entity type 'ScheduledTask' is configured with a database-generated default. This default will always be used for inserts when the property has the value 'false', since this is the CLR default for the 'bool' type. Consider using the nullable 'bool?' type instead so that the default will only be used for inserts when the property value is 'null'. {"EventId":{"Id":20601,"Name":"Microsoft.EntityFrameworkCore.Model.Validation.BoolWithDefaultWarning"}}
[2025-12-26 23:42:18 INF] Microsoft.Hosting.Lifetime Now listening on: http://localhost:5000 {}
[2025-12-26 23:42:18 INF] Microsoft.Hosting.Lifetime Now listening on: https://localhost:5001 {}
[2025-12-26 23:42:18 INF] Microsoft.Hosting.Lifetime Application started. Press Ctrl+C to shut down. {}
[2025-12-26 23:42:18 INF] Microsoft.Hosting.Lifetime Hosting environment: Development {}
[2025-12-26 23:42:18 INF] Microsoft.Hosting.Lifetime Content root path: D:\github\preferredsummary\api\Preferred.Api {}
[2025-12-26 23:42:18 INF] Preferred.Api.Services.ScheduledTaskBackgroundService 定时任务 系统资源监控 已安排在 2025-12-26 23:45:00 执行 {}
