[2026-03-26 00:00:00 INF] Preferred.Api.Services.ScheduledTaskBackgroundService 开始执行定时任务: 1 {}
[2026-03-26 00:00:00 INF] Preferred.Api.Services.ScheduledTaskService 开始手动执行定时任务: 系统资源监控 (SYSTEM_RESOURCE_MONITOR) {}
[2026-03-26 00:00:00 INF] Preferred.Api.Services.ScheduledTaskService 执行系统监控任务: 系统资源监控 {}
[2026-03-26 00:00:00 INF] Preferred.Api.Services.SystemMonitorService 系统监控服务已初始化 - 操作系统: Windows {}
[2026-03-26 00:00:00 INF] Preferred.Api.Services.SystemMonitorService 开始执行系统资源监控... {}
[2026-03-26 00:00:01 DBG] Preferred.Api.Services.SystemMonitorService 进程估算内存使用率 - 进程总内存: 15.00GB, 估算总内存: 23.17GB, 使用率: 66.67% {}
[2026-03-26 00:00:01 DBG] Preferred.Api.Services.SystemMonitorService 尝试获取Windows磁盘使用情况: C:\ {}
[2026-03-26 00:00:01 DBG] Preferred.Api.Services.SystemMonitorService 磁盘 C:\ - 总计: 400.00GB, 已用: 147.00GB, 使用率: 36.99% {}
[2026-03-26 00:00:01 INF] Preferred.Api.Services.SystemMonitorService 系统资源监控 - 配置磁盘: auto, 实际监控: C:\, CPU: 0.00%, 内存: 66.67%, 磁盘: 36.99%, 使用内存: 158854868992 {}
[2026-03-26 00:00:01 INF] Preferred.Api.Services.SystemMonitorService 系统资源监控数据保存成功 - CPU: 0.00%, 内存: 66.67%, 磁盘: 36.99% {}
[2026-03-26 00:00:01 INF] Preferred.Api.Services.ScheduledTaskService 系统监控任务执行完成: 系统资源监控 {}
[2026-03-26 00:00:01 INF] Preferred.Api.Services.ScheduledTaskService 手动执行定时任务成功: 系统资源监控 (SYSTEM_RESOURCE_MONITOR), 耗时: 1.12秒 {}
[2026-03-26 00:00:01 INF] Preferred.Api.Services.ScheduledTaskBackgroundService 定时任务执行完成: 1, 结果: 成功 {}
[2026-03-26 00:00:01 INF] Preferred.Api.Services.ScheduledTaskBackgroundService 定时任务 系统资源监控 已安排在 2026-03-26 00:05:00 执行 {}
[2026-03-26 00:05:00 INF] Preferred.Api.Services.ScheduledTaskBackgroundService 开始执行定时任务: 1 {}
[2026-03-26 00:05:00 INF] Preferred.Api.Services.ScheduledTaskService 开始手动执行定时任务: 系统资源监控 (SYSTEM_RESOURCE_MONITOR) {}
[2026-03-26 00:05:00 INF] Preferred.Api.Services.ScheduledTaskService 执行系统监控任务: 系统资源监控 {}
[2026-03-26 00:05:00 INF] Preferred.Api.Services.SystemMonitorService 系统监控服务已初始化 - 操作系统: Windows {}
[2026-03-26 00:05:00 INF] Preferred.Api.Services.SystemMonitorService 开始执行系统资源监控... {}
[2026-03-26 00:05:01 DBG] Preferred.Api.Services.SystemMonitorService 进程估算内存使用率 - 进程总内存: 15.00GB, 估算总内存: 23.50GB, 使用率: 66.67% {}
[2026-03-26 00:05:01 DBG] Preferred.Api.Services.SystemMonitorService 尝试获取Windows磁盘使用情况: C:\ {}
[2026-03-26 00:05:01 DBG] Preferred.Api.Services.SystemMonitorService 磁盘 C:\ - 总计: 400.00GB, 已用: 147.00GB, 使用率: 37.00% {}
[2026-03-26 00:05:01 INF] Preferred.Api.Services.SystemMonitorService 系统资源监控 - 配置磁盘: auto, 实际监控: C:\, CPU: 0.29%, 内存: 66.67%, 磁盘: 37.00%, 使用内存: 158897872896 {}
[2026-03-26 00:05:01 INF] Preferred.Api.Services.SystemMonitorService 系统资源监控数据保存成功 - CPU: 0.29%, 内存: 66.67%, 磁盘: 37.00% {}
[2026-03-26 00:05:01 INF] Preferred.Api.Services.ScheduledTaskService 系统监控任务执行完成: 系统资源监控 {}
[2026-03-26 00:05:01 INF] Preferred.Api.Services.ScheduledTaskService 手动执行定时任务成功: 系统资源监控 (SYSTEM_RESOURCE_MONITOR), 耗时: 1.14秒 {}
[2026-03-26 00:05:01 INF] Preferred.Api.Services.ScheduledTaskBackgroundService 定时任务执行完成: 1, 结果: 成功 {}
[2026-03-26 00:05:01 INF] Preferred.Api.Services.ScheduledTaskBackgroundService 定时任务 系统资源监控 已安排在 2026-03-26 00:10:00 执行 {}
[2026-03-26 00:10:00 INF] Preferred.Api.Services.ScheduledTaskBackgroundService 开始执行定时任务: 1 {}
[2026-03-26 00:10:00 INF] Preferred.Api.Services.ScheduledTaskService 开始手动执行定时任务: 系统资源监控 (SYSTEM_RESOURCE_MONITOR) {}
[2026-03-26 00:10:00 INF] Preferred.Api.Services.ScheduledTaskService 执行系统监控任务: 系统资源监控 {}
[2026-03-26 00:10:00 INF] Preferred.Api.Services.SystemMonitorService 系统监控服务已初始化 - 操作系统: Windows {}
[2026-03-26 00:10:00 INF] Preferred.Api.Services.SystemMonitorService 开始执行系统资源监控... {}
[2026-03-26 00:10:01 DBG] Preferred.Api.Services.SystemMonitorService 进程估算内存使用率 - 进程总内存: 16.00GB, 估算总内存: 24.97GB, 使用率: 66.67% {}
[2026-03-26 00:10:01 DBG] Preferred.Api.Services.SystemMonitorService 尝试获取Windows磁盘使用情况: C:\ {}
[2026-03-26 00:10:01 DBG] Preferred.Api.Services.SystemMonitorService 磁盘 C:\ - 总计: 400.00GB, 已用: 147.00GB, 使用率: 36.98% {}
[2026-03-26 00:10:01 INF] Preferred.Api.Services.SystemMonitorService 系统资源监控 - 配置磁盘: auto, 实际监控: C:\, CPU: 0.00%, 内存: 66.67%, 磁盘: 36.98%, 使用内存: 158819241984 {}
[2026-03-26 00:10:01 INF] Preferred.Api.Services.SystemMonitorService 系统资源监控数据保存成功 - CPU: 0.00%, 内存: 66.67%, 磁盘: 36.98% {}
[2026-03-26 00:10:01 INF] Preferred.Api.Services.ScheduledTaskService 系统监控任务执行完成: 系统资源监控 {}
[2026-03-26 00:10:01 INF] Preferred.Api.Services.ScheduledTaskService 手动执行定时任务成功: 系统资源监控 (SYSTEM_RESOURCE_MONITOR), 耗时: 1.13秒 {}
[2026-03-26 00:10:01 INF] Preferred.Api.Services.ScheduledTaskBackgroundService 定时任务执行完成: 1, 结果: 成功 {}
[2026-03-26 00:10:01 INF] Preferred.Api.Services.ScheduledTaskBackgroundService 定时任务 系统资源监控 已安排在 2026-03-26 00:15:00 执行 {}
[2026-03-26 00:15:00 INF] Preferred.Api.Services.ScheduledTaskBackgroundService 开始执行定时任务: 1 {}
[2026-03-26 00:15:00 INF] Preferred.Api.Services.ScheduledTaskService 开始手动执行定时任务: 系统资源监控 (SYSTEM_RESOURCE_MONITOR) {}
[2026-03-26 00:15:00 INF] Preferred.Api.Services.ScheduledTaskService 执行系统监控任务: 系统资源监控 {}
[2026-03-26 00:15:00 INF] Preferred.Api.Services.SystemMonitorService 系统监控服务已初始化 - 操作系统: Windows {}
[2026-03-26 00:15:00 INF] Preferred.Api.Services.SystemMonitorService 开始执行系统资源监控... {}
[2026-03-26 00:15:01 DBG] Preferred.Api.Services.SystemMonitorService 进程估算内存使用率 - 进程总内存: 15.00GB, 估算总内存: 23.30GB, 使用率: 66.67% {}
[2026-03-26 00:15:01 DBG] Preferred.Api.Services.SystemMonitorService 尝试获取Windows磁盘使用情况: C:\ {}
[2026-03-26 00:15:01 DBG] Preferred.Api.Services.SystemMonitorService 磁盘 C:\ - 总计: 400.00GB, 已用: 147.00GB, 使用率: 36.98% {}
[2026-03-26 00:15:01 INF] Preferred.Api.Services.SystemMonitorService 系统资源监控 - 配置磁盘: auto, 实际监控: C:\, CPU: 0.00%, 内存: 66.67%, 磁盘: 36.98%, 使用内存: 158828212224 {}
[2026-03-26 00:15:01 INF] Preferred.Api.Services.SystemMonitorService 系统资源监控数据保存成功 - CPU: 0.00%, 内存: 66.67%, 磁盘: 36.98% {}
[2026-03-26 00:15:01 INF] Preferred.Api.Services.ScheduledTaskService 系统监控任务执行完成: 系统资源监控 {}
[2026-03-26 00:15:01 INF] Preferred.Api.Services.ScheduledTaskService 手动执行定时任务成功: 系统资源监控 (SYSTEM_RESOURCE_MONITOR), 耗时: 1.11秒 {}
[2026-03-26 00:15:01 INF] Preferred.Api.Services.ScheduledTaskBackgroundService 定时任务执行完成: 1, 结果: 成功 {}
[2026-03-26 00:15:01 INF] Preferred.Api.Services.ScheduledTaskBackgroundService 定时任务 系统资源监控 已安排在 2026-03-26 00:20:00 执行 {}
[2026-03-26 00:20:00 INF] Preferred.Api.Services.ScheduledTaskBackgroundService 开始执行定时任务: 1 {}
[2026-03-26 00:20:00 INF] Preferred.Api.Services.ScheduledTaskService 开始手动执行定时任务: 系统资源监控 (SYSTEM_RESOURCE_MONITOR) {}
[2026-03-26 00:20:00 INF] Preferred.Api.Services.ScheduledTaskService 执行系统监控任务: 系统资源监控 {}
[2026-03-26 00:20:00 INF] Preferred.Api.Services.SystemMonitorService 系统监控服务已初始化 - 操作系统: Windows {}
[2026-03-26 00:20:00 INF] Preferred.Api.Services.SystemMonitorService 开始执行系统资源监控... {}
[2026-03-26 00:20:01 DBG] Preferred.Api.Services.SystemMonitorService 进程估算内存使用率 - 进程总内存: 15.00GB, 估算总内存: 23.32GB, 使用率: 66.67% {}
[2026-03-26 00:20:01 DBG] Preferred.Api.Services.SystemMonitorService 尝试获取Windows磁盘使用情况: C:\ {}
[2026-03-26 00:20:01 DBG] Preferred.Api.Services.SystemMonitorService 磁盘 C:\ - 总计: 400.00GB, 已用: 149.00GB, 使用率: 37.36% {}
[2026-03-26 00:20:01 INF] Preferred.Api.Services.SystemMonitorService 系统资源监控 - 配置磁盘: auto, 实际监控: C:\, CPU: 0.00%, 内存: 66.67%, 磁盘: 37.36%, 使用内存: 160472113152 {}
[2026-03-26 00:20:01 INF] Preferred.Api.Services.SystemMonitorService 系统资源监控数据保存成功 - CPU: 0.00%, 内存: 66.67%, 磁盘: 37.36% {}
[2026-03-26 00:20:01 INF] Preferred.Api.Services.ScheduledTaskService 系统监控任务执行完成: 系统资源监控 {}
[2026-03-26 00:20:01 INF] Preferred.Api.Services.ScheduledTaskService 手动执行定时任务成功: 系统资源监控 (SYSTEM_RESOURCE_MONITOR), 耗时: 1.11秒 {}
[2026-03-26 00:20:01 INF] Preferred.Api.Services.ScheduledTaskBackgroundService 定时任务执行完成: 1, 结果: 成功 {}
[2026-03-26 00:20:01 INF] Preferred.Api.Services.ScheduledTaskBackgroundService 定时任务 系统资源监控 已安排在 2026-03-26 00:25:00 执行 {}
[2026-03-26 00:25:00 INF] Preferred.Api.Services.ScheduledTaskBackgroundService 开始执行定时任务: 1 {}
[2026-03-26 00:25:00 INF] Preferred.Api.Services.ScheduledTaskService 开始手动执行定时任务: 系统资源监控 (SYSTEM_RESOURCE_MONITOR) {}
[2026-03-26 00:25:00 INF] Preferred.Api.Services.ScheduledTaskService 执行系统监控任务: 系统资源监控 {}
[2026-03-26 00:25:00 INF] Preferred.Api.Services.SystemMonitorService 系统监控服务已初始化 - 操作系统: Windows {}
[2026-03-26 00:25:00 INF] Preferred.Api.Services.SystemMonitorService 开始执行系统资源监控... {}
[2026-03-26 00:25:01 DBG] Preferred.Api.Services.SystemMonitorService 进程估算内存使用率 - 进程总内存: 15.00GB, 估算总内存: 23.61GB, 使用率: 66.67% {}
[2026-03-26 00:25:01 DBG] Preferred.Api.Services.SystemMonitorService 尝试获取Windows磁盘使用情况: C:\ {}
[2026-03-26 00:25:01 DBG] Preferred.Api.Services.SystemMonitorService 磁盘 C:\ - 总计: 400.00GB, 已用: 150.00GB, 使用率: 37.53% {}
[2026-03-26 00:25:01 INF] Preferred.Api.Services.SystemMonitorService 系统资源监控 - 配置磁盘: auto, 实际监控: C:\, CPU: 0.00%, 内存: 66.67%, 磁盘: 37.53%, 使用内存: 161182158848 {}
[2026-03-26 00:25:01 INF] Preferred.Api.Services.SystemMonitorService 系统资源监控数据保存成功 - CPU: 0.00%, 内存: 66.67%, 磁盘: 37.53% {}
[2026-03-26 00:25:01 INF] Preferred.Api.Services.ScheduledTaskService 系统监控任务执行完成: 系统资源监控 {}
[2026-03-26 00:25:01 INF] Preferred.Api.Services.ScheduledTaskService 手动执行定时任务成功: 系统资源监控 (SYSTEM_RESOURCE_MONITOR), 耗时: 1.10秒 {}
[2026-03-26 00:25:01 INF] Preferred.Api.Services.ScheduledTaskBackgroundService 定时任务执行完成: 1, 结果: 成功 {}
[2026-03-26 00:25:01 INF] Preferred.Api.Services.ScheduledTaskBackgroundService 定时任务 系统资源监控 已安排在 2026-03-26 00:30:00 执行 {}
[2026-03-26 00:30:00 INF] Preferred.Api.Services.ScheduledTaskBackgroundService 开始执行定时任务: 1 {}
[2026-03-26 00:30:00 INF] Preferred.Api.Services.ScheduledTaskService 开始手动执行定时任务: 系统资源监控 (SYSTEM_RESOURCE_MONITOR) {}
[2026-03-26 00:30:00 INF] Preferred.Api.Services.ScheduledTaskService 执行系统监控任务: 系统资源监控 {}
[2026-03-26 00:30:00 INF] Preferred.Api.Services.SystemMonitorService 系统监控服务已初始化 - 操作系统: Windows {}
[2026-03-26 00:30:00 INF] Preferred.Api.Services.SystemMonitorService 开始执行系统资源监控... {}
[2026-03-26 00:30:01 DBG] Preferred.Api.Services.SystemMonitorService 进程估算内存使用率 - 进程总内存: 15.00GB, 估算总内存: 23.87GB, 使用率: 66.67% {}
[2026-03-26 00:30:01 DBG] Preferred.Api.Services.SystemMonitorService 尝试获取Windows磁盘使用情况: C:\ {}
[2026-03-26 00:30:01 DBG] Preferred.Api.Services.SystemMonitorService 磁盘 C:\ - 总计: 400.00GB, 已用: 150.00GB, 使用率: 37.53% {}
[2026-03-26 00:30:01 INF] Preferred.Api.Services.SystemMonitorService 系统资源监控 - 配置磁盘: auto, 实际监控: C:\, CPU: 0.00%, 内存: 66.67%, 磁盘: 37.53%, 使用内存: 161196003328 {}
[2026-03-26 00:30:01 INF] Preferred.Api.Services.SystemMonitorService 系统资源监控数据保存成功 - CPU: 0.00%, 内存: 66.67%, 磁盘: 37.53% {}
[2026-03-26 00:30:01 INF] Preferred.Api.Services.ScheduledTaskService 系统监控任务执行完成: 系统资源监控 {}
[2026-03-26 00:30:01 INF] Preferred.Api.Services.ScheduledTaskService 手动执行定时任务成功: 系统资源监控 (SYSTEM_RESOURCE_MONITOR), 耗时: 1.10秒 {}
[2026-03-26 00:30:01 INF] Preferred.Api.Services.ScheduledTaskBackgroundService 定时任务执行完成: 1, 结果: 成功 {}
[2026-03-26 00:30:01 INF] Preferred.Api.Services.ScheduledTaskBackgroundService 定时任务 系统资源监控 已安排在 2026-03-26 00:35:00 执行 {}
[2026-03-26 00:35:00 INF] Preferred.Api.Services.ScheduledTaskBackgroundService 开始执行定时任务: 1 {}
[2026-03-26 00:35:00 INF] Preferred.Api.Services.ScheduledTaskService 开始手动执行定时任务: 系统资源监控 (SYSTEM_RESOURCE_MONITOR) {}
[2026-03-26 00:35:00 INF] Preferred.Api.Services.ScheduledTaskService 执行系统监控任务: 系统资源监控 {}
[2026-03-26 00:35:00 INF] Preferred.Api.Services.SystemMonitorService 系统监控服务已初始化 - 操作系统: Windows {}
[2026-03-26 00:35:00 INF] Preferred.Api.Services.SystemMonitorService 开始执行系统资源监控... {}
[2026-03-26 00:35:01 DBG] Preferred.Api.Services.SystemMonitorService 进程估算内存使用率 - 进程总内存: 15.00GB, 估算总内存: 23.30GB, 使用率: 66.67% {}
[2026-03-26 00:35:01 DBG] Preferred.Api.Services.SystemMonitorService 尝试获取Windows磁盘使用情况: C:\ {}
[2026-03-26 00:35:01 DBG] Preferred.Api.Services.SystemMonitorService 磁盘 C:\ - 总计: 400.00GB, 已用: 151.00GB, 使用率: 37.75% {}
[2026-03-26 00:35:01 INF] Preferred.Api.Services.SystemMonitorService 系统资源监控 - 配置磁盘: auto, 实际监控: C:\, CPU: 0.00%, 内存: 66.67%, 磁盘: 37.75%, 使用内存: 162148839424 {}
[2026-03-26 00:35:01 INF] Preferred.Api.Services.SystemMonitorService 系统资源监控数据保存成功 - CPU: 0.00%, 内存: 66.67%, 磁盘: 37.75% {}
[2026-03-26 00:35:01 INF] Preferred.Api.Services.ScheduledTaskService 系统监控任务执行完成: 系统资源监控 {}
[2026-03-26 00:35:01 INF] Preferred.Api.Services.ScheduledTaskService 手动执行定时任务成功: 系统资源监控 (SYSTEM_RESOURCE_MONITOR), 耗时: 1.11秒 {}
[2026-03-26 00:35:01 INF] Preferred.Api.Services.ScheduledTaskBackgroundService 定时任务执行完成: 1, 结果: 成功 {}
[2026-03-26 00:35:01 INF] Preferred.Api.Services.ScheduledTaskBackgroundService 定时任务 系统资源监控 已安排在 2026-03-26 00:40:00 执行 {}
[2026-03-26 21:26:22 INF]  应用程序启动中... {}
[2026-03-26 21:26:23 INF] Preferred.Api.Services.VideoAnalysisWorker VideoAnalysisWorker started. DOP=2, TimeoutSec=600, MaxRetry=2 {}
[2026-03-26 21:26:23 INF] Preferred.Api.Services.ScheduledTaskBackgroundService 定时任务后台服务已启动 {}
[2026-03-26 21:26:24 INF] Microsoft.Hosting.Lifetime Now listening on: http://localhost:5000 {"EventId":{"Id":14,"Name":"ListeningOnAddress"}}
[2026-03-26 21:26:24 INF] Microsoft.Hosting.Lifetime Application started. Press Ctrl+C to shut down. {}
[2026-03-26 21:26:24 INF] Microsoft.Hosting.Lifetime Hosting environment: Development {}
[2026-03-26 21:26:24 INF] Microsoft.Hosting.Lifetime Content root path: D:\github\preferredsummary\api\Preferred.Api {}
[2026-03-26 21:26:24 INF] Preferred.Api.Services.ScheduledTaskBackgroundService 定时任务 系统资源监控 已安排在 2026-03-26 21:30:00 执行 {}
[2026-03-26 21:30:00 INF] Preferred.Api.Services.ScheduledTaskBackgroundService 开始执行定时任务: 1 {}
[2026-03-26 21:30:00 INF] Preferred.Api.Services.ScheduledTaskService 开始手动执行定时任务: 系统资源监控 (SYSTEM_RESOURCE_MONITOR) {}
[2026-03-26 21:30:00 INF] Preferred.Api.Services.ScheduledTaskService 执行系统监控任务: 系统资源监控 {}
[2026-03-26 21:30:00 INF] Preferred.Api.Services.SystemMonitorService 系统监控服务已初始化 - 操作系统: Windows {}
[2026-03-26 21:30:00 INF] Preferred.Api.Services.SystemMonitorService 开始执行系统资源监控... {}
[2026-03-26 21:30:01 DBG] Preferred.Api.Services.SystemMonitorService 进程估算内存使用率 - 进程总内存: 10.00GB, 估算总内存: 15.01GB, 使用率: 66.67% {}
[2026-03-26 21:30:01 DBG] Preferred.Api.Services.SystemMonitorService 尝试获取Windows磁盘使用情况: C:\ {}
[2026-03-26 21:30:01 DBG] Preferred.Api.Services.SystemMonitorService 磁盘 C:\ - 总计: 400.00GB, 已用: 141.00GB, 使用率: 35.34% {}
[2026-03-26 21:30:01 INF] Preferred.Api.Services.SystemMonitorService 系统资源监控 - 配置磁盘: auto, 实际监控: C:\, CPU: 2.31%, 内存: 66.67%, 磁盘: 35.34%, 使用内存: 151788154880 {}
[2026-03-26 21:30:01 INF] Preferred.Api.Services.SystemMonitorService 系统资源监控数据保存成功 - CPU: 2.31%, 内存: 66.67%, 磁盘: 35.34% {}
[2026-03-26 21:30:01 INF] Preferred.Api.Services.ScheduledTaskService 系统监控任务执行完成: 系统资源监控 {}
[2026-03-26 21:30:01 INF] Preferred.Api.Services.ScheduledTaskService 手动执行定时任务成功: 系统资源监控 (SYSTEM_RESOURCE_MONITOR), 耗时: 1.29秒 {}
[2026-03-26 21:30:01 INF] Preferred.Api.Services.ScheduledTaskBackgroundService 定时任务执行完成: 1, 结果: 成功 {}
[2026-03-26 21:30:01 INF] Preferred.Api.Services.ScheduledTaskBackgroundService 定时任务 系统资源监控 已安排在 2026-03-26 21:35:00 执行 {}
[2026-03-26 21:35:00 INF] Preferred.Api.Services.ScheduledTaskBackgroundService 开始执行定时任务: 1 {}
[2026-03-26 21:35:00 INF] Preferred.Api.Services.ScheduledTaskService 开始手动执行定时任务: 系统资源监控 (SYSTEM_RESOURCE_MONITOR) {}
[2026-03-26 21:35:00 INF] Preferred.Api.Services.ScheduledTaskService 执行系统监控任务: 系统资源监控 {}
[2026-03-26 21:35:00 INF] Preferred.Api.Services.SystemMonitorService 系统监控服务已初始化 - 操作系统: Windows {}
[2026-03-26 21:35:00 INF] Preferred.Api.Services.SystemMonitorService 开始执行系统资源监控... {}
[2026-03-26 21:35:01 DBG] Preferred.Api.Services.SystemMonitorService 进程估算内存使用率 - 进程总内存: 12.00GB, 估算总内存: 18.52GB, 使用率: 66.67% {}
[2026-03-26 21:35:01 DBG] Preferred.Api.Services.SystemMonitorService 尝试获取Windows磁盘使用情况: C:\ {}
[2026-03-26 21:35:01 DBG] Preferred.Api.Services.SystemMonitorService 磁盘 C:\ - 总计: 400.00GB, 已用: 141.00GB, 使用率: 35.35% {}
[2026-03-26 21:35:01 INF] Preferred.Api.Services.SystemMonitorService 系统资源监控 - 配置磁盘: auto, 实际监控: C:\, CPU: 0.39%, 内存: 66.67%, 磁盘: 35.35%, 使用内存: 151838642176 {}
[2026-03-26 21:35:01 INF] Preferred.Api.Services.SystemMonitorService 系统资源监控数据保存成功 - CPU: 0.39%, 内存: 66.67%, 磁盘: 35.35% {}
[2026-03-26 21:35:01 INF] Preferred.Api.Services.ScheduledTaskService 系统监控任务执行完成: 系统资源监控 {}
[2026-03-26 21:35:01 INF] Preferred.Api.Services.ScheduledTaskService 手动执行定时任务成功: 系统资源监控 (SYSTEM_RESOURCE_MONITOR), 耗时: 1.11秒 {}
[2026-03-26 21:35:01 INF] Preferred.Api.Services.ScheduledTaskBackgroundService 定时任务执行完成: 1, 结果: 成功 {}
[2026-03-26 21:35:01 INF] Preferred.Api.Services.ScheduledTaskBackgroundService 定时任务 系统资源监控 已安排在 2026-03-26 21:40:00 执行 {}
[2026-03-26 21:40:00 INF] Preferred.Api.Services.ScheduledTaskBackgroundService 开始执行定时任务: 1 {}
[2026-03-26 21:40:00 INF] Preferred.Api.Services.ScheduledTaskService 开始手动执行定时任务: 系统资源监控 (SYSTEM_RESOURCE_MONITOR) {}
[2026-03-26 21:40:00 INF] Preferred.Api.Services.ScheduledTaskService 执行系统监控任务: 系统资源监控 {}
[2026-03-26 21:40:00 INF] Preferred.Api.Services.SystemMonitorService 系统监控服务已初始化 - 操作系统: Windows {}
[2026-03-26 21:40:00 INF] Preferred.Api.Services.SystemMonitorService 开始执行系统资源监控... {}
[2026-03-26 21:40:01 DBG] Preferred.Api.Services.SystemMonitorService 进程估算内存使用率 - 进程总内存: 13.00GB, 估算总内存: 19.65GB, 使用率: 66.67% {}
[2026-03-26 21:40:01 DBG] Preferred.Api.Services.SystemMonitorService 尝试获取Windows磁盘使用情况: C:\ {}
[2026-03-26 21:40:01 DBG] Preferred.Api.Services.SystemMonitorService 磁盘 C:\ - 总计: 400.00GB, 已用: 141.00GB, 使用率: 35.36% {}
[2026-03-26 21:40:01 INF] Preferred.Api.Services.SystemMonitorService 系统资源监控 - 配置磁盘: auto, 实际监控: C:\, CPU: 0.10%, 内存: 66.67%, 磁盘: 35.36%, 使用内存: 151878344704 {}
[2026-03-26 21:40:01 INF] Preferred.Api.Services.SystemMonitorService 系统资源监控数据保存成功 - CPU: 0.10%, 内存: 66.67%, 磁盘: 35.36% {}
[2026-03-26 21:40:01 INF] Preferred.Api.Services.ScheduledTaskService 系统监控任务执行完成: 系统资源监控 {}
[2026-03-26 21:40:01 INF] Preferred.Api.Services.ScheduledTaskService 手动执行定时任务成功: 系统资源监控 (SYSTEM_RESOURCE_MONITOR), 耗时: 1.12秒 {}
[2026-03-26 21:40:01 INF] Preferred.Api.Services.ScheduledTaskBackgroundService 定时任务执行完成: 1, 结果: 成功 {}
[2026-03-26 21:40:01 INF] Preferred.Api.Services.ScheduledTaskBackgroundService 定时任务 系统资源监控 已安排在 2026-03-26 21:45:00 执行 {}
[2026-03-26 21:45:00 INF] Preferred.Api.Services.ScheduledTaskBackgroundService 开始执行定时任务: 1 {}
[2026-03-26 21:45:00 INF] Preferred.Api.Services.ScheduledTaskService 开始手动执行定时任务: 系统资源监控 (SYSTEM_RESOURCE_MONITOR) {}
[2026-03-26 21:45:00 INF] Preferred.Api.Services.ScheduledTaskService 执行系统监控任务: 系统资源监控 {}
[2026-03-26 21:45:00 INF] Preferred.Api.Services.SystemMonitorService 系统监控服务已初始化 - 操作系统: Windows {}
[2026-03-26 21:45:00 INF] Preferred.Api.Services.SystemMonitorService 开始执行系统资源监控... {}
[2026-03-26 21:45:01 DBG] Preferred.Api.Services.SystemMonitorService 进程估算内存使用率 - 进程总内存: 13.00GB, 估算总内存: 20.07GB, 使用率: 66.67% {}
[2026-03-26 21:45:01 DBG] Preferred.Api.Services.SystemMonitorService 尝试获取Windows磁盘使用情况: C:\ {}
[2026-03-26 21:45:01 DBG] Preferred.Api.Services.SystemMonitorService 磁盘 C:\ - 总计: 400.00GB, 已用: 141.00GB, 使用率: 35.36% {}
[2026-03-26 21:45:01 INF] Preferred.Api.Services.SystemMonitorService 系统资源监控 - 配置磁盘: auto, 实际监控: C:\, CPU: 0.68%, 内存: 66.67%, 磁盘: 35.36%, 使用内存: 151881924608 {}
[2026-03-26 21:45:01 INF] Preferred.Api.Services.SystemMonitorService 系统资源监控数据保存成功 - CPU: 0.68%, 内存: 66.67%, 磁盘: 35.36% {}
[2026-03-26 21:45:01 INF] Preferred.Api.Services.ScheduledTaskService 系统监控任务执行完成: 系统资源监控 {}
[2026-03-26 21:45:01 INF] Preferred.Api.Services.ScheduledTaskService 手动执行定时任务成功: 系统资源监控 (SYSTEM_RESOURCE_MONITOR), 耗时: 1.09秒 {}
[2026-03-26 21:45:01 INF] Preferred.Api.Services.ScheduledTaskBackgroundService 定时任务执行完成: 1, 结果: 成功 {}
[2026-03-26 21:45:01 INF] Preferred.Api.Services.ScheduledTaskBackgroundService 定时任务 系统资源监控 已安排在 2026-03-26 21:50:00 执行 {}
[2026-03-26 21:50:00 INF] Preferred.Api.Services.ScheduledTaskBackgroundService 开始执行定时任务: 1 {}
[2026-03-26 21:50:00 INF] Preferred.Api.Services.ScheduledTaskService 开始手动执行定时任务: 系统资源监控 (SYSTEM_RESOURCE_MONITOR) {}
[2026-03-26 21:50:00 INF] Preferred.Api.Services.ScheduledTaskService 执行系统监控任务: 系统资源监控 {}
[2026-03-26 21:50:00 INF] Preferred.Api.Services.SystemMonitorService 系统监控服务已初始化 - 操作系统: Windows {}
[2026-03-26 21:50:00 INF] Preferred.Api.Services.SystemMonitorService 开始执行系统资源监控... {}
[2026-03-26 21:50:01 DBG] Preferred.Api.Services.SystemMonitorService 进程估算内存使用率 - 进程总内存: 13.00GB, 估算总内存: 19.80GB, 使用率: 66.67% {}
[2026-03-26 21:50:01 DBG] Preferred.Api.Services.SystemMonitorService 尝试获取Windows磁盘使用情况: C:\ {}
[2026-03-26 21:50:01 DBG] Preferred.Api.Services.SystemMonitorService 磁盘 C:\ - 总计: 400.00GB, 已用: 141.00GB, 使用率: 35.38% {}
[2026-03-26 21:50:01 INF] Preferred.Api.Services.SystemMonitorService 系统资源监控 - 配置磁盘: auto, 实际监控: C:\, CPU: 0.10%, 内存: 66.67%, 磁盘: 35.38%, 使用内存: 151940681728 {}
[2026-03-26 21:50:01 INF] Preferred.Api.Services.SystemMonitorService 系统资源监控数据保存成功 - CPU: 0.10%, 内存: 66.67%, 磁盘: 35.38% {}
[2026-03-26 21:50:01 INF] Preferred.Api.Services.ScheduledTaskService 系统监控任务执行完成: 系统资源监控 {}
[2026-03-26 21:50:01 INF] Preferred.Api.Services.ScheduledTaskService 手动执行定时任务成功: 系统资源监控 (SYSTEM_RESOURCE_MONITOR), 耗时: 1.10秒 {}
[2026-03-26 21:50:01 INF] Preferred.Api.Services.ScheduledTaskBackgroundService 定时任务执行完成: 1, 结果: 成功 {}
[2026-03-26 21:50:01 INF] Preferred.Api.Services.ScheduledTaskBackgroundService 定时任务 系统资源监控 已安排在 2026-03-26 21:55:00 执行 {}
[2026-03-26 21:55:00 INF] Preferred.Api.Services.ScheduledTaskBackgroundService 开始执行定时任务: 1 {}
[2026-03-26 21:55:00 INF] Preferred.Api.Services.ScheduledTaskService 开始手动执行定时任务: 系统资源监控 (SYSTEM_RESOURCE_MONITOR) {}
[2026-03-26 21:55:00 INF] Preferred.Api.Services.ScheduledTaskService 执行系统监控任务: 系统资源监控 {}
[2026-03-26 21:55:00 INF] Preferred.Api.Services.SystemMonitorService 系统监控服务已初始化 - 操作系统: Windows {}
[2026-03-26 21:55:00 INF] Preferred.Api.Services.SystemMonitorService 开始执行系统资源监控... {}
[2026-03-26 21:55:01 DBG] Preferred.Api.Services.SystemMonitorService 进程估算内存使用率 - 进程总内存: 14.00GB, 估算总内存: 21.49GB, 使用率: 66.67% {}
[2026-03-26 21:55:01 DBG] Preferred.Api.Services.SystemMonitorService 尝试获取Windows磁盘使用情况: C:\ {}
[2026-03-26 21:55:01 DBG] Preferred.Api.Services.SystemMonitorService 磁盘 C:\ - 总计: 400.00GB, 已用: 141.00GB, 使用率: 35.38% {}
[2026-03-26 21:55:01 INF] Preferred.Api.Services.SystemMonitorService 系统资源监控 - 配置磁盘: auto, 实际监控: C:\, CPU: 0.00%, 内存: 66.67%, 磁盘: 35.38%, 使用内存: 151977132032 {}
[2026-03-26 21:55:01 INF] Preferred.Api.Services.SystemMonitorService 系统资源监控数据保存成功 - CPU: 0.00%, 内存: 66.67%, 磁盘: 35.38% {}
[2026-03-26 21:55:01 INF] Preferred.Api.Services.ScheduledTaskService 系统监控任务执行完成: 系统资源监控 {}
[2026-03-26 21:55:01 INF] Preferred.Api.Services.ScheduledTaskService 手动执行定时任务成功: 系统资源监控 (SYSTEM_RESOURCE_MONITOR), 耗时: 1.10秒 {}
[2026-03-26 21:55:01 INF] Preferred.Api.Services.ScheduledTaskBackgroundService 定时任务执行完成: 1, 结果: 成功 {}
[2026-03-26 21:55:01 INF] Preferred.Api.Services.ScheduledTaskBackgroundService 定时任务 系统资源监控 已安排在 2026-03-26 22:00:00 执行 {}
[2026-03-26 22:00:00 INF] Preferred.Api.Services.ScheduledTaskBackgroundService 开始执行定时任务: 1 {}
[2026-03-26 22:00:00 INF] Preferred.Api.Services.ScheduledTaskService 开始手动执行定时任务: 系统资源监控 (SYSTEM_RESOURCE_MONITOR) {}
[2026-03-26 22:00:00 INF] Preferred.Api.Services.ScheduledTaskService 执行系统监控任务: 系统资源监控 {}
[2026-03-26 22:00:00 INF] Preferred.Api.Services.SystemMonitorService 系统监控服务已初始化 - 操作系统: Windows {}
[2026-03-26 22:00:00 INF] Preferred.Api.Services.SystemMonitorService 开始执行系统资源监控... {}
[2026-03-26 22:00:01 DBG] Preferred.Api.Services.SystemMonitorService 进程估算内存使用率 - 进程总内存: 15.00GB, 估算总内存: 23.20GB, 使用率: 66.67% {}
[2026-03-26 22:00:01 DBG] Preferred.Api.Services.SystemMonitorService 尝试获取Windows磁盘使用情况: C:\ {}
[2026-03-26 22:00:01 DBG] Preferred.Api.Services.SystemMonitorService 磁盘 C:\ - 总计: 400.00GB, 已用: 141.00GB, 使用率: 35.39% {}
[2026-03-26 22:00:01 INF] Preferred.Api.Services.SystemMonitorService 系统资源监控 - 配置磁盘: auto, 实际监控: C:\, CPU: 0.00%, 内存: 66.67%, 磁盘: 35.39%, 使用内存: 151985643520 {}
[2026-03-26 22:00:01 INF] Preferred.Api.Services.SystemMonitorService 系统资源监控数据保存成功 - CPU: 0.00%, 内存: 66.67%, 磁盘: 35.39% {}
[2026-03-26 22:00:01 INF] Preferred.Api.Services.ScheduledTaskService 系统监控任务执行完成: 系统资源监控 {}
[2026-03-26 22:00:01 INF] Preferred.Api.Services.ScheduledTaskService 手动执行定时任务成功: 系统资源监控 (SYSTEM_RESOURCE_MONITOR), 耗时: 1.12秒 {}
[2026-03-26 22:00:01 INF] Preferred.Api.Services.ScheduledTaskBackgroundService 定时任务执行完成: 1, 结果: 成功 {}
[2026-03-26 22:00:01 INF] Preferred.Api.Services.ScheduledTaskBackgroundService 定时任务 系统资源监控 已安排在 2026-03-26 22:05:00 执行 {}
[2026-03-26 22:05:00 INF] Preferred.Api.Services.ScheduledTaskBackgroundService 开始执行定时任务: 1 {}
[2026-03-26 22:05:00 INF] Preferred.Api.Services.ScheduledTaskService 开始手动执行定时任务: 系统资源监控 (SYSTEM_RESOURCE_MONITOR) {}
[2026-03-26 22:05:00 INF] Preferred.Api.Services.ScheduledTaskService 执行系统监控任务: 系统资源监控 {}
[2026-03-26 22:05:00 INF] Preferred.Api.Services.SystemMonitorService 系统监控服务已初始化 - 操作系统: Windows {}
[2026-03-26 22:05:00 INF] Preferred.Api.Services.SystemMonitorService 开始执行系统资源监控... {}
[2026-03-26 22:05:01 DBG] Preferred.Api.Services.SystemMonitorService 进程估算内存使用率 - 进程总内存: 15.00GB, 估算总内存: 23.86GB, 使用率: 66.67% {}
[2026-03-26 22:05:01 DBG] Preferred.Api.Services.SystemMonitorService 尝试获取Windows磁盘使用情况: C:\ {}
[2026-03-26 22:05:01 DBG] Preferred.Api.Services.SystemMonitorService 磁盘 C:\ - 总计: 400.00GB, 已用: 141.00GB, 使用率: 35.39% {}
[2026-03-26 22:05:01 INF] Preferred.Api.Services.SystemMonitorService 系统资源监控 - 配置磁盘: auto, 实际监控: C:\, CPU: 0.00%, 内存: 66.67%, 磁盘: 35.39%, 使用内存: 152002654208 {}
[2026-03-26 22:05:01 INF] Preferred.Api.Services.SystemMonitorService 系统资源监控数据保存成功 - CPU: 0.00%, 内存: 66.67%, 磁盘: 35.39% {}
[2026-03-26 22:05:01 INF] Preferred.Api.Services.ScheduledTaskService 系统监控任务执行完成: 系统资源监控 {}
[2026-03-26 22:05:01 INF] Preferred.Api.Services.ScheduledTaskService 手动执行定时任务成功: 系统资源监控 (SYSTEM_RESOURCE_MONITOR), 耗时: 1.10秒 {}
[2026-03-26 22:05:01 INF] Preferred.Api.Services.ScheduledTaskBackgroundService 定时任务执行完成: 1, 结果: 成功 {}
[2026-03-26 22:05:01 INF] Preferred.Api.Services.ScheduledTaskBackgroundService 定时任务 系统资源监控 已安排在 2026-03-26 22:10:00 执行 {}
[2026-03-26 22:10:00 INF] Preferred.Api.Services.ScheduledTaskBackgroundService 开始执行定时任务: 1 {}
[2026-03-26 22:10:00 INF] Preferred.Api.Services.ScheduledTaskService 开始手动执行定时任务: 系统资源监控 (SYSTEM_RESOURCE_MONITOR) {}
[2026-03-26 22:10:00 INF] Preferred.Api.Services.ScheduledTaskService 执行系统监控任务: 系统资源监控 {}
[2026-03-26 22:10:00 INF] Preferred.Api.Services.SystemMonitorService 系统监控服务已初始化 - 操作系统: Windows {}
[2026-03-26 22:10:00 INF] Preferred.Api.Services.SystemMonitorService 开始执行系统资源监控... {}
[2026-03-26 22:10:01 DBG] Preferred.Api.Services.SystemMonitorService 进程估算内存使用率 - 进程总内存: 16.00GB, 估算总内存: 25.13GB, 使用率: 66.67% {}
[2026-03-26 22:10:01 DBG] Preferred.Api.Services.SystemMonitorService 尝试获取Windows磁盘使用情况: C:\ {}
[2026-03-26 22:10:01 DBG] Preferred.Api.Services.SystemMonitorService 磁盘 C:\ - 总计: 400.00GB, 已用: 141.00GB, 使用率: 35.39% {}
[2026-03-26 22:10:01 INF] Preferred.Api.Services.SystemMonitorService 系统资源监控 - 配置磁盘: auto, 实际监控: C:\, CPU: 0.00%, 内存: 66.67%, 磁盘: 35.39%, 使用内存: 152018161664 {}
[2026-03-26 22:10:01 INF] Preferred.Api.Services.SystemMonitorService 系统资源监控数据保存成功 - CPU: 0.00%, 内存: 66.67%, 磁盘: 35.39% {}
[2026-03-26 22:10:01 INF] Preferred.Api.Services.ScheduledTaskService 系统监控任务执行完成: 系统资源监控 {}
[2026-03-26 22:10:01 INF] Preferred.Api.Services.ScheduledTaskService 手动执行定时任务成功: 系统资源监控 (SYSTEM_RESOURCE_MONITOR), 耗时: 1.11秒 {}
[2026-03-26 22:10:01 INF] Preferred.Api.Services.ScheduledTaskBackgroundService 定时任务执行完成: 1, 结果: 成功 {}
[2026-03-26 22:10:01 INF] Preferred.Api.Services.ScheduledTaskBackgroundService 定时任务 系统资源监控 已安排在 2026-03-26 22:15:00 执行 {}
[2026-03-26 22:15:00 INF] Preferred.Api.Services.ScheduledTaskBackgroundService 开始执行定时任务: 1 {}
[2026-03-26 22:15:00 INF] Preferred.Api.Services.ScheduledTaskService 开始手动执行定时任务: 系统资源监控 (SYSTEM_RESOURCE_MONITOR) {}
[2026-03-26 22:15:00 INF] Preferred.Api.Services.ScheduledTaskService 执行系统监控任务: 系统资源监控 {}
[2026-03-26 22:15:00 INF] Preferred.Api.Services.SystemMonitorService 系统监控服务已初始化 - 操作系统: Windows {}
[2026-03-26 22:15:00 INF] Preferred.Api.Services.SystemMonitorService 开始执行系统资源监控... {}
[2026-03-26 22:15:01 DBG] Preferred.Api.Services.SystemMonitorService 进程估算内存使用率 - 进程总内存: 16.00GB, 估算总内存: 24.82GB, 使用率: 66.67% {}
[2026-03-26 22:15:01 DBG] Preferred.Api.Services.SystemMonitorService 尝试获取Windows磁盘使用情况: C:\ {}
[2026-03-26 22:15:01 DBG] Preferred.Api.Services.SystemMonitorService 磁盘 C:\ - 总计: 400.00GB, 已用: 141.00GB, 使用率: 35.40% {}
[2026-03-26 22:15:01 INF] Preferred.Api.Services.SystemMonitorService 系统资源监控 - 配置磁盘: auto, 实际监控: C:\, CPU: 0.00%, 内存: 66.67%, 磁盘: 35.40%, 使用内存: 152023158784 {}
[2026-03-26 22:15:01 INF] Preferred.Api.Services.SystemMonitorService 系统资源监控数据保存成功 - CPU: 0.00%, 内存: 66.67%, 磁盘: 35.40% {}
[2026-03-26 22:15:01 INF] Preferred.Api.Services.ScheduledTaskService 系统监控任务执行完成: 系统资源监控 {}
[2026-03-26 22:15:01 INF] Preferred.Api.Services.ScheduledTaskService 手动执行定时任务成功: 系统资源监控 (SYSTEM_RESOURCE_MONITOR), 耗时: 1.09秒 {}
[2026-03-26 22:15:01 INF] Preferred.Api.Services.ScheduledTaskBackgroundService 定时任务执行完成: 1, 结果: 成功 {}
[2026-03-26 22:15:01 INF] Preferred.Api.Services.ScheduledTaskBackgroundService 定时任务 系统资源监控 已安排在 2026-03-26 22:20:00 执行 {}
[2026-03-26 22:20:00 INF] Preferred.Api.Services.ScheduledTaskBackgroundService 开始执行定时任务: 1 {}
[2026-03-26 22:20:00 INF] Preferred.Api.Services.ScheduledTaskService 开始手动执行定时任务: 系统资源监控 (SYSTEM_RESOURCE_MONITOR) {}
[2026-03-26 22:20:00 INF] Preferred.Api.Services.ScheduledTaskService 执行系统监控任务: 系统资源监控 {}
[2026-03-26 22:20:00 INF] Preferred.Api.Services.SystemMonitorService 系统监控服务已初始化 - 操作系统: Windows {}
[2026-03-26 22:20:00 INF] Preferred.Api.Services.SystemMonitorService 开始执行系统资源监控... {}
[2026-03-26 22:20:01 DBG] Preferred.Api.Services.SystemMonitorService 进程估算内存使用率 - 进程总内存: 16.00GB, 估算总内存: 24.83GB, 使用率: 66.67% {}
[2026-03-26 22:20:01 DBG] Preferred.Api.Services.SystemMonitorService 尝试获取Windows磁盘使用情况: C:\ {}
[2026-03-26 22:20:01 DBG] Preferred.Api.Services.SystemMonitorService 磁盘 C:\ - 总计: 400.00GB, 已用: 141.00GB, 使用率: 35.39% {}
[2026-03-26 22:20:01 INF] Preferred.Api.Services.SystemMonitorService 系统资源监控 - 配置磁盘: auto, 实际监控: C:\, CPU: 0.10%, 内存: 66.67%, 磁盘: 35.39%, 使用内存: 152020455424 {}
[2026-03-26 22:20:01 INF] Preferred.Api.Services.SystemMonitorService 系统资源监控数据保存成功 - CPU: 0.10%, 内存: 66.67%, 磁盘: 35.39% {}
[2026-03-26 22:20:01 INF] Preferred.Api.Services.ScheduledTaskService 系统监控任务执行完成: 系统资源监控 {}
[2026-03-26 22:20:01 INF] Preferred.Api.Services.ScheduledTaskService 手动执行定时任务成功: 系统资源监控 (SYSTEM_RESOURCE_MONITOR), 耗时: 1.09秒 {}
[2026-03-26 22:20:01 INF] Preferred.Api.Services.ScheduledTaskBackgroundService 定时任务执行完成: 1, 结果: 成功 {}
[2026-03-26 22:20:01 INF] Preferred.Api.Services.ScheduledTaskBackgroundService 定时任务 系统资源监控 已安排在 2026-03-26 22:25:00 执行 {}
[2026-03-26 22:25:00 INF] Preferred.Api.Services.ScheduledTaskBackgroundService 开始执行定时任务: 1 {}
[2026-03-26 22:25:00 INF] Preferred.Api.Services.ScheduledTaskService 开始手动执行定时任务: 系统资源监控 (SYSTEM_RESOURCE_MONITOR) {}
[2026-03-26 22:25:00 INF] Preferred.Api.Services.ScheduledTaskService 执行系统监控任务: 系统资源监控 {}
[2026-03-26 22:25:00 INF] Preferred.Api.Services.SystemMonitorService 系统监控服务已初始化 - 操作系统: Windows {}
[2026-03-26 22:25:00 INF] Preferred.Api.Services.SystemMonitorService 开始执行系统资源监控... {}
[2026-03-26 22:25:01 DBG] Preferred.Api.Services.SystemMonitorService 进程估算内存使用率 - 进程总内存: 15.00GB, 估算总内存: 23.38GB, 使用率: 66.67% {}
[2026-03-26 22:25:01 DBG] Preferred.Api.Services.SystemMonitorService 尝试获取Windows磁盘使用情况: C:\ {}
[2026-03-26 22:25:01 DBG] Preferred.Api.Services.SystemMonitorService 磁盘 C:\ - 总计: 400.00GB, 已用: 141.00GB, 使用率: 35.40% {}
[2026-03-26 22:25:01 INF] Preferred.Api.Services.SystemMonitorService 系统资源监控 - 配置磁盘: auto, 实际监控: C:\, CPU: 0.00%, 内存: 66.67%, 磁盘: 35.40%, 使用内存: 152021729280 {}
[2026-03-26 22:25:01 INF] Preferred.Api.Services.SystemMonitorService 系统资源监控数据保存成功 - CPU: 0.00%, 内存: 66.67%, 磁盘: 35.40% {}
[2026-03-26 22:25:01 INF] Preferred.Api.Services.ScheduledTaskService 系统监控任务执行完成: 系统资源监控 {}
[2026-03-26 22:25:01 INF] Preferred.Api.Services.ScheduledTaskService 手动执行定时任务成功: 系统资源监控 (SYSTEM_RESOURCE_MONITOR), 耗时: 1.09秒 {}
[2026-03-26 22:25:01 INF] Preferred.Api.Services.ScheduledTaskBackgroundService 定时任务执行完成: 1, 结果: 成功 {}
[2026-03-26 22:25:01 INF] Preferred.Api.Services.ScheduledTaskBackgroundService 定时任务 系统资源监控 已安排在 2026-03-26 22:30:00 执行 {}
[2026-03-26 22:29:59 INF] Preferred.Api.Services.ScheduledTaskBackgroundService 开始执行定时任务: 1 {}
[2026-03-26 22:30:00 INF] Preferred.Api.Services.ScheduledTaskService 开始手动执行定时任务: 系统资源监控 (SYSTEM_RESOURCE_MONITOR) {}
[2026-03-26 22:30:00 INF] Preferred.Api.Services.ScheduledTaskService 执行系统监控任务: 系统资源监控 {}
[2026-03-26 22:30:00 INF] Preferred.Api.Services.SystemMonitorService 系统监控服务已初始化 - 操作系统: Windows {}
[2026-03-26 22:30:00 INF] Preferred.Api.Services.SystemMonitorService 开始执行系统资源监控... {}
[2026-03-26 22:30:01 DBG] Preferred.Api.Services.SystemMonitorService 进程估算内存使用率 - 进程总内存: 15.00GB, 估算总内存: 23.60GB, 使用率: 66.67% {}
[2026-03-26 22:30:01 DBG] Preferred.Api.Services.SystemMonitorService 尝试获取Windows磁盘使用情况: C:\ {}
[2026-03-26 22:30:01 DBG] Preferred.Api.Services.SystemMonitorService 磁盘 C:\ - 总计: 400.00GB, 已用: 141.00GB, 使用率: 35.40% {}
[2026-03-26 22:30:01 INF] Preferred.Api.Services.SystemMonitorService 系统资源监控 - 配置磁盘: auto, 实际监控: C:\, CPU: 0.00%, 内存: 66.67%, 磁盘: 35.40%, 使用内存: 152034791424 {}
[2026-03-26 22:30:01 INF] Preferred.Api.Services.SystemMonitorService 系统资源监控数据保存成功 - CPU: 0.00%, 内存: 66.67%, 磁盘: 35.40% {}
[2026-03-26 22:30:01 INF] Preferred.Api.Services.ScheduledTaskService 系统监控任务执行完成: 系统资源监控 {}
[2026-03-26 22:30:01 INF] Preferred.Api.Services.ScheduledTaskService 手动执行定时任务成功: 系统资源监控 (SYSTEM_RESOURCE_MONITOR), 耗时: 1.09秒 {}
[2026-03-26 22:30:01 INF] Preferred.Api.Services.ScheduledTaskBackgroundService 定时任务执行完成: 1, 结果: 成功 {}
[2026-03-26 22:30:01 INF] Preferred.Api.Services.ScheduledTaskBackgroundService 定时任务 系统资源监控 已安排在 2026-03-26 22:35:00 执行 {}
[2026-03-26 22:35:00 INF] Preferred.Api.Services.ScheduledTaskBackgroundService 开始执行定时任务: 1 {}
[2026-03-26 22:35:00 INF] Preferred.Api.Services.ScheduledTaskService 开始手动执行定时任务: 系统资源监控 (SYSTEM_RESOURCE_MONITOR) {}
[2026-03-26 22:35:00 INF] Preferred.Api.Services.ScheduledTaskService 执行系统监控任务: 系统资源监控 {}
[2026-03-26 22:35:00 INF] Preferred.Api.Services.SystemMonitorService 系统监控服务已初始化 - 操作系统: Windows {}
[2026-03-26 22:35:00 INF] Preferred.Api.Services.SystemMonitorService 开始执行系统资源监控... {}
[2026-03-26 22:35:01 DBG] Preferred.Api.Services.SystemMonitorService 进程估算内存使用率 - 进程总内存: 15.00GB, 估算总内存: 23.84GB, 使用率: 66.67% {}
[2026-03-26 22:35:01 DBG] Preferred.Api.Services.SystemMonitorService 尝试获取Windows磁盘使用情况: C:\ {}
[2026-03-26 22:35:01 DBG] Preferred.Api.Services.SystemMonitorService 磁盘 C:\ - 总计: 400.00GB, 已用: 141.00GB, 使用率: 35.46% {}
[2026-03-26 22:35:01 INF] Preferred.Api.Services.SystemMonitorService 系统资源监控 - 配置磁盘: auto, 实际监控: C:\, CPU: 0.00%, 内存: 66.67%, 磁盘: 35.46%, 使用内存: 152305618944 {}
[2026-03-26 22:35:01 INF] Preferred.Api.Services.SystemMonitorService 系统资源监控数据保存成功 - CPU: 0.00%, 内存: 66.67%, 磁盘: 35.46% {}
[2026-03-26 22:35:01 INF] Preferred.Api.Services.ScheduledTaskService 系统监控任务执行完成: 系统资源监控 {}
[2026-03-26 22:35:01 INF] Preferred.Api.Services.ScheduledTaskService 手动执行定时任务成功: 系统资源监控 (SYSTEM_RESOURCE_MONITOR), 耗时: 1.10秒 {}
[2026-03-26 22:35:01 INF] Preferred.Api.Services.ScheduledTaskBackgroundService 定时任务执行完成: 1, 结果: 成功 {}
[2026-03-26 22:35:01 INF] Preferred.Api.Services.ScheduledTaskBackgroundService 定时任务 系统资源监控 已安排在 2026-03-26 22:40:00 执行 {}
[2026-03-26 22:40:00 INF] Preferred.Api.Services.ScheduledTaskBackgroundService 开始执行定时任务: 1 {}
[2026-03-26 22:40:00 INF] Preferred.Api.Services.ScheduledTaskService 开始手动执行定时任务: 系统资源监控 (SYSTEM_RESOURCE_MONITOR) {}
[2026-03-26 22:40:00 INF] Preferred.Api.Services.ScheduledTaskService 执行系统监控任务: 系统资源监控 {}
[2026-03-26 22:40:00 INF] Preferred.Api.Services.SystemMonitorService 系统监控服务已初始化 - 操作系统: Windows {}
[2026-03-26 22:40:00 INF] Preferred.Api.Services.SystemMonitorService 开始执行系统资源监控... {}
[2026-03-26 22:40:01 DBG] Preferred.Api.Services.SystemMonitorService 进程估算内存使用率 - 进程总内存: 15.00GB, 估算总内存: 23.14GB, 使用率: 66.67% {}
[2026-03-26 22:40:01 DBG] Preferred.Api.Services.SystemMonitorService 尝试获取Windows磁盘使用情况: C:\ {}
[2026-03-26 22:40:01 DBG] Preferred.Api.Services.SystemMonitorService 磁盘 C:\ - 总计: 400.00GB, 已用: 141.00GB, 使用率: 35.41% {}
[2026-03-26 22:40:01 INF] Preferred.Api.Services.SystemMonitorService 系统资源监控 - 配置磁盘: auto, 实际监控: C:\, CPU: 0.00%, 内存: 66.67%, 磁盘: 35.41%, 使用内存: 152101801984 {}
[2026-03-26 22:40:01 INF] Preferred.Api.Services.SystemMonitorService 系统资源监控数据保存成功 - CPU: 0.00%, 内存: 66.67%, 磁盘: 35.41% {}
[2026-03-26 22:40:01 INF] Preferred.Api.Services.ScheduledTaskService 系统监控任务执行完成: 系统资源监控 {}
[2026-03-26 22:40:01 INF] Preferred.Api.Services.ScheduledTaskService 手动执行定时任务成功: 系统资源监控 (SYSTEM_RESOURCE_MONITOR), 耗时: 1.11秒 {}
[2026-03-26 22:40:01 INF] Preferred.Api.Services.ScheduledTaskBackgroundService 定时任务执行完成: 1, 结果: 成功 {}
[2026-03-26 22:40:01 INF] Preferred.Api.Services.ScheduledTaskBackgroundService 定时任务 系统资源监控 已安排在 2026-03-26 22:45:00 执行 {}
[2026-03-26 22:45:00 INF] Preferred.Api.Services.ScheduledTaskBackgroundService 开始执行定时任务: 1 {}
[2026-03-26 22:45:00 INF] Preferred.Api.Services.ScheduledTaskService 开始手动执行定时任务: 系统资源监控 (SYSTEM_RESOURCE_MONITOR) {}
[2026-03-26 22:45:00 INF] Preferred.Api.Services.ScheduledTaskService 执行系统监控任务: 系统资源监控 {}
[2026-03-26 22:45:00 INF] Preferred.Api.Services.SystemMonitorService 系统监控服务已初始化 - 操作系统: Windows {}
[2026-03-26 22:45:00 INF] Preferred.Api.Services.SystemMonitorService 开始执行系统资源监控... {}
[2026-03-26 22:45:01 DBG] Preferred.Api.Services.SystemMonitorService 进程估算内存使用率 - 进程总内存: 15.00GB, 估算总内存: 22.74GB, 使用率: 66.67% {}
[2026-03-26 22:45:01 DBG] Preferred.Api.Services.SystemMonitorService 尝试获取Windows磁盘使用情况: C:\ {}
[2026-03-26 22:45:01 DBG] Preferred.Api.Services.SystemMonitorService 磁盘 C:\ - 总计: 400.00GB, 已用: 141.00GB, 使用率: 35.40% {}
[2026-03-26 22:45:01 INF] Preferred.Api.Services.SystemMonitorService 系统资源监控 - 配置磁盘: auto, 实际监控: C:\, CPU: 0.00%, 内存: 66.67%, 磁盘: 35.40%, 使用内存: 152060522496 {}
[2026-03-26 22:45:01 INF] Preferred.Api.Services.SystemMonitorService 系统资源监控数据保存成功 - CPU: 0.00%, 内存: 66.67%, 磁盘: 35.40% {}
[2026-03-26 22:45:01 INF] Preferred.Api.Services.ScheduledTaskService 系统监控任务执行完成: 系统资源监控 {}
[2026-03-26 22:45:01 INF] Preferred.Api.Services.ScheduledTaskService 手动执行定时任务成功: 系统资源监控 (SYSTEM_RESOURCE_MONITOR), 耗时: 1.11秒 {}
[2026-03-26 22:45:01 INF] Preferred.Api.Services.ScheduledTaskBackgroundService 定时任务执行完成: 1, 结果: 成功 {}
[2026-03-26 22:45:01 INF] Preferred.Api.Services.ScheduledTaskBackgroundService 定时任务 系统资源监控 已安排在 2026-03-26 22:50:00 执行 {}
[2026-03-26 22:50:00 INF] Preferred.Api.Services.ScheduledTaskBackgroundService 开始执行定时任务: 1 {}
[2026-03-26 22:50:00 INF] Preferred.Api.Services.ScheduledTaskService 开始手动执行定时任务: 系统资源监控 (SYSTEM_RESOURCE_MONITOR) {}
[2026-03-26 22:50:00 INF] Preferred.Api.Services.ScheduledTaskService 执行系统监控任务: 系统资源监控 {}
[2026-03-26 22:50:00 INF] Preferred.Api.Services.SystemMonitorService 系统监控服务已初始化 - 操作系统: Windows {}
[2026-03-26 22:50:00 INF] Preferred.Api.Services.SystemMonitorService 开始执行系统资源监控... {}
[2026-03-26 22:50:01 DBG] Preferred.Api.Services.SystemMonitorService 进程估算内存使用率 - 进程总内存: 14.00GB, 估算总内存: 22.05GB, 使用率: 66.67% {}
[2026-03-26 22:50:01 DBG] Preferred.Api.Services.SystemMonitorService 尝试获取Windows磁盘使用情况: C:\ {}
[2026-03-26 22:50:01 DBG] Preferred.Api.Services.SystemMonitorService 磁盘 C:\ - 总计: 400.00GB, 已用: 141.00GB, 使用率: 35.41% {}
[2026-03-26 22:50:01 INF] Preferred.Api.Services.SystemMonitorService 系统资源监控 - 配置磁盘: auto, 实际监控: C:\, CPU: 0.00%, 内存: 66.67%, 磁盘: 35.41%, 使用内存: 152065536000 {}
[2026-03-26 22:50:01 INF] Preferred.Api.Services.SystemMonitorService 系统资源监控数据保存成功 - CPU: 0.00%, 内存: 66.67%, 磁盘: 35.41% {}
[2026-03-26 22:50:01 INF] Preferred.Api.Services.ScheduledTaskService 系统监控任务执行完成: 系统资源监控 {}
[2026-03-26 22:50:01 INF] Preferred.Api.Services.ScheduledTaskService 手动执行定时任务成功: 系统资源监控 (SYSTEM_RESOURCE_MONITOR), 耗时: 1.09秒 {}
[2026-03-26 22:50:01 INF] Preferred.Api.Services.ScheduledTaskBackgroundService 定时任务执行完成: 1, 结果: 成功 {}
[2026-03-26 22:50:01 INF] Preferred.Api.Services.ScheduledTaskBackgroundService 定时任务 系统资源监控 已安排在 2026-03-26 22:55:00 执行 {}
[2026-03-26 22:54:59 INF] Preferred.Api.Services.ScheduledTaskBackgroundService 开始执行定时任务: 1 {}
[2026-03-26 22:55:00 INF] Preferred.Api.Services.ScheduledTaskService 开始手动执行定时任务: 系统资源监控 (SYSTEM_RESOURCE_MONITOR) {}
[2026-03-26 22:55:00 INF] Preferred.Api.Services.ScheduledTaskService 执行系统监控任务: 系统资源监控 {}
[2026-03-26 22:55:00 INF] Preferred.Api.Services.SystemMonitorService 系统监控服务已初始化 - 操作系统: Windows {}
[2026-03-26 22:55:00 INF] Preferred.Api.Services.SystemMonitorService 开始执行系统资源监控... {}
[2026-03-26 22:55:01 DBG] Preferred.Api.Services.SystemMonitorService 进程估算内存使用率 - 进程总内存: 14.00GB, 估算总内存: 22.38GB, 使用率: 66.67% {}
[2026-03-26 22:55:01 DBG] Preferred.Api.Services.SystemMonitorService 尝试获取Windows磁盘使用情况: C:\ {}
[2026-03-26 22:55:01 DBG] Preferred.Api.Services.SystemMonitorService 磁盘 C:\ - 总计: 400.00GB, 已用: 141.00GB, 使用率: 35.41% {}
[2026-03-26 22:55:01 INF] Preferred.Api.Services.SystemMonitorService 系统资源监控 - 配置磁盘: auto, 实际监控: C:\, CPU: 0.00%, 内存: 66.67%, 磁盘: 35.41%, 使用内存: 152073035776 {}
[2026-03-26 22:55:01 INF] Preferred.Api.Services.SystemMonitorService 系统资源监控数据保存成功 - CPU: 0.00%, 内存: 66.67%, 磁盘: 35.41% {}
[2026-03-26 22:55:01 INF] Preferred.Api.Services.ScheduledTaskService 系统监控任务执行完成: 系统资源监控 {}
[2026-03-26 22:55:01 INF] Preferred.Api.Services.ScheduledTaskService 手动执行定时任务成功: 系统资源监控 (SYSTEM_RESOURCE_MONITOR), 耗时: 1.09秒 {}
[2026-03-26 22:55:01 INF] Preferred.Api.Services.ScheduledTaskBackgroundService 定时任务执行完成: 1, 结果: 成功 {}
[2026-03-26 22:55:01 INF] Preferred.Api.Services.ScheduledTaskBackgroundService 定时任务 系统资源监控 已安排在 2026-03-26 23:00:00 执行 {}
[2026-03-26 23:00:00 INF] Preferred.Api.Services.ScheduledTaskBackgroundService 开始执行定时任务: 1 {}
[2026-03-26 23:00:00 INF] Preferred.Api.Services.ScheduledTaskService 开始手动执行定时任务: 系统资源监控 (SYSTEM_RESOURCE_MONITOR) {}
[2026-03-26 23:00:00 INF] Preferred.Api.Services.ScheduledTaskService 执行系统监控任务: 系统资源监控 {}
[2026-03-26 23:00:00 INF] Preferred.Api.Services.SystemMonitorService 系统监控服务已初始化 - 操作系统: Windows {}
[2026-03-26 23:00:00 INF] Preferred.Api.Services.SystemMonitorService 开始执行系统资源监控... {}
[2026-03-26 23:00:01 DBG] Preferred.Api.Services.SystemMonitorService 进程估算内存使用率 - 进程总内存: 15.00GB, 估算总内存: 22.67GB, 使用率: 66.67% {}
[2026-03-26 23:00:01 DBG] Preferred.Api.Services.SystemMonitorService 尝试获取Windows磁盘使用情况: C:\ {}
[2026-03-26 23:00:01 DBG] Preferred.Api.Services.SystemMonitorService 磁盘 C:\ - 总计: 400.00GB, 已用: 141.00GB, 使用率: 35.40% {}
[2026-03-26 23:00:01 INF] Preferred.Api.Services.SystemMonitorService 系统资源监控 - 配置磁盘: auto, 实际监控: C:\, CPU: 0.00%, 内存: 66.67%, 磁盘: 35.40%, 使用内存: 152058216448 {}
[2026-03-26 23:00:01 INF] Preferred.Api.Services.SystemMonitorService 系统资源监控数据保存成功 - CPU: 0.00%, 内存: 66.67%, 磁盘: 35.40% {}
[2026-03-26 23:00:01 INF] Preferred.Api.Services.ScheduledTaskService 系统监控任务执行完成: 系统资源监控 {}
[2026-03-26 23:00:01 INF] Preferred.Api.Services.ScheduledTaskService 手动执行定时任务成功: 系统资源监控 (SYSTEM_RESOURCE_MONITOR), 耗时: 1.10秒 {}
[2026-03-26 23:00:01 INF] Preferred.Api.Services.ScheduledTaskBackgroundService 定时任务执行完成: 1, 结果: 成功 {}
[2026-03-26 23:00:01 INF] Preferred.Api.Services.ScheduledTaskBackgroundService 定时任务 系统资源监控 已安排在 2026-03-26 23:05:00 执行 {}
[2026-03-26 23:05:00 INF] Preferred.Api.Services.ScheduledTaskBackgroundService 开始执行定时任务: 1 {}
[2026-03-26 23:05:00 INF] Preferred.Api.Services.ScheduledTaskService 开始手动执行定时任务: 系统资源监控 (SYSTEM_RESOURCE_MONITOR) {}
[2026-03-26 23:05:00 INF] Preferred.Api.Services.ScheduledTaskService 执行系统监控任务: 系统资源监控 {}
[2026-03-26 23:05:00 INF] Preferred.Api.Services.SystemMonitorService 系统监控服务已初始化 - 操作系统: Windows {}
[2026-03-26 23:05:00 INF] Preferred.Api.Services.SystemMonitorService 开始执行系统资源监控... {}
[2026-03-26 23:05:01 DBG] Preferred.Api.Services.SystemMonitorService 进程估算内存使用率 - 进程总内存: 15.00GB, 估算总内存: 22.57GB, 使用率: 66.67% {}
[2026-03-26 23:05:01 DBG] Preferred.Api.Services.SystemMonitorService 尝试获取Windows磁盘使用情况: C:\ {}
[2026-03-26 23:05:01 DBG] Preferred.Api.Services.SystemMonitorService 磁盘 C:\ - 总计: 400.00GB, 已用: 141.00GB, 使用率: 35.41% {}
[2026-03-26 23:05:01 INF] Preferred.Api.Services.SystemMonitorService 系统资源监控 - 配置磁盘: auto, 实际监控: C:\, CPU: 0.29%, 内存: 66.67%, 磁盘: 35.41%, 使用内存: 152087064576 {}
[2026-03-26 23:05:01 INF] Preferred.Api.Services.SystemMonitorService 系统资源监控数据保存成功 - CPU: 0.29%, 内存: 66.67%, 磁盘: 35.41% {}
[2026-03-26 23:05:01 INF] Preferred.Api.Services.ScheduledTaskService 系统监控任务执行完成: 系统资源监控 {}
[2026-03-26 23:05:01 INF] Preferred.Api.Services.ScheduledTaskService 手动执行定时任务成功: 系统资源监控 (SYSTEM_RESOURCE_MONITOR), 耗时: 1.10秒 {}
[2026-03-26 23:05:01 INF] Preferred.Api.Services.ScheduledTaskBackgroundService 定时任务执行完成: 1, 结果: 成功 {}
[2026-03-26 23:05:01 INF] Preferred.Api.Services.ScheduledTaskBackgroundService 定时任务 系统资源监控 已安排在 2026-03-26 23:10:00 执行 {}
[2026-03-26 23:10:00 INF] Preferred.Api.Services.ScheduledTaskBackgroundService 开始执行定时任务: 1 {}
[2026-03-26 23:10:00 INF] Preferred.Api.Services.ScheduledTaskService 开始手动执行定时任务: 系统资源监控 (SYSTEM_RESOURCE_MONITOR) {}
[2026-03-26 23:10:00 INF] Preferred.Api.Services.ScheduledTaskService 执行系统监控任务: 系统资源监控 {}
[2026-03-26 23:10:00 INF] Preferred.Api.Services.SystemMonitorService 系统监控服务已初始化 - 操作系统: Windows {}
[2026-03-26 23:10:00 INF] Preferred.Api.Services.SystemMonitorService 开始执行系统资源监控... {}
[2026-03-26 23:10:01 DBG] Preferred.Api.Services.SystemMonitorService 进程估算内存使用率 - 进程总内存: 15.00GB, 估算总内存: 22.60GB, 使用率: 66.67% {}
[2026-03-26 23:10:01 DBG] Preferred.Api.Services.SystemMonitorService 尝试获取Windows磁盘使用情况: C:\ {}
[2026-03-26 23:10:01 DBG] Preferred.Api.Services.SystemMonitorService 磁盘 C:\ - 总计: 400.00GB, 已用: 141.00GB, 使用率: 35.41% {}
[2026-03-26 23:10:01 INF] Preferred.Api.Services.SystemMonitorService 系统资源监控 - 配置磁盘: auto, 实际监控: C:\, CPU: 0.19%, 内存: 66.67%, 磁盘: 35.41%, 使用内存: 152094101504 {}
[2026-03-26 23:10:01 INF] Preferred.Api.Services.SystemMonitorService 系统资源监控数据保存成功 - CPU: 0.19%, 内存: 66.67%, 磁盘: 35.41% {}
[2026-03-26 23:10:01 INF] Preferred.Api.Services.ScheduledTaskService 系统监控任务执行完成: 系统资源监控 {}
[2026-03-26 23:10:01 INF] Preferred.Api.Services.ScheduledTaskService 手动执行定时任务成功: 系统资源监控 (SYSTEM_RESOURCE_MONITOR), 耗时: 1.10秒 {}
[2026-03-26 23:10:01 INF] Preferred.Api.Services.ScheduledTaskBackgroundService 定时任务执行完成: 1, 结果: 成功 {}
[2026-03-26 23:10:01 INF] Preferred.Api.Services.ScheduledTaskBackgroundService 定时任务 系统资源监控 已安排在 2026-03-26 23:15:00 执行 {}
[2026-03-26 23:15:00 INF] Preferred.Api.Services.ScheduledTaskBackgroundService 开始执行定时任务: 1 {}
[2026-03-26 23:15:00 INF] Preferred.Api.Services.ScheduledTaskService 开始手动执行定时任务: 系统资源监控 (SYSTEM_RESOURCE_MONITOR) {}
[2026-03-26 23:15:00 INF] Preferred.Api.Services.ScheduledTaskService 执行系统监控任务: 系统资源监控 {}
[2026-03-26 23:15:00 INF] Preferred.Api.Services.SystemMonitorService 系统监控服务已初始化 - 操作系统: Windows {}
[2026-03-26 23:15:00 INF] Preferred.Api.Services.SystemMonitorService 开始执行系统资源监控... {}
[2026-03-26 23:15:01 DBG] Preferred.Api.Services.SystemMonitorService 进程估算内存使用率 - 进程总内存: 14.00GB, 估算总内存: 22.26GB, 使用率: 66.67% {}
[2026-03-26 23:15:01 DBG] Preferred.Api.Services.SystemMonitorService 尝试获取Windows磁盘使用情况: C:\ {}
[2026-03-26 23:15:01 DBG] Preferred.Api.Services.SystemMonitorService 磁盘 C:\ - 总计: 400.00GB, 已用: 141.00GB, 使用率: 35.41% {}
[2026-03-26 23:15:01 INF] Preferred.Api.Services.SystemMonitorService 系统资源监控 - 配置磁盘: auto, 实际监控: C:\, CPU: 0.00%, 内存: 66.67%, 磁盘: 35.41%, 使用内存: 152087740416 {}
[2026-03-26 23:15:01 INF] Preferred.Api.Services.SystemMonitorService 系统资源监控数据保存成功 - CPU: 0.00%, 内存: 66.67%, 磁盘: 35.41% {}
[2026-03-26 23:15:01 INF] Preferred.Api.Services.ScheduledTaskService 系统监控任务执行完成: 系统资源监控 {}
[2026-03-26 23:15:01 INF] Preferred.Api.Services.ScheduledTaskService 手动执行定时任务成功: 系统资源监控 (SYSTEM_RESOURCE_MONITOR), 耗时: 1.11秒 {}
[2026-03-26 23:15:01 INF] Preferred.Api.Services.ScheduledTaskBackgroundService 定时任务执行完成: 1, 结果: 成功 {}
[2026-03-26 23:15:01 INF] Preferred.Api.Services.ScheduledTaskBackgroundService 定时任务 系统资源监控 已安排在 2026-03-26 23:20:00 执行 {}
[2026-03-26 23:20:00 INF] Preferred.Api.Services.ScheduledTaskBackgroundService 开始执行定时任务: 1 {}
[2026-03-26 23:20:00 INF] Preferred.Api.Services.ScheduledTaskService 开始手动执行定时任务: 系统资源监控 (SYSTEM_RESOURCE_MONITOR) {}
[2026-03-26 23:20:00 INF] Preferred.Api.Services.ScheduledTaskService 执行系统监控任务: 系统资源监控 {}
[2026-03-26 23:20:00 INF] Preferred.Api.Services.SystemMonitorService 系统监控服务已初始化 - 操作系统: Windows {}
[2026-03-26 23:20:00 INF] Preferred.Api.Services.SystemMonitorService 开始执行系统资源监控... {}
[2026-03-26 23:20:01 DBG] Preferred.Api.Services.SystemMonitorService 进程估算内存使用率 - 进程总内存: 14.00GB, 估算总内存: 22.30GB, 使用率: 66.67% {}
[2026-03-26 23:20:01 DBG] Preferred.Api.Services.SystemMonitorService 尝试获取Windows磁盘使用情况: C:\ {}
[2026-03-26 23:20:01 DBG] Preferred.Api.Services.SystemMonitorService 磁盘 C:\ - 总计: 400.00GB, 已用: 141.00GB, 使用率: 35.41% {}
[2026-03-26 23:20:01 INF] Preferred.Api.Services.SystemMonitorService 系统资源监控 - 配置磁盘: auto, 实际监控: C:\, CPU: 0.00%, 内存: 66.67%, 磁盘: 35.41%, 使用内存: 152079937536 {}
[2026-03-26 23:20:01 INF] Preferred.Api.Services.SystemMonitorService 系统资源监控数据保存成功 - CPU: 0.00%, 内存: 66.67%, 磁盘: 35.41% {}
[2026-03-26 23:20:01 INF] Preferred.Api.Services.ScheduledTaskService 系统监控任务执行完成: 系统资源监控 {}
[2026-03-26 23:20:01 INF] Preferred.Api.Services.ScheduledTaskService 手动执行定时任务成功: 系统资源监控 (SYSTEM_RESOURCE_MONITOR), 耗时: 1.09秒 {}
[2026-03-26 23:20:01 INF] Preferred.Api.Services.ScheduledTaskBackgroundService 定时任务执行完成: 1, 结果: 成功 {}
[2026-03-26 23:20:01 INF] Preferred.Api.Services.ScheduledTaskBackgroundService 定时任务 系统资源监控 已安排在 2026-03-26 23:25:00 执行 {}
[2026-03-26 23:25:00 INF] Preferred.Api.Services.ScheduledTaskBackgroundService 开始执行定时任务: 1 {}
[2026-03-26 23:25:00 INF] Preferred.Api.Services.ScheduledTaskService 开始手动执行定时任务: 系统资源监控 (SYSTEM_RESOURCE_MONITOR) {}
[2026-03-26 23:25:00 INF] Preferred.Api.Services.ScheduledTaskService 执行系统监控任务: 系统资源监控 {}
[2026-03-26 23:25:00 INF] Preferred.Api.Services.SystemMonitorService 系统监控服务已初始化 - 操作系统: Windows {}
[2026-03-26 23:25:00 INF] Preferred.Api.Services.SystemMonitorService 开始执行系统资源监控... {}
[2026-03-26 23:25:01 DBG] Preferred.Api.Services.SystemMonitorService 进程估算内存使用率 - 进程总内存: 16.00GB, 估算总内存: 24.96GB, 使用率: 66.67% {}
[2026-03-26 23:25:01 DBG] Preferred.Api.Services.SystemMonitorService 尝试获取Windows磁盘使用情况: C:\ {}
[2026-03-26 23:25:01 DBG] Preferred.Api.Services.SystemMonitorService 磁盘 C:\ - 总计: 400.00GB, 已用: 141.00GB, 使用率: 35.41% {}
[2026-03-26 23:25:01 INF] Preferred.Api.Services.SystemMonitorService 系统资源监控 - 配置磁盘: auto, 实际监控: C:\, CPU: 0.00%, 内存: 66.67%, 磁盘: 35.41%, 使用内存: 152087474176 {}
[2026-03-26 23:25:01 INF] Preferred.Api.Services.SystemMonitorService 系统资源监控数据保存成功 - CPU: 0.00%, 内存: 66.67%, 磁盘: 35.41% {}
[2026-03-26 23:25:01 INF] Preferred.Api.Services.ScheduledTaskService 系统监控任务执行完成: 系统资源监控 {}
[2026-03-26 23:25:01 INF] Preferred.Api.Services.ScheduledTaskService 手动执行定时任务成功: 系统资源监控 (SYSTEM_RESOURCE_MONITOR), 耗时: 1.10秒 {}
[2026-03-26 23:25:01 INF] Preferred.Api.Services.ScheduledTaskBackgroundService 定时任务执行完成: 1, 结果: 成功 {}
[2026-03-26 23:25:01 INF] Preferred.Api.Services.ScheduledTaskBackgroundService 定时任务 系统资源监控 已安排在 2026-03-26 23:30:00 执行 {}
[2026-03-26 23:30:00 INF] Preferred.Api.Services.ScheduledTaskBackgroundService 开始执行定时任务: 1 {}
[2026-03-26 23:30:00 INF] Preferred.Api.Services.ScheduledTaskService 开始手动执行定时任务: 系统资源监控 (SYSTEM_RESOURCE_MONITOR) {}
[2026-03-26 23:30:00 INF] Preferred.Api.Services.ScheduledTaskService 执行系统监控任务: 系统资源监控 {}
[2026-03-26 23:30:00 INF] Preferred.Api.Services.SystemMonitorService 系统监控服务已初始化 - 操作系统: Windows {}
[2026-03-26 23:30:00 INF] Preferred.Api.Services.SystemMonitorService 开始执行系统资源监控... {}
[2026-03-26 23:30:01 DBG] Preferred.Api.Services.SystemMonitorService 进程估算内存使用率 - 进程总内存: 15.00GB, 估算总内存: 22.58GB, 使用率: 66.67% {}
[2026-03-26 23:30:01 DBG] Preferred.Api.Services.SystemMonitorService 尝试获取Windows磁盘使用情况: C:\ {}
[2026-03-26 23:30:01 DBG] Preferred.Api.Services.SystemMonitorService 磁盘 C:\ - 总计: 400.00GB, 已用: 141.00GB, 使用率: 35.41% {}
[2026-03-26 23:30:01 INF] Preferred.Api.Services.SystemMonitorService 系统资源监控 - 配置磁盘: auto, 实际监控: C:\, CPU: 0.00%, 内存: 66.67%, 磁盘: 35.41%, 使用内存: 152098697216 {}
[2026-03-26 23:30:01 INF] Preferred.Api.Services.SystemMonitorService 系统资源监控数据保存成功 - CPU: 0.00%, 内存: 66.67%, 磁盘: 35.41% {}
[2026-03-26 23:30:01 INF] Preferred.Api.Services.ScheduledTaskService 系统监控任务执行完成: 系统资源监控 {}
[2026-03-26 23:30:01 INF] Preferred.Api.Services.ScheduledTaskService 手动执行定时任务成功: 系统资源监控 (SYSTEM_RESOURCE_MONITOR), 耗时: 1.10秒 {}
[2026-03-26 23:30:01 INF] Preferred.Api.Services.ScheduledTaskBackgroundService 定时任务执行完成: 1, 结果: 成功 {}
[2026-03-26 23:30:01 INF] Preferred.Api.Services.ScheduledTaskBackgroundService 定时任务 系统资源监控 已安排在 2026-03-26 23:35:00 执行 {}
[2026-03-26 23:34:59 INF] Preferred.Api.Services.ScheduledTaskBackgroundService 开始执行定时任务: 1 {}
[2026-03-26 23:35:00 INF] Preferred.Api.Services.ScheduledTaskService 开始手动执行定时任务: 系统资源监控 (SYSTEM_RESOURCE_MONITOR) {}
[2026-03-26 23:35:00 INF] Preferred.Api.Services.ScheduledTaskService 执行系统监控任务: 系统资源监控 {}
[2026-03-26 23:35:00 INF] Preferred.Api.Services.SystemMonitorService 系统监控服务已初始化 - 操作系统: Windows {}
[2026-03-26 23:35:00 INF] Preferred.Api.Services.SystemMonitorService 开始执行系统资源监控... {}
[2026-03-26 23:35:01 DBG] Preferred.Api.Services.SystemMonitorService 进程估算内存使用率 - 进程总内存: 15.00GB, 估算总内存: 23.56GB, 使用率: 66.67% {}
[2026-03-26 23:35:01 DBG] Preferred.Api.Services.SystemMonitorService 尝试获取Windows磁盘使用情况: C:\ {}
[2026-03-26 23:35:01 DBG] Preferred.Api.Services.SystemMonitorService 磁盘 C:\ - 总计: 400.00GB, 已用: 140.00GB, 使用率: 35.21% {}
[2026-03-26 23:35:01 INF] Preferred.Api.Services.SystemMonitorService 系统资源监控 - 配置磁盘: auto, 实际监控: C:\, CPU: 0.10%, 内存: 66.67%, 磁盘: 35.21%, 使用内存: 151218651136 {}
[2026-03-26 23:35:01 INF] Preferred.Api.Services.SystemMonitorService 系统资源监控数据保存成功 - CPU: 0.10%, 内存: 66.67%, 磁盘: 35.21% {}
[2026-03-26 23:35:01 INF] Preferred.Api.Services.ScheduledTaskService 系统监控任务执行完成: 系统资源监控 {}
[2026-03-26 23:35:01 INF] Preferred.Api.Services.ScheduledTaskService 手动执行定时任务成功: 系统资源监控 (SYSTEM_RESOURCE_MONITOR), 耗时: 1.10秒 {}
[2026-03-26 23:35:01 INF] Preferred.Api.Services.ScheduledTaskBackgroundService 定时任务执行完成: 1, 结果: 成功 {}
[2026-03-26 23:35:01 INF] Preferred.Api.Services.ScheduledTaskBackgroundService 定时任务 系统资源监控 已安排在 2026-03-26 23:40:00 执行 {}
[2026-03-26 23:52:06 INF] Preferred.Api.Services.ScheduledTaskBackgroundService 开始执行定时任务: 1 {}
[2026-03-26 23:52:06 INF] Preferred.Api.Services.ScheduledTaskService 开始手动执行定时任务: 系统资源监控 (SYSTEM_RESOURCE_MONITOR) {}
[2026-03-26 23:52:06 INF] Preferred.Api.Services.ScheduledTaskService 执行系统监控任务: 系统资源监控 {}
[2026-03-26 23:52:06 INF] Preferred.Api.Services.SystemMonitorService 系统监控服务已初始化 - 操作系统: Windows {}
[2026-03-26 23:52:06 INF] Preferred.Api.Services.SystemMonitorService 开始执行系统资源监控... {}
[2026-03-26 23:52:07 DBG] Preferred.Api.Services.SystemMonitorService 进程估算内存使用率 - 进程总内存: 16.00GB, 估算总内存: 25.38GB, 使用率: 66.67% {}
[2026-03-26 23:52:07 DBG] Preferred.Api.Services.SystemMonitorService 尝试获取Windows磁盘使用情况: C:\ {}
[2026-03-26 23:52:07 DBG] Preferred.Api.Services.SystemMonitorService 磁盘 C:\ - 总计: 400.00GB, 已用: 141.00GB, 使用率: 35.47% {}
[2026-03-26 23:52:07 INF] Preferred.Api.Services.SystemMonitorService 系统资源监控 - 配置磁盘: auto, 实际监控: C:\, CPU: 0.00%, 内存: 66.67%, 磁盘: 35.47%, 使用内存: 152323223552 {}
[2026-03-26 23:52:08 INF] Preferred.Api.Services.SystemMonitorService 系统资源监控数据保存成功 - CPU: 0.00%, 内存: 66.67%, 磁盘: 35.47% {}
[2026-03-26 23:52:08 INF] Preferred.Api.Services.ScheduledTaskService 系统监控任务执行完成: 系统资源监控 {}
[2026-03-26 23:52:08 INF] Preferred.Api.Services.ScheduledTaskService 手动执行定时任务成功: 系统资源监控 (SYSTEM_RESOURCE_MONITOR), 耗时: 1.10秒 {}
[2026-03-26 23:52:08 INF] Preferred.Api.Services.ScheduledTaskBackgroundService 定时任务执行完成: 1, 结果: 成功 {}
[2026-03-26 23:52:08 INF] Preferred.Api.Services.ScheduledTaskBackgroundService 定时任务 系统资源监控 已安排在 2026-03-26 23:55:00 执行 {}
[2026-03-26 23:55:00 INF] Preferred.Api.Services.ScheduledTaskBackgroundService 开始执行定时任务: 1 {}
[2026-03-26 23:55:00 INF] Preferred.Api.Services.ScheduledTaskService 开始手动执行定时任务: 系统资源监控 (SYSTEM_RESOURCE_MONITOR) {}
[2026-03-26 23:55:00 INF] Preferred.Api.Services.ScheduledTaskService 执行系统监控任务: 系统资源监控 {}
[2026-03-26 23:55:00 INF] Preferred.Api.Services.SystemMonitorService 系统监控服务已初始化 - 操作系统: Windows {}
[2026-03-26 23:55:00 INF] Preferred.Api.Services.SystemMonitorService 开始执行系统资源监控... {}
[2026-03-26 23:55:01 DBG] Preferred.Api.Services.SystemMonitorService 进程估算内存使用率 - 进程总内存: 16.00GB, 估算总内存: 24.90GB, 使用率: 66.67% {}
[2026-03-26 23:55:01 DBG] Preferred.Api.Services.SystemMonitorService 尝试获取Windows磁盘使用情况: C:\ {}
[2026-03-26 23:55:01 DBG] Preferred.Api.Services.SystemMonitorService 磁盘 C:\ - 总计: 400.00GB, 已用: 141.00GB, 使用率: 35.47% {}
[2026-03-26 23:55:01 INF] Preferred.Api.Services.SystemMonitorService 系统资源监控 - 配置磁盘: auto, 实际监控: C:\, CPU: 0.00%, 内存: 66.67%, 磁盘: 35.47%, 使用内存: 152334532608 {}
[2026-03-26 23:55:01 INF] Preferred.Api.Services.SystemMonitorService 系统资源监控数据保存成功 - CPU: 0.00%, 内存: 66.67%, 磁盘: 35.47% {}
[2026-03-26 23:55:01 INF] Preferred.Api.Services.ScheduledTaskService 系统监控任务执行完成: 系统资源监控 {}
[2026-03-26 23:55:01 INF] Preferred.Api.Services.ScheduledTaskService 手动执行定时任务成功: 系统资源监控 (SYSTEM_RESOURCE_MONITOR), 耗时: 1.11秒 {}
[2026-03-26 23:55:01 INF] Preferred.Api.Services.ScheduledTaskBackgroundService 定时任务执行完成: 1, 结果: 成功 {}
[2026-03-26 23:55:01 INF] Preferred.Api.Services.ScheduledTaskBackgroundService 定时任务 系统资源监控 已安排在 2026-03-27 00:00:00 执行 {}
