[2026-01-12 21:02:15 INF]  应用程序启动中... {}
[2026-01-12 21:02:16 FTL]  应用程序启动失败 {}
System.AggregateException: Some services are not able to be constructed (Error while validating the service descriptor 'ServiceType: Microsoft.Extensions.Hosting.IHostedService Lifetime: Singleton ImplementationType: Preferred.Api.Services.VideoAnalysisWorker': Cannot consume scoped service 'Preferred.Api.Services.SparkDetectionService' from singleton 'Microsoft.Extensions.Hosting.IHostedService'.)
 ---> System.InvalidOperationException: Error while validating the service descriptor 'ServiceType: Microsoft.Extensions.Hosting.IHostedService Lifetime: Singleton ImplementationType: Preferred.Api.Services.VideoAnalysisWorker': Cannot consume scoped service 'Preferred.Api.Services.SparkDetectionService' from singleton 'Microsoft.Extensions.Hosting.IHostedService'.
 ---> System.InvalidOperationException: Cannot consume scoped service 'Preferred.Api.Services.SparkDetectionService' from singleton 'Microsoft.Extensions.Hosting.IHostedService'.
   at Microsoft.Extensions.DependencyInjection.ServiceLookup.CallSiteValidator.VisitScopeCache(ServiceCallSite scopedCallSite, CallSiteValidatorState state)
   at Microsoft.Extensions.DependencyInjection.ServiceLookup.CallSiteVisitor`2.VisitCallSite(ServiceCallSite callSite, TArgument argument)
   at Microsoft.Extensions.DependencyInjection.ServiceLookup.CallSiteValidator.VisitConstructor(ConstructorCallSite constructorCallSite, CallSiteValidatorState state)
   at Microsoft.Extensions.DependencyInjection.ServiceLookup.CallSiteVisitor`2.VisitCallSiteMain(ServiceCallSite callSite, TArgument argument)
   at Microsoft.Extensions.DependencyInjection.ServiceLookup.CallSiteValidator.VisitRootCache(ServiceCallSite singletonCallSite, CallSiteValidatorState state)
   at Microsoft.Extensions.DependencyInjection.ServiceLookup.CallSiteVisitor`2.VisitCallSite(ServiceCallSite callSite, TArgument argument)
   at Microsoft.Extensions.DependencyInjection.ServiceLookup.CallSiteValidator.ValidateCallSite(ServiceCallSite callSite)
   at Microsoft.Extensions.DependencyInjection.ServiceProvider.Microsoft.Extensions.DependencyInjection.ServiceLookup.IServiceProviderEngineCallback.OnCreate(ServiceCallSite callSite)
   at Microsoft.Extensions.DependencyInjection.ServiceLookup.ServiceProviderEngine.ValidateService(ServiceDescriptor descriptor)
   --- End of inner exception stack trace ---
   at Microsoft.Extensions.DependencyInjection.ServiceLookup.ServiceProviderEngine.ValidateService(ServiceDescriptor descriptor)
   at Microsoft.Extensions.DependencyInjection.ServiceProvider..ctor(IEnumerable`1 serviceDescriptors, ServiceProviderOptions options)
   --- End of inner exception stack trace ---
   at Microsoft.Extensions.DependencyInjection.ServiceProvider..ctor(IEnumerable`1 serviceDescriptors, ServiceProviderOptions options)
   at Microsoft.Extensions.DependencyInjection.ServiceCollectionContainerBuilderExtensions.BuildServiceProvider(IServiceCollection services, ServiceProviderOptions options)
   at Microsoft.Extensions.DependencyInjection.DefaultServiceProviderFactory.CreateServiceProvider(IServiceCollection containerBuilder)
   at Microsoft.Extensions.Hosting.Internal.ServiceFactoryAdapter`1.CreateServiceProvider(Object containerBuilder)
   at Microsoft.Extensions.Hosting.HostBuilder.CreateServiceProvider()
   at Microsoft.Extensions.Hosting.HostBuilder.Build()
   at Preferred.Api.Program.Main(String[] args) in D:\github\preferredsummary\api\Preferred.Api\Program.cs:line 50
[2026-01-12 21:03:39 INF]  应用程序启动中... {}
[2026-01-12 21:03:39 FTL]  应用程序启动失败 {}
System.AggregateException: Some services are not able to be constructed (Error while validating the service descriptor 'ServiceType: Microsoft.Extensions.Hosting.IHostedService Lifetime: Singleton ImplementationType: Preferred.Api.Services.VideoAnalysisWorker': Cannot consume scoped service 'Preferred.Api.Services.SparkDetectionService' from singleton 'Microsoft.Extensions.Hosting.IHostedService'.)
 ---> System.InvalidOperationException: Error while validating the service descriptor 'ServiceType: Microsoft.Extensions.Hosting.IHostedService Lifetime: Singleton ImplementationType: Preferred.Api.Services.VideoAnalysisWorker': Cannot consume scoped service 'Preferred.Api.Services.SparkDetectionService' from singleton 'Microsoft.Extensions.Hosting.IHostedService'.
 ---> System.InvalidOperationException: Cannot consume scoped service 'Preferred.Api.Services.SparkDetectionService' from singleton 'Microsoft.Extensions.Hosting.IHostedService'.
   at Microsoft.Extensions.DependencyInjection.ServiceLookup.CallSiteValidator.VisitScopeCache(ServiceCallSite scopedCallSite, CallSiteValidatorState state)
   at Microsoft.Extensions.DependencyInjection.ServiceLookup.CallSiteVisitor`2.VisitCallSite(ServiceCallSite callSite, TArgument argument)
   at Microsoft.Extensions.DependencyInjection.ServiceLookup.CallSiteValidator.VisitConstructor(ConstructorCallSite constructorCallSite, CallSiteValidatorState state)
   at Microsoft.Extensions.DependencyInjection.ServiceLookup.CallSiteVisitor`2.VisitCallSiteMain(ServiceCallSite callSite, TArgument argument)
   at Microsoft.Extensions.DependencyInjection.ServiceLookup.CallSiteValidator.VisitRootCache(ServiceCallSite singletonCallSite, CallSiteValidatorState state)
   at Microsoft.Extensions.DependencyInjection.ServiceLookup.CallSiteVisitor`2.VisitCallSite(ServiceCallSite callSite, TArgument argument)
   at Microsoft.Extensions.DependencyInjection.ServiceLookup.CallSiteValidator.ValidateCallSite(ServiceCallSite callSite)
   at Microsoft.Extensions.DependencyInjection.ServiceProvider.Microsoft.Extensions.DependencyInjection.ServiceLookup.IServiceProviderEngineCallback.OnCreate(ServiceCallSite callSite)
   at Microsoft.Extensions.DependencyInjection.ServiceLookup.ServiceProviderEngine.ValidateService(ServiceDescriptor descriptor)
   --- End of inner exception stack trace ---
   at Microsoft.Extensions.DependencyInjection.ServiceLookup.ServiceProviderEngine.ValidateService(ServiceDescriptor descriptor)
   at Microsoft.Extensions.DependencyInjection.ServiceProvider..ctor(IEnumerable`1 serviceDescriptors, ServiceProviderOptions options)
   --- End of inner exception stack trace ---
   at Microsoft.Extensions.DependencyInjection.ServiceProvider..ctor(IEnumerable`1 serviceDescriptors, ServiceProviderOptions options)
   at Microsoft.Extensions.DependencyInjection.ServiceCollectionContainerBuilderExtensions.BuildServiceProvider(IServiceCollection services, ServiceProviderOptions options)
   at Microsoft.Extensions.DependencyInjection.DefaultServiceProviderFactory.CreateServiceProvider(IServiceCollection containerBuilder)
   at Microsoft.Extensions.Hosting.Internal.ServiceFactoryAdapter`1.CreateServiceProvider(Object containerBuilder)
   at Microsoft.Extensions.Hosting.HostBuilder.CreateServiceProvider()
   at Microsoft.Extensions.Hosting.HostBuilder.Build()
   at Preferred.Api.Program.Main(String[] args) in D:\github\preferredsummary\api\Preferred.Api\Program.cs:line 50
[2026-01-12 21:04:36 INF]  应用程序启动中... {}
[2026-01-12 21:04:37 FTL]  应用程序启动失败 {}
System.AggregateException: Some services are not able to be constructed (Error while validating the service descriptor 'ServiceType: Microsoft.Extensions.Hosting.IHostedService Lifetime: Singleton ImplementationType: Preferred.Api.Services.VideoAnalysisWorker': Cannot consume scoped service 'Preferred.Api.Services.SparkDetectionService' from singleton 'Microsoft.Extensions.Hosting.IHostedService'.)
 ---> System.InvalidOperationException: Error while validating the service descriptor 'ServiceType: Microsoft.Extensions.Hosting.IHostedService Lifetime: Singleton ImplementationType: Preferred.Api.Services.VideoAnalysisWorker': Cannot consume scoped service 'Preferred.Api.Services.SparkDetectionService' from singleton 'Microsoft.Extensions.Hosting.IHostedService'.
 ---> System.InvalidOperationException: Cannot consume scoped service 'Preferred.Api.Services.SparkDetectionService' from singleton 'Microsoft.Extensions.Hosting.IHostedService'.
   at Microsoft.Extensions.DependencyInjection.ServiceLookup.CallSiteValidator.VisitScopeCache(ServiceCallSite scopedCallSite, CallSiteValidatorState state)
   at Microsoft.Extensions.DependencyInjection.ServiceLookup.CallSiteVisitor`2.VisitCallSite(ServiceCallSite callSite, TArgument argument)
   at Microsoft.Extensions.DependencyInjection.ServiceLookup.CallSiteValidator.VisitConstructor(ConstructorCallSite constructorCallSite, CallSiteValidatorState state)
   at Microsoft.Extensions.DependencyInjection.ServiceLookup.CallSiteVisitor`2.VisitCallSiteMain(ServiceCallSite callSite, TArgument argument)
   at Microsoft.Extensions.DependencyInjection.ServiceLookup.CallSiteValidator.VisitRootCache(ServiceCallSite singletonCallSite, CallSiteValidatorState state)
   at Microsoft.Extensions.DependencyInjection.ServiceLookup.CallSiteVisitor`2.VisitCallSite(ServiceCallSite callSite, TArgument argument)
   at Microsoft.Extensions.DependencyInjection.ServiceLookup.CallSiteValidator.ValidateCallSite(ServiceCallSite callSite)
   at Microsoft.Extensions.DependencyInjection.ServiceProvider.Microsoft.Extensions.DependencyInjection.ServiceLookup.IServiceProviderEngineCallback.OnCreate(ServiceCallSite callSite)
   at Microsoft.Extensions.DependencyInjection.ServiceLookup.ServiceProviderEngine.ValidateService(ServiceDescriptor descriptor)
   --- End of inner exception stack trace ---
   at Microsoft.Extensions.DependencyInjection.ServiceLookup.ServiceProviderEngine.ValidateService(ServiceDescriptor descriptor)
   at Microsoft.Extensions.DependencyInjection.ServiceProvider..ctor(IEnumerable`1 serviceDescriptors, ServiceProviderOptions options)
   --- End of inner exception stack trace ---
   at Microsoft.Extensions.DependencyInjection.ServiceProvider..ctor(IEnumerable`1 serviceDescriptors, ServiceProviderOptions options)
   at Microsoft.Extensions.DependencyInjection.ServiceCollectionContainerBuilderExtensions.BuildServiceProvider(IServiceCollection services, ServiceProviderOptions options)
   at Microsoft.Extensions.DependencyInjection.DefaultServiceProviderFactory.CreateServiceProvider(IServiceCollection containerBuilder)
   at Microsoft.Extensions.Hosting.Internal.ServiceFactoryAdapter`1.CreateServiceProvider(Object containerBuilder)
   at Microsoft.Extensions.Hosting.HostBuilder.CreateServiceProvider()
   at Microsoft.Extensions.Hosting.HostBuilder.Build()
   at Preferred.Api.Program.Main(String[] args) in D:\github\preferredsummary\api\Preferred.Api\Program.cs:line 50
[2026-01-12 21:16:52 INF]  应用程序启动中... {}
[2026-01-12 21:16:52 FTL]  应用程序启动失败 {}
System.AggregateException: Some services are not able to be constructed (Error while validating the service descriptor 'ServiceType: Microsoft.Extensions.Hosting.IHostedService Lifetime: Singleton ImplementationType: Preferred.Api.Services.VideoAnalysisWorker': Cannot consume scoped service 'Preferred.Api.Services.SparkDetectionService' from singleton 'Microsoft.Extensions.Hosting.IHostedService'.)
 ---> System.InvalidOperationException: Error while validating the service descriptor 'ServiceType: Microsoft.Extensions.Hosting.IHostedService Lifetime: Singleton ImplementationType: Preferred.Api.Services.VideoAnalysisWorker': Cannot consume scoped service 'Preferred.Api.Services.SparkDetectionService' from singleton 'Microsoft.Extensions.Hosting.IHostedService'.
 ---> System.InvalidOperationException: Cannot consume scoped service 'Preferred.Api.Services.SparkDetectionService' from singleton 'Microsoft.Extensions.Hosting.IHostedService'.
   at Microsoft.Extensions.DependencyInjection.ServiceLookup.CallSiteValidator.VisitScopeCache(ServiceCallSite scopedCallSite, CallSiteValidatorState state)
   at Microsoft.Extensions.DependencyInjection.ServiceLookup.CallSiteVisitor`2.VisitCallSite(ServiceCallSite callSite, TArgument argument)
   at Microsoft.Extensions.DependencyInjection.ServiceLookup.CallSiteValidator.VisitConstructor(ConstructorCallSite constructorCallSite, CallSiteValidatorState state)
   at Microsoft.Extensions.DependencyInjection.ServiceLookup.CallSiteVisitor`2.VisitCallSiteMain(ServiceCallSite callSite, TArgument argument)
   at Microsoft.Extensions.DependencyInjection.ServiceLookup.CallSiteValidator.VisitRootCache(ServiceCallSite singletonCallSite, CallSiteValidatorState state)
   at Microsoft.Extensions.DependencyInjection.ServiceLookup.CallSiteVisitor`2.VisitCallSite(ServiceCallSite callSite, TArgument argument)
   at Microsoft.Extensions.DependencyInjection.ServiceLookup.CallSiteValidator.ValidateCallSite(ServiceCallSite callSite)
   at Microsoft.Extensions.DependencyInjection.ServiceProvider.Microsoft.Extensions.DependencyInjection.ServiceLookup.IServiceProviderEngineCallback.OnCreate(ServiceCallSite callSite)
   at Microsoft.Extensions.DependencyInjection.ServiceLookup.ServiceProviderEngine.ValidateService(ServiceDescriptor descriptor)
   --- End of inner exception stack trace ---
   at Microsoft.Extensions.DependencyInjection.ServiceLookup.ServiceProviderEngine.ValidateService(ServiceDescriptor descriptor)
   at Microsoft.Extensions.DependencyInjection.ServiceProvider..ctor(IEnumerable`1 serviceDescriptors, ServiceProviderOptions options)
   --- End of inner exception stack trace ---
   at Microsoft.Extensions.DependencyInjection.ServiceProvider..ctor(IEnumerable`1 serviceDescriptors, ServiceProviderOptions options)
   at Microsoft.Extensions.DependencyInjection.ServiceCollectionContainerBuilderExtensions.BuildServiceProvider(IServiceCollection services, ServiceProviderOptions options)
   at Microsoft.Extensions.DependencyInjection.DefaultServiceProviderFactory.CreateServiceProvider(IServiceCollection containerBuilder)
   at Microsoft.Extensions.Hosting.Internal.ServiceFactoryAdapter`1.CreateServiceProvider(Object containerBuilder)
   at Microsoft.Extensions.Hosting.HostBuilder.CreateServiceProvider()
   at Microsoft.Extensions.Hosting.HostBuilder.Build()
   at Preferred.Api.Program.Main(String[] args) in D:\github\preferredsummary\api\Preferred.Api\Program.cs:line 50
[2026-01-12 21:20:32 INF]  应用程序启动中... {}
[2026-01-12 21:20:32 INF] Preferred.Api.Services.ScheduledTaskBackgroundService 定时任务后台服务已启动 {}
[2026-01-12 21:20:33 WRN] Microsoft.EntityFrameworkCore.Model.Validation The 'bool' property 'Enabled' on entity type 'ScheduledTask' is configured with a database-generated default. This default will always be used for inserts when the property has the value 'false', since this is the CLR default for the 'bool' type. Consider using the nullable 'bool?' type instead so that the default will only be used for inserts when the property value is 'null'. {"EventId":{"Id":20601,"Name":"Microsoft.EntityFrameworkCore.Model.Validation.BoolWithDefaultWarning"}}
[2026-01-12 21:20:33 INF] Microsoft.Hosting.Lifetime Now listening on: http://localhost:5000 {}
[2026-01-12 21:20:33 INF] Microsoft.Hosting.Lifetime Now listening on: https://localhost:5001 {}
[2026-01-12 21:20:33 INF] Microsoft.Hosting.Lifetime Application started. Press Ctrl+C to shut down. {}
[2026-01-12 21:20:33 INF] Microsoft.Hosting.Lifetime Hosting environment: Development {}
[2026-01-12 21:20:33 INF] Microsoft.Hosting.Lifetime Content root path: D:\github\preferredsummary\api\Preferred.Api {}
[2026-01-12 21:20:33 INF] Preferred.Api.Services.ScheduledTaskBackgroundService 定时任务 系统资源监控 已安排在 2026-01-12 21:25:00 执行 {}
[2026-01-12 21:25:00 INF] Preferred.Api.Services.ScheduledTaskBackgroundService 开始执行定时任务: 1 {}
[2026-01-12 21:25:00 INF] Preferred.Api.Services.ScheduledTaskService 开始手动执行定时任务: 系统资源监控 (SYSTEM_RESOURCE_MONITOR) {}
[2026-01-12 21:25:00 INF] Preferred.Api.Services.ScheduledTaskService 执行系统监控任务: 系统资源监控 {}
[2026-01-12 21:25:00 INF] Preferred.Api.Services.SystemMonitorService 系统监控服务已初始化 - 操作系统: Windows {}
[2026-01-12 21:25:00 INF] Preferred.Api.Services.SystemMonitorService 开始执行系统资源监控... {}
[2026-01-12 21:25:01 DBG] Preferred.Api.Services.SystemMonitorService 进程估算内存使用率 - 进程总内存: 18.00GB, 估算总内存: 27.89GB, 使用率: 66.67% {}
[2026-01-12 21:25:01 DBG] Preferred.Api.Services.SystemMonitorService 尝试获取Windows磁盘使用情况: C:\ {}
[2026-01-12 21:25:01 DBG] Preferred.Api.Services.SystemMonitorService 磁盘 C:\ - 总计: 400.00GB, 已用: 114.00GB, 使用率: 28.56% {}
[2026-01-12 21:25:01 INF] Preferred.Api.Services.SystemMonitorService 系统资源监控 - 配置磁盘: auto, 实际监控: C:\, CPU: 0.10%, 内存: 66.67%, 磁盘: 28.56%, 使用内存: 122684010496 {}
[2026-01-12 21:25:01 INF] Preferred.Api.Services.SystemMonitorService 系统资源监控数据保存成功 - CPU: 0.10%, 内存: 66.67%, 磁盘: 28.56% {}
[2026-01-12 21:25:01 INF] Preferred.Api.Services.ScheduledTaskService 系统监控任务执行完成: 系统资源监控 {}
[2026-01-12 21:25:01 INF] Preferred.Api.Services.ScheduledTaskService 手动执行定时任务成功: 系统资源监控 (SYSTEM_RESOURCE_MONITOR), 耗时: 1.32秒 {}
[2026-01-12 21:25:01 INF] Preferred.Api.Services.ScheduledTaskBackgroundService 定时任务执行完成: 1, 结果: 成功 {}
[2026-01-12 21:25:01 INF] Preferred.Api.Services.ScheduledTaskBackgroundService 定时任务 系统资源监控 已安排在 2026-01-12 21:30:00 执行 {}
[2026-01-12 21:30:00 INF] Preferred.Api.Services.ScheduledTaskBackgroundService 开始执行定时任务: 1 {}
[2026-01-12 21:30:00 INF] Preferred.Api.Services.ScheduledTaskService 开始手动执行定时任务: 系统资源监控 (SYSTEM_RESOURCE_MONITOR) {}
[2026-01-12 21:30:00 INF] Preferred.Api.Services.ScheduledTaskService 执行系统监控任务: 系统资源监控 {}
[2026-01-12 21:30:00 INF] Preferred.Api.Services.SystemMonitorService 系统监控服务已初始化 - 操作系统: Windows {}
[2026-01-12 21:30:00 INF] Preferred.Api.Services.SystemMonitorService 开始执行系统资源监控... {}
[2026-01-12 21:30:01 DBG] Preferred.Api.Services.SystemMonitorService 进程估算内存使用率 - 进程总内存: 20.00GB, 估算总内存: 30.57GB, 使用率: 66.67% {}
[2026-01-12 21:30:01 DBG] Preferred.Api.Services.SystemMonitorService 尝试获取Windows磁盘使用情况: C:\ {}
[2026-01-12 21:30:01 DBG] Preferred.Api.Services.SystemMonitorService 磁盘 C:\ - 总计: 400.00GB, 已用: 114.00GB, 使用率: 28.58% {}
[2026-01-12 21:30:01 INF] Preferred.Api.Services.SystemMonitorService 系统资源监控 - 配置磁盘: auto, 实际监控: C:\, CPU: 0.00%, 内存: 66.67%, 磁盘: 28.58%, 使用内存: 122738946048 {}
[2026-01-12 21:30:01 INF] Preferred.Api.Services.SystemMonitorService 系统资源监控数据保存成功 - CPU: 0.00%, 内存: 66.67%, 磁盘: 28.58% {}
[2026-01-12 21:30:01 INF] Preferred.Api.Services.ScheduledTaskService 系统监控任务执行完成: 系统资源监控 {}
[2026-01-12 21:30:01 INF] Preferred.Api.Services.ScheduledTaskService 手动执行定时任务成功: 系统资源监控 (SYSTEM_RESOURCE_MONITOR), 耗时: 1.15秒 {}
[2026-01-12 21:30:01 INF] Preferred.Api.Services.ScheduledTaskBackgroundService 定时任务执行完成: 1, 结果: 成功 {}
[2026-01-12 21:30:01 INF] Preferred.Api.Services.ScheduledTaskBackgroundService 定时任务 系统资源监控 已安排在 2026-01-12 21:35:00 执行 {}
[2026-01-12 21:35:00 INF] Preferred.Api.Services.ScheduledTaskBackgroundService 开始执行定时任务: 1 {}
[2026-01-12 21:35:00 INF] Preferred.Api.Services.ScheduledTaskService 开始手动执行定时任务: 系统资源监控 (SYSTEM_RESOURCE_MONITOR) {}
[2026-01-12 21:35:00 INF] Preferred.Api.Services.ScheduledTaskService 执行系统监控任务: 系统资源监控 {}
[2026-01-12 21:35:00 INF] Preferred.Api.Services.SystemMonitorService 系统监控服务已初始化 - 操作系统: Windows {}
[2026-01-12 21:35:00 INF] Preferred.Api.Services.SystemMonitorService 开始执行系统资源监控... {}
[2026-01-12 21:35:01 DBG] Preferred.Api.Services.SystemMonitorService 进程估算内存使用率 - 进程总内存: 20.00GB, 估算总内存: 30.17GB, 使用率: 66.67% {}
[2026-01-12 21:35:01 DBG] Preferred.Api.Services.SystemMonitorService 尝试获取Windows磁盘使用情况: C:\ {}
[2026-01-12 21:35:01 DBG] Preferred.Api.Services.SystemMonitorService 磁盘 C:\ - 总计: 400.00GB, 已用: 114.00GB, 使用率: 28.57% {}
[2026-01-12 21:35:01 INF] Preferred.Api.Services.SystemMonitorService 系统资源监控 - 配置磁盘: auto, 实际监控: C:\, CPU: 0.10%, 内存: 66.67%, 磁盘: 28.57%, 使用内存: 122714406912 {}
[2026-01-12 21:35:01 INF] Preferred.Api.Services.SystemMonitorService 系统资源监控数据保存成功 - CPU: 0.10%, 内存: 66.67%, 磁盘: 28.57% {}
[2026-01-12 21:35:01 INF] Preferred.Api.Services.ScheduledTaskService 系统监控任务执行完成: 系统资源监控 {}
[2026-01-12 21:35:01 INF] Preferred.Api.Services.ScheduledTaskService 手动执行定时任务成功: 系统资源监控 (SYSTEM_RESOURCE_MONITOR), 耗时: 1.11秒 {}
[2026-01-12 21:35:01 INF] Preferred.Api.Services.ScheduledTaskBackgroundService 定时任务执行完成: 1, 结果: 成功 {}
[2026-01-12 21:35:01 INF] Preferred.Api.Services.ScheduledTaskBackgroundService 定时任务 系统资源监控 已安排在 2026-01-12 21:40:00 执行 {}
[2026-01-12 21:39:31 ERR] Microsoft.EntityFrameworkCore.Database.Command Failed executing DbCommand (150ms) [Parameters=[], CommandType='"Text"', CommandTimeout='60']
SELECT COUNT(*)
FROM `Tb_ZwavAnalysis` AS `t`
INNER JOIN `Tb_ZwavFile` AS `t0` ON `t`.`FileId` = `t0`.`Id` {"EventId":{"Id":20102,"Name":"Microsoft.EntityFrameworkCore.Database.Command.CommandError"},"ActionId":"42a5c24c-b518-4cfa-9266-ce3104d63905","ActionName":"Preferred.Api.Controllers.ZwavAnalysesController.GetListAsync (Preferred.Api)","RequestId":"0HNIHROARP6MS:00000016","RequestPath":"/api/ZwavAnalyses","SpanId":"|f962d2fa-4ec53d4796129b23.","TraceId":"f962d2fa-4ec53d4796129b23","ParentId":"","ConnectionId":"0HNIHROARP6MS"}
[2026-01-12 21:39:32 ERR] Microsoft.EntityFrameworkCore.Query An exception occurred while iterating over the results of a query for context type 'Preferred.Api.Data.ApplicationDbContext'.
MySql.Data.MySqlClient.MySqlException (0x80004005): Table 'db_preferreddata.tb_zwavanalysis' doesn't exist
 ---> MySql.Data.MySqlClient.MySqlException (0x80004005): Table 'db_preferreddata.tb_zwavanalysis' doesn't exist
   at MySqlConnector.Core.ServerSession.ReceiveReplyAsyncAwaited(ValueTask`1 task) in /_/src/MySqlConnector/Core/ServerSession.cs:line 811
   at MySqlConnector.Core.ResultSet.ReadResultSetHeaderAsync(IOBehavior ioBehavior) in /_/src/MySqlConnector/Core/ResultSet.cs:line 51
   at MySql.Data.MySqlClient.MySqlDataReader.ActivateResultSet() in /_/src/MySqlConnector/MySql.Data.MySqlClient/MySqlDataReader.cs:line 116
   at MySql.Data.MySqlClient.MySqlDataReader.CreateAsync(CommandListPosition commandListPosition, ICommandPayloadCreator payloadCreator, IDictionary`2 cachedProcedures, IMySqlCommand command, CommandBehavior behavior, IOBehavior ioBehavior, CancellationToken cancellationToken) in /_/src/MySqlConnector/MySql.Data.MySqlClient/MySqlDataReader.cs:line 391
   at MySqlConnector.Core.CommandExecutor.ExecuteReaderAsync(IReadOnlyList`1 commands, ICommandPayloadCreator payloadCreator, CommandBehavior behavior, IOBehavior ioBehavior, CancellationToken cancellationToken) in /_/src/MySqlConnector/Core/CommandExecutor.cs:line 62
   at MySql.Data.MySqlClient.MySqlCommand.ExecuteDbDataReaderAsync(CommandBehavior behavior, CancellationToken cancellationToken) in /_/src/MySqlConnector/MySql.Data.MySqlClient/MySqlCommand.cs:line 257
   at Microsoft.EntityFrameworkCore.Storage.RelationalCommand.ExecuteReaderAsync(RelationalCommandParameterObject parameterObject, CancellationToken cancellationToken)
   at Microsoft.EntityFrameworkCore.Storage.RelationalCommand.ExecuteReaderAsync(RelationalCommandParameterObject parameterObject, CancellationToken cancellationToken)
   at Microsoft.EntityFrameworkCore.Storage.RelationalCommand.ExecuteReaderAsync(RelationalCommandParameterObject parameterObject, CancellationToken cancellationToken)
   at Microsoft.EntityFrameworkCore.Query.Internal.QueryingEnumerable`1.AsyncEnumerator.InitializeReaderAsync(DbContext _, Boolean result, CancellationToken cancellationToken)
   at Pomelo.EntityFrameworkCore.MySql.Storage.Internal.MySqlExecutionStrategy.ExecuteAsync[TState,TResult](TState state, Func`4 operation, Func`4 verifySucceeded, CancellationToken cancellationToken)
   at Microsoft.EntityFrameworkCore.Query.Internal.QueryingEnumerable`1.AsyncEnumerator.MoveNextAsync() {"EventId":{"Id":10100,"Name":"Microsoft.EntityFrameworkCore.Query.QueryIterationFailed"},"ActionId":"42a5c24c-b518-4cfa-9266-ce3104d63905","ActionName":"Preferred.Api.Controllers.ZwavAnalysesController.GetListAsync (Preferred.Api)","RequestId":"0HNIHROARP6MS:00000016","RequestPath":"/api/ZwavAnalyses","SpanId":"|f962d2fa-4ec53d4796129b23.","TraceId":"f962d2fa-4ec53d4796129b23","ParentId":"","ConnectionId":"0HNIHROARP6MS"}
MySql.Data.MySqlClient.MySqlException (0x80004005): Table 'db_preferreddata.tb_zwavanalysis' doesn't exist
 ---> MySql.Data.MySqlClient.MySqlException (0x80004005): Table 'db_preferreddata.tb_zwavanalysis' doesn't exist
   at MySqlConnector.Core.ServerSession.ReceiveReplyAsyncAwaited(ValueTask`1 task) in /_/src/MySqlConnector/Core/ServerSession.cs:line 811
   at MySqlConnector.Core.ResultSet.ReadResultSetHeaderAsync(IOBehavior ioBehavior) in /_/src/MySqlConnector/Core/ResultSet.cs:line 51
   at MySql.Data.MySqlClient.MySqlDataReader.ActivateResultSet() in /_/src/MySqlConnector/MySql.Data.MySqlClient/MySqlDataReader.cs:line 116
   at MySql.Data.MySqlClient.MySqlDataReader.CreateAsync(CommandListPosition commandListPosition, ICommandPayloadCreator payloadCreator, IDictionary`2 cachedProcedures, IMySqlCommand command, CommandBehavior behavior, IOBehavior ioBehavior, CancellationToken cancellationToken) in /_/src/MySqlConnector/MySql.Data.MySqlClient/MySqlDataReader.cs:line 391
   at MySqlConnector.Core.CommandExecutor.ExecuteReaderAsync(IReadOnlyList`1 commands, ICommandPayloadCreator payloadCreator, CommandBehavior behavior, IOBehavior ioBehavior, CancellationToken cancellationToken) in /_/src/MySqlConnector/Core/CommandExecutor.cs:line 62
   at MySql.Data.MySqlClient.MySqlCommand.ExecuteDbDataReaderAsync(CommandBehavior behavior, CancellationToken cancellationToken) in /_/src/MySqlConnector/MySql.Data.MySqlClient/MySqlCommand.cs:line 257
   at Microsoft.EntityFrameworkCore.Storage.RelationalCommand.ExecuteReaderAsync(RelationalCommandParameterObject parameterObject, CancellationToken cancellationToken)
   at Microsoft.EntityFrameworkCore.Storage.RelationalCommand.ExecuteReaderAsync(RelationalCommandParameterObject parameterObject, CancellationToken cancellationToken)
   at Microsoft.EntityFrameworkCore.Storage.RelationalCommand.ExecuteReaderAsync(RelationalCommandParameterObject parameterObject, CancellationToken cancellationToken)
   at Microsoft.EntityFrameworkCore.Query.Internal.QueryingEnumerable`1.AsyncEnumerator.InitializeReaderAsync(DbContext _, Boolean result, CancellationToken cancellationToken)
   at Pomelo.EntityFrameworkCore.MySql.Storage.Internal.MySqlExecutionStrategy.ExecuteAsync[TState,TResult](TState state, Func`4 operation, Func`4 verifySucceeded, CancellationToken cancellationToken)
   at Microsoft.EntityFrameworkCore.Query.Internal.QueryingEnumerable`1.AsyncEnumerator.MoveNextAsync()
[2026-01-12 21:40:00 INF] Preferred.Api.Services.ScheduledTaskBackgroundService 开始执行定时任务: 1 {}
[2026-01-12 21:40:00 INF] Preferred.Api.Services.ScheduledTaskService 开始手动执行定时任务: 系统资源监控 (SYSTEM_RESOURCE_MONITOR) {}
[2026-01-12 21:40:00 INF] Preferred.Api.Services.ScheduledTaskService 执行系统监控任务: 系统资源监控 {}
[2026-01-12 21:40:00 INF] Preferred.Api.Services.SystemMonitorService 系统监控服务已初始化 - 操作系统: Windows {}
[2026-01-12 21:40:00 INF] Preferred.Api.Services.SystemMonitorService 开始执行系统资源监控... {}
[2026-01-12 21:40:01 DBG] Preferred.Api.Services.SystemMonitorService 进程估算内存使用率 - 进程总内存: 19.00GB, 估算总内存: 29.75GB, 使用率: 66.67% {}
[2026-01-12 21:40:01 DBG] Preferred.Api.Services.SystemMonitorService 尝试获取Windows磁盘使用情况: C:\ {}
[2026-01-12 21:40:01 DBG] Preferred.Api.Services.SystemMonitorService 磁盘 C:\ - 总计: 400.00GB, 已用: 114.00GB, 使用率: 28.58% {}
[2026-01-12 21:40:01 INF] Preferred.Api.Services.SystemMonitorService 系统资源监控 - 配置磁盘: auto, 实际监控: C:\, CPU: 0.00%, 内存: 66.67%, 磁盘: 28.58%, 使用内存: 122756702208 {}
[2026-01-12 21:40:01 INF] Preferred.Api.Services.SystemMonitorService 系统资源监控数据保存成功 - CPU: 0.00%, 内存: 66.67%, 磁盘: 28.58% {}
[2026-01-12 21:40:01 INF] Preferred.Api.Services.ScheduledTaskService 系统监控任务执行完成: 系统资源监控 {}
[2026-01-12 21:40:01 INF] Preferred.Api.Services.ScheduledTaskService 手动执行定时任务成功: 系统资源监控 (SYSTEM_RESOURCE_MONITOR), 耗时: 1.11秒 {}
[2026-01-12 21:40:01 INF] Preferred.Api.Services.ScheduledTaskBackgroundService 定时任务执行完成: 1, 结果: 成功 {}
[2026-01-12 21:40:01 INF] Preferred.Api.Services.ScheduledTaskBackgroundService 定时任务 系统资源监控 已安排在 2026-01-12 21:45:00 执行 {}
[2026-01-12 21:45:00 INF] Preferred.Api.Services.ScheduledTaskBackgroundService 开始执行定时任务: 1 {}
[2026-01-12 21:45:00 INF] Preferred.Api.Services.ScheduledTaskService 开始手动执行定时任务: 系统资源监控 (SYSTEM_RESOURCE_MONITOR) {}
[2026-01-12 21:45:00 INF] Preferred.Api.Services.ScheduledTaskService 执行系统监控任务: 系统资源监控 {}
[2026-01-12 21:45:00 INF] Preferred.Api.Services.SystemMonitorService 系统监控服务已初始化 - 操作系统: Windows {}
[2026-01-12 21:45:00 INF] Preferred.Api.Services.SystemMonitorService 开始执行系统资源监控... {}
[2026-01-12 21:45:01 DBG] Preferred.Api.Services.SystemMonitorService 进程估算内存使用率 - 进程总内存: 20.00GB, 估算总内存: 31.00GB, 使用率: 66.67% {}
[2026-01-12 21:45:01 DBG] Preferred.Api.Services.SystemMonitorService 尝试获取Windows磁盘使用情况: C:\ {}
[2026-01-12 21:45:01 DBG] Preferred.Api.Services.SystemMonitorService 磁盘 C:\ - 总计: 400.00GB, 已用: 114.00GB, 使用率: 28.59% {}
[2026-01-12 21:45:01 INF] Preferred.Api.Services.SystemMonitorService 系统资源监控 - 配置磁盘: auto, 实际监控: C:\, CPU: 0.00%, 内存: 66.67%, 磁盘: 28.59%, 使用内存: 122775609344 {}
[2026-01-12 21:45:01 INF] Preferred.Api.Services.SystemMonitorService 系统资源监控数据保存成功 - CPU: 0.00%, 内存: 66.67%, 磁盘: 28.59% {}
[2026-01-12 21:45:01 INF] Preferred.Api.Services.ScheduledTaskService 系统监控任务执行完成: 系统资源监控 {}
[2026-01-12 21:45:01 INF] Preferred.Api.Services.ScheduledTaskService 手动执行定时任务成功: 系统资源监控 (SYSTEM_RESOURCE_MONITOR), 耗时: 1.13秒 {}
[2026-01-12 21:45:01 INF] Preferred.Api.Services.ScheduledTaskBackgroundService 定时任务执行完成: 1, 结果: 成功 {}
[2026-01-12 21:45:01 INF] Preferred.Api.Services.ScheduledTaskBackgroundService 定时任务 系统资源监控 已安排在 2026-01-12 21:50:00 执行 {}
[2026-01-12 21:49:59 INF] Preferred.Api.Services.ScheduledTaskBackgroundService 开始执行定时任务: 1 {}
[2026-01-12 21:50:00 INF] Preferred.Api.Services.ScheduledTaskService 开始手动执行定时任务: 系统资源监控 (SYSTEM_RESOURCE_MONITOR) {}
[2026-01-12 21:50:00 INF] Preferred.Api.Services.ScheduledTaskService 执行系统监控任务: 系统资源监控 {}
[2026-01-12 21:50:00 INF] Preferred.Api.Services.SystemMonitorService 系统监控服务已初始化 - 操作系统: Windows {}
[2026-01-12 21:50:00 INF] Preferred.Api.Services.SystemMonitorService 开始执行系统资源监控... {}
[2026-01-12 21:50:01 DBG] Preferred.Api.Services.SystemMonitorService 进程估算内存使用率 - 进程总内存: 20.00GB, 估算总内存: 31.26GB, 使用率: 66.67% {}
[2026-01-12 21:50:01 DBG] Preferred.Api.Services.SystemMonitorService 尝试获取Windows磁盘使用情况: C:\ {}
[2026-01-12 21:50:01 DBG] Preferred.Api.Services.SystemMonitorService 磁盘 C:\ - 总计: 400.00GB, 已用: 114.00GB, 使用率: 28.59% {}
[2026-01-12 21:50:01 INF] Preferred.Api.Services.SystemMonitorService 系统资源监控 - 配置磁盘: auto, 实际监控: C:\, CPU: 0.38%, 内存: 66.67%, 磁盘: 28.59%, 使用内存: 122783809536 {}
[2026-01-12 21:50:01 INF] Preferred.Api.Services.SystemMonitorService 系统资源监控数据保存成功 - CPU: 0.38%, 内存: 66.67%, 磁盘: 28.59% {}
[2026-01-12 21:50:01 INF] Preferred.Api.Services.ScheduledTaskService 系统监控任务执行完成: 系统资源监控 {}
[2026-01-12 21:50:01 INF] Preferred.Api.Services.ScheduledTaskService 手动执行定时任务成功: 系统资源监控 (SYSTEM_RESOURCE_MONITOR), 耗时: 1.13秒 {}
[2026-01-12 21:50:01 INF] Preferred.Api.Services.ScheduledTaskBackgroundService 定时任务执行完成: 1, 结果: 成功 {}
[2026-01-12 21:50:01 INF] Preferred.Api.Services.ScheduledTaskBackgroundService 定时任务 系统资源监控 已安排在 2026-01-12 21:55:00 执行 {}
[2026-01-12 21:55:00 INF] Preferred.Api.Services.ScheduledTaskBackgroundService 开始执行定时任务: 1 {}
[2026-01-12 21:55:00 INF] Preferred.Api.Services.ScheduledTaskService 开始手动执行定时任务: 系统资源监控 (SYSTEM_RESOURCE_MONITOR) {}
[2026-01-12 21:55:00 INF] Preferred.Api.Services.ScheduledTaskService 执行系统监控任务: 系统资源监控 {}
[2026-01-12 21:55:00 INF] Preferred.Api.Services.SystemMonitorService 系统监控服务已初始化 - 操作系统: Windows {}
[2026-01-12 21:55:00 INF] Preferred.Api.Services.SystemMonitorService 开始执行系统资源监控... {}
[2026-01-12 21:55:01 DBG] Preferred.Api.Services.SystemMonitorService 进程估算内存使用率 - 进程总内存: 21.00GB, 估算总内存: 31.57GB, 使用率: 66.67% {}
[2026-01-12 21:55:01 DBG] Preferred.Api.Services.SystemMonitorService 尝试获取Windows磁盘使用情况: C:\ {}
[2026-01-12 21:55:01 DBG] Preferred.Api.Services.SystemMonitorService 磁盘 C:\ - 总计: 400.00GB, 已用: 114.00GB, 使用率: 28.64% {}
[2026-01-12 21:55:01 INF] Preferred.Api.Services.SystemMonitorService 系统资源监控 - 配置磁盘: auto, 实际监控: C:\, CPU: 0.10%, 内存: 66.67%, 磁盘: 28.64%, 使用内存: 123022561280 {}
[2026-01-12 21:55:01 INF] Preferred.Api.Services.SystemMonitorService 系统资源监控数据保存成功 - CPU: 0.10%, 内存: 66.67%, 磁盘: 28.64% {}
[2026-01-12 21:55:01 INF] Preferred.Api.Services.ScheduledTaskService 系统监控任务执行完成: 系统资源监控 {}
[2026-01-12 21:55:01 INF] Preferred.Api.Services.ScheduledTaskService 手动执行定时任务成功: 系统资源监控 (SYSTEM_RESOURCE_MONITOR), 耗时: 1.13秒 {}
[2026-01-12 21:55:01 INF] Preferred.Api.Services.ScheduledTaskBackgroundService 定时任务执行完成: 1, 结果: 成功 {}
[2026-01-12 21:55:01 INF] Preferred.Api.Services.ScheduledTaskBackgroundService 定时任务 系统资源监控 已安排在 2026-01-12 22:00:00 执行 {}
[2026-01-12 22:00:00 INF] Preferred.Api.Services.ScheduledTaskBackgroundService 开始执行定时任务: 1 {}
[2026-01-12 22:00:00 INF] Preferred.Api.Services.ScheduledTaskService 开始手动执行定时任务: 系统资源监控 (SYSTEM_RESOURCE_MONITOR) {}
[2026-01-12 22:00:00 INF] Preferred.Api.Services.ScheduledTaskService 执行系统监控任务: 系统资源监控 {}
[2026-01-12 22:00:00 INF] Preferred.Api.Services.SystemMonitorService 系统监控服务已初始化 - 操作系统: Windows {}
[2026-01-12 22:00:00 INF] Preferred.Api.Services.SystemMonitorService 开始执行系统资源监控... {}
[2026-01-12 22:00:01 DBG] Preferred.Api.Services.SystemMonitorService 进程估算内存使用率 - 进程总内存: 22.00GB, 估算总内存: 33.43GB, 使用率: 66.67% {}
[2026-01-12 22:00:01 DBG] Preferred.Api.Services.SystemMonitorService 尝试获取Windows磁盘使用情况: C:\ {}
[2026-01-12 22:00:01 DBG] Preferred.Api.Services.SystemMonitorService 磁盘 C:\ - 总计: 400.00GB, 已用: 114.00GB, 使用率: 28.68% {}
[2026-01-12 22:00:01 INF] Preferred.Api.Services.SystemMonitorService 系统资源监控 - 配置磁盘: auto, 实际监控: C:\, CPU: 0.00%, 内存: 66.67%, 磁盘: 28.68%, 使用内存: 123159490560 {}
[2026-01-12 22:00:01 INF] Preferred.Api.Services.SystemMonitorService 系统资源监控数据保存成功 - CPU: 0.00%, 内存: 66.67%, 磁盘: 28.68% {}
[2026-01-12 22:00:01 INF] Preferred.Api.Services.ScheduledTaskService 系统监控任务执行完成: 系统资源监控 {}
[2026-01-12 22:00:01 INF] Preferred.Api.Services.ScheduledTaskService 手动执行定时任务成功: 系统资源监控 (SYSTEM_RESOURCE_MONITOR), 耗时: 1.14秒 {}
[2026-01-12 22:00:01 INF] Preferred.Api.Services.ScheduledTaskBackgroundService 定时任务执行完成: 1, 结果: 成功 {}
[2026-01-12 22:00:01 INF] Preferred.Api.Services.ScheduledTaskBackgroundService 定时任务 系统资源监控 已安排在 2026-01-12 22:05:00 执行 {}
[2026-01-12 22:05:00 INF] Preferred.Api.Services.ScheduledTaskBackgroundService 开始执行定时任务: 1 {}
[2026-01-12 22:05:00 INF] Preferred.Api.Services.ScheduledTaskService 开始手动执行定时任务: 系统资源监控 (SYSTEM_RESOURCE_MONITOR) {}
[2026-01-12 22:05:00 INF] Preferred.Api.Services.ScheduledTaskService 执行系统监控任务: 系统资源监控 {}
[2026-01-12 22:05:00 INF] Preferred.Api.Services.SystemMonitorService 系统监控服务已初始化 - 操作系统: Windows {}
[2026-01-12 22:05:00 INF] Preferred.Api.Services.SystemMonitorService 开始执行系统资源监控... {}
[2026-01-12 22:05:01 DBG] Preferred.Api.Services.SystemMonitorService 进程估算内存使用率 - 进程总内存: 22.00GB, 估算总内存: 33.64GB, 使用率: 66.67% {}
[2026-01-12 22:05:01 DBG] Preferred.Api.Services.SystemMonitorService 尝试获取Windows磁盘使用情况: C:\ {}
[2026-01-12 22:05:01 DBG] Preferred.Api.Services.SystemMonitorService 磁盘 C:\ - 总计: 400.00GB, 已用: 114.00GB, 使用率: 28.71% {}
[2026-01-12 22:05:01 INF] Preferred.Api.Services.SystemMonitorService 系统资源监控 - 配置磁盘: auto, 实际监控: C:\, CPU: 0.00%, 内存: 66.67%, 磁盘: 28.71%, 使用内存: 123307905024 {}
[2026-01-12 22:05:01 INF] Preferred.Api.Services.SystemMonitorService 系统资源监控数据保存成功 - CPU: 0.00%, 内存: 66.67%, 磁盘: 28.71% {}
[2026-01-12 22:05:01 INF] Preferred.Api.Services.ScheduledTaskService 系统监控任务执行完成: 系统资源监控 {}
[2026-01-12 22:05:01 INF] Preferred.Api.Services.ScheduledTaskService 手动执行定时任务成功: 系统资源监控 (SYSTEM_RESOURCE_MONITOR), 耗时: 1.13秒 {}
[2026-01-12 22:05:01 INF] Preferred.Api.Services.ScheduledTaskBackgroundService 定时任务执行完成: 1, 结果: 成功 {}
[2026-01-12 22:05:01 INF] Preferred.Api.Services.ScheduledTaskBackgroundService 定时任务 系统资源监控 已安排在 2026-01-12 22:10:00 执行 {}
[2026-01-12 22:10:00 INF] Preferred.Api.Services.ScheduledTaskBackgroundService 开始执行定时任务: 1 {}
[2026-01-12 22:10:00 INF] Preferred.Api.Services.ScheduledTaskService 开始手动执行定时任务: 系统资源监控 (SYSTEM_RESOURCE_MONITOR) {}
[2026-01-12 22:10:00 INF] Preferred.Api.Services.ScheduledTaskService 执行系统监控任务: 系统资源监控 {}
[2026-01-12 22:10:00 INF] Preferred.Api.Services.SystemMonitorService 系统监控服务已初始化 - 操作系统: Windows {}
[2026-01-12 22:10:00 INF] Preferred.Api.Services.SystemMonitorService 开始执行系统资源监控... {}
[2026-01-12 22:10:01 DBG] Preferred.Api.Services.SystemMonitorService 进程估算内存使用率 - 进程总内存: 22.00GB, 估算总内存: 33.48GB, 使用率: 66.67% {}
[2026-01-12 22:10:01 DBG] Preferred.Api.Services.SystemMonitorService 尝试获取Windows磁盘使用情况: C:\ {}
[2026-01-12 22:10:01 DBG] Preferred.Api.Services.SystemMonitorService 磁盘 C:\ - 总计: 400.00GB, 已用: 114.00GB, 使用率: 28.72% {}
[2026-01-12 22:10:01 INF] Preferred.Api.Services.SystemMonitorService 系统资源监控 - 配置磁盘: auto, 实际监控: C:\, CPU: 0.00%, 内存: 66.67%, 磁盘: 28.72%, 使用内存: 123340517376 {}
[2026-01-12 22:10:01 INF] Preferred.Api.Services.SystemMonitorService 系统资源监控数据保存成功 - CPU: 0.00%, 内存: 66.67%, 磁盘: 28.72% {}
[2026-01-12 22:10:01 INF] Preferred.Api.Services.ScheduledTaskService 系统监控任务执行完成: 系统资源监控 {}
[2026-01-12 22:10:01 INF] Preferred.Api.Services.ScheduledTaskService 手动执行定时任务成功: 系统资源监控 (SYSTEM_RESOURCE_MONITOR), 耗时: 1.13秒 {}
[2026-01-12 22:10:01 INF] Preferred.Api.Services.ScheduledTaskBackgroundService 定时任务执行完成: 1, 结果: 成功 {}
[2026-01-12 22:10:01 INF] Preferred.Api.Services.ScheduledTaskBackgroundService 定时任务 系统资源监控 已安排在 2026-01-12 22:15:00 执行 {}
[2026-01-12 22:15:00 INF] Preferred.Api.Services.ScheduledTaskBackgroundService 开始执行定时任务: 1 {}
[2026-01-12 22:15:00 INF] Preferred.Api.Services.ScheduledTaskService 开始手动执行定时任务: 系统资源监控 (SYSTEM_RESOURCE_MONITOR) {}
[2026-01-12 22:15:00 INF] Preferred.Api.Services.ScheduledTaskService 执行系统监控任务: 系统资源监控 {}
[2026-01-12 22:15:00 INF] Preferred.Api.Services.SystemMonitorService 系统监控服务已初始化 - 操作系统: Windows {}
[2026-01-12 22:15:00 INF] Preferred.Api.Services.SystemMonitorService 开始执行系统资源监控... {}
[2026-01-12 22:15:01 DBG] Preferred.Api.Services.SystemMonitorService 进程估算内存使用率 - 进程总内存: 22.00GB, 估算总内存: 33.20GB, 使用率: 66.67% {}
[2026-01-12 22:15:01 DBG] Preferred.Api.Services.SystemMonitorService 尝试获取Windows磁盘使用情况: C:\ {}
[2026-01-12 22:15:01 DBG] Preferred.Api.Services.SystemMonitorService 磁盘 C:\ - 总计: 400.00GB, 已用: 114.00GB, 使用率: 28.72% {}
[2026-01-12 22:15:01 INF] Preferred.Api.Services.SystemMonitorService 系统资源监控 - 配置磁盘: auto, 实际监控: C:\, CPU: 0.00%, 内存: 66.67%, 磁盘: 28.72%, 使用内存: 123338739712 {}
[2026-01-12 22:15:01 INF] Preferred.Api.Services.SystemMonitorService 系统资源监控数据保存成功 - CPU: 0.00%, 内存: 66.67%, 磁盘: 28.72% {}
[2026-01-12 22:15:01 INF] Preferred.Api.Services.ScheduledTaskService 系统监控任务执行完成: 系统资源监控 {}
[2026-01-12 22:15:01 INF] Preferred.Api.Services.ScheduledTaskService 手动执行定时任务成功: 系统资源监控 (SYSTEM_RESOURCE_MONITOR), 耗时: 1.13秒 {}
[2026-01-12 22:15:01 INF] Preferred.Api.Services.ScheduledTaskBackgroundService 定时任务执行完成: 1, 结果: 成功 {}
[2026-01-12 22:15:01 INF] Preferred.Api.Services.ScheduledTaskBackgroundService 定时任务 系统资源监控 已安排在 2026-01-12 22:20:00 执行 {}
[2026-01-12 22:20:00 INF] Preferred.Api.Services.ScheduledTaskBackgroundService 开始执行定时任务: 1 {}
[2026-01-12 22:20:00 INF] Preferred.Api.Services.ScheduledTaskService 开始手动执行定时任务: 系统资源监控 (SYSTEM_RESOURCE_MONITOR) {}
[2026-01-12 22:20:00 INF] Preferred.Api.Services.ScheduledTaskService 执行系统监控任务: 系统资源监控 {}
[2026-01-12 22:20:00 INF] Preferred.Api.Services.SystemMonitorService 系统监控服务已初始化 - 操作系统: Windows {}
[2026-01-12 22:20:00 INF] Preferred.Api.Services.SystemMonitorService 开始执行系统资源监控... {}
[2026-01-12 22:20:01 DBG] Preferred.Api.Services.SystemMonitorService 进程估算内存使用率 - 进程总内存: 23.00GB, 估算总内存: 35.37GB, 使用率: 66.67% {}
[2026-01-12 22:20:01 DBG] Preferred.Api.Services.SystemMonitorService 尝试获取Windows磁盘使用情况: C:\ {}
[2026-01-12 22:20:01 DBG] Preferred.Api.Services.SystemMonitorService 磁盘 C:\ - 总计: 400.00GB, 已用: 114.00GB, 使用率: 28.72% {}
[2026-01-12 22:20:01 INF] Preferred.Api.Services.SystemMonitorService 系统资源监控 - 配置磁盘: auto, 实际监控: C:\, CPU: 0.00%, 内存: 66.67%, 磁盘: 28.72%, 使用内存: 123334131712 {}
[2026-01-12 22:20:01 INF] Preferred.Api.Services.SystemMonitorService 系统资源监控数据保存成功 - CPU: 0.00%, 内存: 66.67%, 磁盘: 28.72% {}
[2026-01-12 22:20:01 INF] Preferred.Api.Services.ScheduledTaskService 系统监控任务执行完成: 系统资源监控 {}
[2026-01-12 22:20:01 INF] Preferred.Api.Services.ScheduledTaskService 手动执行定时任务成功: 系统资源监控 (SYSTEM_RESOURCE_MONITOR), 耗时: 1.14秒 {}
[2026-01-12 22:20:01 INF] Preferred.Api.Services.ScheduledTaskBackgroundService 定时任务执行完成: 1, 结果: 成功 {}
[2026-01-12 22:20:01 INF] Preferred.Api.Services.ScheduledTaskBackgroundService 定时任务 系统资源监控 已安排在 2026-01-12 22:25:00 执行 {}
[2026-01-12 22:25:00 INF] Preferred.Api.Services.ScheduledTaskBackgroundService 开始执行定时任务: 1 {}
[2026-01-12 22:25:00 INF] Preferred.Api.Services.ScheduledTaskService 开始手动执行定时任务: 系统资源监控 (SYSTEM_RESOURCE_MONITOR) {}
[2026-01-12 22:25:00 INF] Preferred.Api.Services.ScheduledTaskService 执行系统监控任务: 系统资源监控 {}
[2026-01-12 22:25:00 INF] Preferred.Api.Services.SystemMonitorService 系统监控服务已初始化 - 操作系统: Windows {}
[2026-01-12 22:25:00 INF] Preferred.Api.Services.SystemMonitorService 开始执行系统资源监控... {}
[2026-01-12 22:25:01 DBG] Preferred.Api.Services.SystemMonitorService 进程估算内存使用率 - 进程总内存: 22.00GB, 估算总内存: 34.18GB, 使用率: 66.67% {}
[2026-01-12 22:25:01 DBG] Preferred.Api.Services.SystemMonitorService 尝试获取Windows磁盘使用情况: C:\ {}
[2026-01-12 22:25:01 DBG] Preferred.Api.Services.SystemMonitorService 磁盘 C:\ - 总计: 400.00GB, 已用: 114.00GB, 使用率: 28.73% {}
[2026-01-12 22:25:01 INF] Preferred.Api.Services.SystemMonitorService 系统资源监控 - 配置磁盘: auto, 实际监控: C:\, CPU: 0.00%, 内存: 66.67%, 磁盘: 28.73%, 使用内存: 123389399040 {}
[2026-01-12 22:25:01 INF] Preferred.Api.Services.SystemMonitorService 系统资源监控数据保存成功 - CPU: 0.00%, 内存: 66.67%, 磁盘: 28.73% {}
[2026-01-12 22:25:01 INF] Preferred.Api.Services.ScheduledTaskService 系统监控任务执行完成: 系统资源监控 {}
[2026-01-12 22:25:01 INF] Preferred.Api.Services.ScheduledTaskService 手动执行定时任务成功: 系统资源监控 (SYSTEM_RESOURCE_MONITOR), 耗时: 1.13秒 {}
[2026-01-12 22:25:01 INF] Preferred.Api.Services.ScheduledTaskBackgroundService 定时任务执行完成: 1, 结果: 成功 {}
[2026-01-12 22:25:01 INF] Preferred.Api.Services.ScheduledTaskBackgroundService 定时任务 系统资源监控 已安排在 2026-01-12 22:30:00 执行 {}
[2026-01-12 22:30:00 INF] Preferred.Api.Services.ScheduledTaskBackgroundService 开始执行定时任务: 1 {}
[2026-01-12 22:30:00 INF] Preferred.Api.Services.ScheduledTaskService 开始手动执行定时任务: 系统资源监控 (SYSTEM_RESOURCE_MONITOR) {}
[2026-01-12 22:30:00 INF] Preferred.Api.Services.ScheduledTaskService 执行系统监控任务: 系统资源监控 {}
[2026-01-12 22:30:00 INF] Preferred.Api.Services.SystemMonitorService 系统监控服务已初始化 - 操作系统: Windows {}
[2026-01-12 22:30:00 INF] Preferred.Api.Services.SystemMonitorService 开始执行系统资源监控... {}
[2026-01-12 22:30:01 DBG] Preferred.Api.Services.SystemMonitorService 进程估算内存使用率 - 进程总内存: 22.00GB, 估算总内存: 33.39GB, 使用率: 66.67% {}
[2026-01-12 22:30:01 DBG] Preferred.Api.Services.SystemMonitorService 尝试获取Windows磁盘使用情况: C:\ {}
[2026-01-12 22:30:01 DBG] Preferred.Api.Services.SystemMonitorService 磁盘 C:\ - 总计: 400.00GB, 已用: 114.00GB, 使用率: 28.75% {}
[2026-01-12 22:30:01 INF] Preferred.Api.Services.SystemMonitorService 系统资源监控 - 配置磁盘: auto, 实际监控: C:\, CPU: 0.00%, 内存: 66.67%, 磁盘: 28.75%, 使用内存: 123460132864 {}
[2026-01-12 22:30:01 INF] Preferred.Api.Services.SystemMonitorService 系统资源监控数据保存成功 - CPU: 0.00%, 内存: 66.67%, 磁盘: 28.75% {}
[2026-01-12 22:30:01 INF] Preferred.Api.Services.ScheduledTaskService 系统监控任务执行完成: 系统资源监控 {}
[2026-01-12 22:30:01 INF] Preferred.Api.Services.ScheduledTaskService 手动执行定时任务成功: 系统资源监控 (SYSTEM_RESOURCE_MONITOR), 耗时: 1.14秒 {}
[2026-01-12 22:30:01 INF] Preferred.Api.Services.ScheduledTaskBackgroundService 定时任务执行完成: 1, 结果: 成功 {}
[2026-01-12 22:30:01 INF] Preferred.Api.Services.ScheduledTaskBackgroundService 定时任务 系统资源监控 已安排在 2026-01-12 22:35:00 执行 {}
[2026-01-12 22:35:00 INF] Preferred.Api.Services.ScheduledTaskBackgroundService 开始执行定时任务: 1 {}
[2026-01-12 22:35:00 INF] Preferred.Api.Services.ScheduledTaskService 开始手动执行定时任务: 系统资源监控 (SYSTEM_RESOURCE_MONITOR) {}
[2026-01-12 22:35:00 INF] Preferred.Api.Services.ScheduledTaskService 执行系统监控任务: 系统资源监控 {}
[2026-01-12 22:35:00 INF] Preferred.Api.Services.SystemMonitorService 系统监控服务已初始化 - 操作系统: Windows {}
[2026-01-12 22:35:00 INF] Preferred.Api.Services.SystemMonitorService 开始执行系统资源监控... {}
[2026-01-12 22:35:01 DBG] Preferred.Api.Services.SystemMonitorService 进程估算内存使用率 - 进程总内存: 22.00GB, 估算总内存: 33.20GB, 使用率: 66.67% {}
[2026-01-12 22:35:01 DBG] Preferred.Api.Services.SystemMonitorService 尝试获取Windows磁盘使用情况: C:\ {}
[2026-01-12 22:35:01 DBG] Preferred.Api.Services.SystemMonitorService 磁盘 C:\ - 总计: 400.00GB, 已用: 114.00GB, 使用率: 28.75% {}
[2026-01-12 22:35:01 INF] Preferred.Api.Services.SystemMonitorService 系统资源监控 - 配置磁盘: auto, 实际监控: C:\, CPU: 0.00%, 内存: 66.67%, 磁盘: 28.75%, 使用内存: 123474325504 {}
[2026-01-12 22:35:01 INF] Preferred.Api.Services.SystemMonitorService 系统资源监控数据保存成功 - CPU: 0.00%, 内存: 66.67%, 磁盘: 28.75% {}
[2026-01-12 22:35:01 INF] Preferred.Api.Services.ScheduledTaskService 系统监控任务执行完成: 系统资源监控 {}
[2026-01-12 22:35:01 INF] Preferred.Api.Services.ScheduledTaskService 手动执行定时任务成功: 系统资源监控 (SYSTEM_RESOURCE_MONITOR), 耗时: 1.13秒 {}
[2026-01-12 22:35:01 INF] Preferred.Api.Services.ScheduledTaskBackgroundService 定时任务执行完成: 1, 结果: 成功 {}
[2026-01-12 22:35:01 INF] Preferred.Api.Services.ScheduledTaskBackgroundService 定时任务 系统资源监控 已安排在 2026-01-12 22:40:00 执行 {}
[2026-01-12 22:40:00 INF] Preferred.Api.Services.ScheduledTaskBackgroundService 开始执行定时任务: 1 {}
[2026-01-12 22:40:00 INF] Preferred.Api.Services.ScheduledTaskService 开始手动执行定时任务: 系统资源监控 (SYSTEM_RESOURCE_MONITOR) {}
[2026-01-12 22:40:00 INF] Preferred.Api.Services.ScheduledTaskService 执行系统监控任务: 系统资源监控 {}
[2026-01-12 22:40:00 INF] Preferred.Api.Services.SystemMonitorService 系统监控服务已初始化 - 操作系统: Windows {}
[2026-01-12 22:40:00 INF] Preferred.Api.Services.SystemMonitorService 开始执行系统资源监控... {}
[2026-01-12 22:40:01 DBG] Preferred.Api.Services.SystemMonitorService 进程估算内存使用率 - 进程总内存: 22.00GB, 估算总内存: 33.13GB, 使用率: 66.67% {}
[2026-01-12 22:40:01 DBG] Preferred.Api.Services.SystemMonitorService 尝试获取Windows磁盘使用情况: C:\ {}
[2026-01-12 22:40:01 DBG] Preferred.Api.Services.SystemMonitorService 磁盘 C:\ - 总计: 400.00GB, 已用: 115.00GB, 使用率: 28.75% {}
[2026-01-12 22:40:01 INF] Preferred.Api.Services.SystemMonitorService 系统资源监控 - 配置磁盘: auto, 实际监控: C:\, CPU: 0.00%, 内存: 66.67%, 磁盘: 28.75%, 使用内存: 123493408768 {}
[2026-01-12 22:40:01 INF] Preferred.Api.Services.SystemMonitorService 系统资源监控数据保存成功 - CPU: 0.00%, 内存: 66.67%, 磁盘: 28.75% {}
[2026-01-12 22:40:01 INF] Preferred.Api.Services.ScheduledTaskService 系统监控任务执行完成: 系统资源监控 {}
[2026-01-12 22:40:01 INF] Preferred.Api.Services.ScheduledTaskService 手动执行定时任务成功: 系统资源监控 (SYSTEM_RESOURCE_MONITOR), 耗时: 1.14秒 {}
[2026-01-12 22:40:01 INF] Preferred.Api.Services.ScheduledTaskBackgroundService 定时任务执行完成: 1, 结果: 成功 {}
[2026-01-12 22:40:01 INF] Preferred.Api.Services.ScheduledTaskBackgroundService 定时任务 系统资源监控 已安排在 2026-01-12 22:45:00 执行 {}
[2026-01-12 22:45:00 INF] Preferred.Api.Services.ScheduledTaskBackgroundService 开始执行定时任务: 1 {}
[2026-01-12 22:45:00 INF] Preferred.Api.Services.ScheduledTaskService 开始手动执行定时任务: 系统资源监控 (SYSTEM_RESOURCE_MONITOR) {}
[2026-01-12 22:45:00 INF] Preferred.Api.Services.ScheduledTaskService 执行系统监控任务: 系统资源监控 {}
[2026-01-12 22:45:00 INF] Preferred.Api.Services.SystemMonitorService 系统监控服务已初始化 - 操作系统: Windows {}
[2026-01-12 22:45:00 INF] Preferred.Api.Services.SystemMonitorService 开始执行系统资源监控... {}
[2026-01-12 22:45:01 DBG] Preferred.Api.Services.SystemMonitorService 进程估算内存使用率 - 进程总内存: 21.00GB, 估算总内存: 32.21GB, 使用率: 66.67% {}
[2026-01-12 22:45:01 DBG] Preferred.Api.Services.SystemMonitorService 尝试获取Windows磁盘使用情况: C:\ {}
[2026-01-12 22:45:01 DBG] Preferred.Api.Services.SystemMonitorService 磁盘 C:\ - 总计: 400.00GB, 已用: 114.00GB, 使用率: 28.73% {}
[2026-01-12 22:45:01 INF] Preferred.Api.Services.SystemMonitorService 系统资源监控 - 配置磁盘: auto, 实际监控: C:\, CPU: 0.00%, 内存: 66.67%, 磁盘: 28.73%, 使用内存: 123379539968 {}
[2026-01-12 22:45:01 INF] Preferred.Api.Services.SystemMonitorService 系统资源监控数据保存成功 - CPU: 0.00%, 内存: 66.67%, 磁盘: 28.73% {}
[2026-01-12 22:45:01 INF] Preferred.Api.Services.ScheduledTaskService 系统监控任务执行完成: 系统资源监控 {}
[2026-01-12 22:45:01 INF] Preferred.Api.Services.ScheduledTaskService 手动执行定时任务成功: 系统资源监控 (SYSTEM_RESOURCE_MONITOR), 耗时: 1.11秒 {}
[2026-01-12 22:45:01 INF] Preferred.Api.Services.ScheduledTaskBackgroundService 定时任务执行完成: 1, 结果: 成功 {}
[2026-01-12 22:45:01 INF] Preferred.Api.Services.ScheduledTaskBackgroundService 定时任务 系统资源监控 已安排在 2026-01-12 22:50:00 执行 {}
