[2025-08-16 16:11:06 INF]  应用程序启动中... {}
[2025-08-16 16:11:07 INF] Preferred.Api.Services.ScheduledTaskBackgroundService 定时任务后台服务已启动 {}
[2025-08-16 16:11:07 WRN] Microsoft.EntityFrameworkCore.Model.Validation The 'bool' property 'Enabled' on entity type 'ScheduledTask' is configured with a database-generated default. This default will always be used for inserts when the property has the value 'false', since this is the CLR default for the 'bool' type. Consider using the nullable 'bool?' type instead so that the default will only be used for inserts when the property value is 'null'. {"EventId":{"Id":20601,"Name":"Microsoft.EntityFrameworkCore.Model.Validation.BoolWithDefaultWarning"}}
[2025-08-16 16:11:08 INF] Microsoft.Hosting.Lifetime Now listening on: http://localhost:5000 {}
[2025-08-16 16:11:08 INF] Microsoft.Hosting.Lifetime Application started. Press Ctrl+C to shut down. {}
[2025-08-16 16:11:08 INF] Microsoft.Hosting.Lifetime Hosting environment: Development {}
[2025-08-16 16:11:08 INF] Microsoft.Hosting.Lifetime Content root path: D:\git\preferred\api\Preferred.Api {}
[2025-08-16 16:11:08 INF] Preferred.Api.Services.ScheduledTaskBackgroundService 定时任务 系统资源监控 已安排在 2025-08-16 16:15:00 执行 {}
[2025-08-16 16:11:34 INF] Preferred.Api.Services.ScheduledTaskService 开始手动执行定时任务: 系统资源监控 (SYSTEM_RESOURCE_MONITOR) {"ActionId":"e258f9c0-59ba-49e1-89f4-8134286fcc89","ActionName":"Preferred.Api.Controllers.ScheduledTaskController.ExecuteTask (Preferred.Api)","RequestId":"0HNESJHV9O88U:00000006","RequestPath":"/api/ScheduledTask/1/execute","SpanId":"|694c3749-45f54c143293a8e3.","TraceId":"694c3749-45f54c143293a8e3","ParentId":"","ConnectionId":"0HNESJHV9O88U"}
[2025-08-16 16:11:35 INF] Preferred.Api.Services.ScheduledTaskService 手动执行定时任务成功: 系统资源监控 (SYSTEM_RESOURCE_MONITOR), 耗时: 1.21秒 {"ActionId":"e258f9c0-59ba-49e1-89f4-8134286fcc89","ActionName":"Preferred.Api.Controllers.ScheduledTaskController.ExecuteTask (Preferred.Api)","RequestId":"0HNESJHV9O88U:00000006","RequestPath":"/api/ScheduledTask/1/execute","SpanId":"|694c3749-45f54c143293a8e3.","TraceId":"694c3749-45f54c143293a8e3","ParentId":"","ConnectionId":"0HNESJHV9O88U"}
[2025-08-16 16:15:00 INF] Preferred.Api.Services.ScheduledTaskBackgroundService 开始执行定时任务: 1 {}
[2025-08-16 16:15:00 INF] Preferred.Api.Services.ScheduledTaskService 开始手动执行定时任务: 系统资源监控 (SYSTEM_RESOURCE_MONITOR) {}
[2025-08-16 16:15:01 INF] Preferred.Api.Services.ScheduledTaskService 手动执行定时任务成功: 系统资源监控 (SYSTEM_RESOURCE_MONITOR), 耗时: 1.05秒 {}
[2025-08-16 16:15:01 INF] Preferred.Api.Services.ScheduledTaskBackgroundService 定时任务执行完成: 1, 结果: 成功 {}
[2025-08-16 16:15:01 INF] Preferred.Api.Services.ScheduledTaskBackgroundService 定时任务 系统资源监控 已安排在 2025-08-16 16:20:00 执行 {}
[2025-08-16 16:17:31 INF] Microsoft.Hosting.Lifetime Application is shutting down... {}
[2025-08-16 16:17:31 INF] Preferred.Api.Services.ScheduledTaskBackgroundService 定时任务后台服务正在停止... {}
[2025-08-16 16:17:31 ERR] Preferred.Api.Services.ScheduledTaskBackgroundService 定时任务后台服务执行异常 {}
System.Threading.Tasks.TaskCanceledException: A task was canceled.
   at Preferred.Api.Services.ScheduledTaskBackgroundService.ExecuteAsync(CancellationToken stoppingToken) in D:\git\preferred\api\Preferred.Api\BackgroundServices\ScheduledTaskBackgroundService.cs:line 42
[2025-08-16 16:17:31 INF] Preferred.Api.Services.ScheduledTaskBackgroundService 定时任务后台服务已停止 {}
[2025-08-16 16:17:36 INF]  应用程序启动中... {}
[2025-08-16 16:17:36 INF] Preferred.Api.Services.ScheduledTaskBackgroundService 定时任务后台服务已启动 {}
[2025-08-16 16:17:37 WRN] Microsoft.EntityFrameworkCore.Model.Validation The 'bool' property 'Enabled' on entity type 'ScheduledTask' is configured with a database-generated default. This default will always be used for inserts when the property has the value 'false', since this is the CLR default for the 'bool' type. Consider using the nullable 'bool?' type instead so that the default will only be used for inserts when the property value is 'null'. {"EventId":{"Id":20601,"Name":"Microsoft.EntityFrameworkCore.Model.Validation.BoolWithDefaultWarning"}}
[2025-08-16 16:17:37 INF] Microsoft.Hosting.Lifetime Now listening on: http://localhost:5000 {}
[2025-08-16 16:17:37 INF] Microsoft.Hosting.Lifetime Application started. Press Ctrl+C to shut down. {}
[2025-08-16 16:17:37 INF] Microsoft.Hosting.Lifetime Hosting environment: Development {}
[2025-08-16 16:17:37 INF] Microsoft.Hosting.Lifetime Content root path: D:\git\preferred\api\Preferred.Api {}
[2025-08-16 16:17:37 INF] Preferred.Api.Services.ScheduledTaskBackgroundService 定时任务 系统资源监控 已安排在 2025-08-16 16:20:00 执行 {}
[2025-08-16 16:19:01 INF] Preferred.Api.Services.SystemMonitorService 系统监控服务已初始化 - 操作系统: Windows {"ActionId":"72675147-5769-4d02-9895-e729baed9410","ActionName":"Preferred.Api.Controllers.TestController.TestSystemMonitor (Preferred.Api)","RequestId":"0HNESJLVPJ52F:00000003","RequestPath":"/api/Test/system-monitor","SpanId":"|2c021f4d-440efe140f2eb947.","TraceId":"2c021f4d-440efe140f2eb947","ParentId":"","ConnectionId":"0HNESJLVPJ52F"}
[2025-08-16 16:19:01 INF] Preferred.Api.Controllers.TestController 开始测试系统监控服务... {"ActionId":"72675147-5769-4d02-9895-e729baed9410","ActionName":"Preferred.Api.Controllers.TestController.TestSystemMonitor (Preferred.Api)","RequestId":"0HNESJLVPJ52F:00000003","RequestPath":"/api/Test/system-monitor","SpanId":"|2c021f4d-440efe140f2eb947.","TraceId":"2c021f4d-440efe140f2eb947","ParentId":"","ConnectionId":"0HNESJLVPJ52F"}
[2025-08-16 16:19:02 DBG] Preferred.Api.Services.SystemMonitorService 进程估算内存使用率 - 进程总内存: 13.00GB, 估算总内存: 20.36GB, 使用率: 66.67% {"ActionId":"72675147-5769-4d02-9895-e729baed9410","ActionName":"Preferred.Api.Controllers.TestController.TestSystemMonitor (Preferred.Api)","RequestId":"0HNESJLVPJ52F:00000003","RequestPath":"/api/Test/system-monitor","SpanId":"|2c021f4d-440efe140f2eb947.","TraceId":"2c021f4d-440efe140f2eb947","ParentId":"","ConnectionId":"0HNESJLVPJ52F"}
[2025-08-16 16:19:02 DBG] Preferred.Api.Services.SystemMonitorService 尝试获取Windows磁盘使用情况: C:\ {"ActionId":"72675147-5769-4d02-9895-e729baed9410","ActionName":"Preferred.Api.Controllers.TestController.TestSystemMonitor (Preferred.Api)","RequestId":"0HNESJLVPJ52F:00000003","RequestPath":"/api/Test/system-monitor","SpanId":"|2c021f4d-440efe140f2eb947.","TraceId":"2c021f4d-440efe140f2eb947","ParentId":"","ConnectionId":"0HNESJLVPJ52F"}
[2025-08-16 16:19:02 DBG] Preferred.Api.Services.SystemMonitorService 磁盘 C:\ - 总计: 400.00GB, 已用: 94.00GB, 使用率: 23.69% {"ActionId":"72675147-5769-4d02-9895-e729baed9410","ActionName":"Preferred.Api.Controllers.TestController.TestSystemMonitor (Preferred.Api)","RequestId":"0HNESJLVPJ52F:00000003","RequestPath":"/api/Test/system-monitor","SpanId":"|2c021f4d-440efe140f2eb947.","TraceId":"2c021f4d-440efe140f2eb947","ParentId":"","ConnectionId":"0HNESJLVPJ52F"}
[2025-08-16 16:19:02 INF] Preferred.Api.Services.SystemMonitorService 系统资源监控 - 配置磁盘: auto, 实际监控: C:\, CPU: 0.10%, 内存: 0.00%, 磁盘: 23.69% {"ActionId":"72675147-5769-4d02-9895-e729baed9410","ActionName":"Preferred.Api.Controllers.TestController.TestSystemMonitor (Preferred.Api)","RequestId":"0HNESJLVPJ52F:00000003","RequestPath":"/api/Test/system-monitor","SpanId":"|2c021f4d-440efe140f2eb947.","TraceId":"2c021f4d-440efe140f2eb947","ParentId":"","ConnectionId":"0HNESJLVPJ52F"}
[2025-08-16 16:19:02 INF] Preferred.Api.Controllers.TestController 系统监控测试完成 - CPU: 0.1%, 内存: 0%, 磁盘: 23.69% {"ActionId":"72675147-5769-4d02-9895-e729baed9410","ActionName":"Preferred.Api.Controllers.TestController.TestSystemMonitor (Preferred.Api)","RequestId":"0HNESJLVPJ52F:00000003","RequestPath":"/api/Test/system-monitor","SpanId":"|2c021f4d-440efe140f2eb947.","TraceId":"2c021f4d-440efe140f2eb947","ParentId":"","ConnectionId":"0HNESJLVPJ52F"}
[2025-08-16 16:20:00 INF] Preferred.Api.Services.ScheduledTaskBackgroundService 开始执行定时任务: 1 {}
[2025-08-16 16:20:00 INF] Preferred.Api.Services.ScheduledTaskService 开始手动执行定时任务: 系统资源监控 (SYSTEM_RESOURCE_MONITOR) {}
[2025-08-16 16:20:01 INF] Preferred.Api.Services.ScheduledTaskService 手动执行定时任务成功: 系统资源监控 (SYSTEM_RESOURCE_MONITOR), 耗时: 1.14秒 {}
[2025-08-16 16:20:01 INF] Preferred.Api.Services.ScheduledTaskBackgroundService 定时任务执行完成: 1, 结果: 成功 {}
[2025-08-16 16:20:01 INF] Preferred.Api.Services.ScheduledTaskBackgroundService 定时任务 系统资源监控 已安排在 2025-08-16 16:25:00 执行 {}
[2025-08-16 16:25:00 INF] Preferred.Api.Services.ScheduledTaskBackgroundService 开始执行定时任务: 1 {}
[2025-08-16 16:25:00 INF] Preferred.Api.Services.ScheduledTaskService 开始手动执行定时任务: 系统资源监控 (SYSTEM_RESOURCE_MONITOR) {}
[2025-08-16 16:25:01 INF] Preferred.Api.Services.ScheduledTaskService 手动执行定时任务成功: 系统资源监控 (SYSTEM_RESOURCE_MONITOR), 耗时: 1.07秒 {}
[2025-08-16 16:25:01 INF] Preferred.Api.Services.ScheduledTaskBackgroundService 定时任务执行完成: 1, 结果: 成功 {}
[2025-08-16 16:25:01 INF] Preferred.Api.Services.ScheduledTaskBackgroundService 定时任务 系统资源监控 已安排在 2025-08-16 16:30:00 执行 {}
[2025-08-16 16:26:02 INF] Microsoft.Hosting.Lifetime Application is shutting down... {}
[2025-08-16 16:26:02 INF] Preferred.Api.Services.ScheduledTaskBackgroundService 定时任务后台服务正在停止... {}
[2025-08-16 16:26:02 ERR] Preferred.Api.Services.ScheduledTaskBackgroundService 定时任务后台服务执行异常 {}
System.Threading.Tasks.TaskCanceledException: A task was canceled.
   at Preferred.Api.Services.ScheduledTaskBackgroundService.ExecuteAsync(CancellationToken stoppingToken) in D:\git\preferred\api\Preferred.Api\BackgroundServices\ScheduledTaskBackgroundService.cs:line 42
[2025-08-16 16:26:02 INF] Preferred.Api.Services.ScheduledTaskBackgroundService 定时任务后台服务已停止 {}
[2025-08-16 16:26:06 INF]  应用程序启动中... {}
[2025-08-16 16:26:06 INF] Preferred.Api.Services.ScheduledTaskBackgroundService 定时任务后台服务已启动 {}
[2025-08-16 16:26:07 WRN] Microsoft.EntityFrameworkCore.Model.Validation The 'bool' property 'Enabled' on entity type 'ScheduledTask' is configured with a database-generated default. This default will always be used for inserts when the property has the value 'false', since this is the CLR default for the 'bool' type. Consider using the nullable 'bool?' type instead so that the default will only be used for inserts when the property value is 'null'. {"EventId":{"Id":20601,"Name":"Microsoft.EntityFrameworkCore.Model.Validation.BoolWithDefaultWarning"}}
[2025-08-16 16:26:07 INF] Microsoft.Hosting.Lifetime Now listening on: http://localhost:5000 {}
[2025-08-16 16:26:07 INF] Microsoft.Hosting.Lifetime Application started. Press Ctrl+C to shut down. {}
[2025-08-16 16:26:07 INF] Microsoft.Hosting.Lifetime Hosting environment: Development {}
[2025-08-16 16:26:07 INF] Microsoft.Hosting.Lifetime Content root path: D:\git\preferred\api\Preferred.Api {}
[2025-08-16 16:26:07 INF] Preferred.Api.Services.ScheduledTaskBackgroundService 定时任务 系统资源监控 已安排在 2025-08-16 16:30:00 执行 {}
[2025-08-16 16:26:27 INF] Preferred.Api.Services.ScheduledTaskService 开始手动执行定时任务: 系统资源监控 (SYSTEM_RESOURCE_MONITOR) {"ActionId":"e2684433-4897-4be1-9220-5fc556eef5e6","ActionName":"Preferred.Api.Controllers.ScheduledTaskController.ExecuteTask (Preferred.Api)","RequestId":"0HNESJQ9VVLLL:0000000B","RequestPath":"/api/ScheduledTask/1/execute","SpanId":"|5f83304d-4fec3e329873124d.","TraceId":"5f83304d-4fec3e329873124d","ParentId":"","ConnectionId":"0HNESJQ9VVLLL"}
[2025-08-16 16:26:28 INF] Preferred.Api.Services.ScheduledTaskService 手动执行定时任务成功: 系统资源监控 (SYSTEM_RESOURCE_MONITOR), 耗时: 1.20秒 {"ActionId":"e2684433-4897-4be1-9220-5fc556eef5e6","ActionName":"Preferred.Api.Controllers.ScheduledTaskController.ExecuteTask (Preferred.Api)","RequestId":"0HNESJQ9VVLLL:0000000B","RequestPath":"/api/ScheduledTask/1/execute","SpanId":"|5f83304d-4fec3e329873124d.","TraceId":"5f83304d-4fec3e329873124d","ParentId":"","ConnectionId":"0HNESJQ9VVLLL"}
[2025-08-16 16:29:14 INF] Microsoft.Hosting.Lifetime Application is shutting down... {}
[2025-08-16 16:29:14 INF] Preferred.Api.Services.ScheduledTaskBackgroundService 定时任务后台服务正在停止... {}
[2025-08-16 16:29:14 ERR] Preferred.Api.Services.ScheduledTaskBackgroundService 定时任务后台服务执行异常 {}
System.Threading.Tasks.TaskCanceledException: A task was canceled.
   at Preferred.Api.Services.ScheduledTaskBackgroundService.ExecuteAsync(CancellationToken stoppingToken) in D:\git\preferred\api\Preferred.Api\BackgroundServices\ScheduledTaskBackgroundService.cs:line 42
[2025-08-16 16:29:14 INF] Preferred.Api.Services.ScheduledTaskBackgroundService 定时任务后台服务已停止 {}
[2025-08-16 16:29:17 INF]  应用程序启动中... {}
[2025-08-16 16:29:18 INF] Preferred.Api.Services.ScheduledTaskBackgroundService 定时任务后台服务已启动 {}
[2025-08-16 16:29:18 WRN] Microsoft.EntityFrameworkCore.Model.Validation The 'bool' property 'Enabled' on entity type 'ScheduledTask' is configured with a database-generated default. This default will always be used for inserts when the property has the value 'false', since this is the CLR default for the 'bool' type. Consider using the nullable 'bool?' type instead so that the default will only be used for inserts when the property value is 'null'. {"EventId":{"Id":20601,"Name":"Microsoft.EntityFrameworkCore.Model.Validation.BoolWithDefaultWarning"}}
[2025-08-16 16:29:18 INF] Microsoft.Hosting.Lifetime Now listening on: http://localhost:5000 {}
[2025-08-16 16:29:18 INF] Microsoft.Hosting.Lifetime Application started. Press Ctrl+C to shut down. {}
[2025-08-16 16:29:18 INF] Microsoft.Hosting.Lifetime Hosting environment: Development {}
[2025-08-16 16:29:18 INF] Microsoft.Hosting.Lifetime Content root path: D:\git\preferred\api\Preferred.Api {}
[2025-08-16 16:29:18 INF] Preferred.Api.Services.ScheduledTaskBackgroundService 定时任务 系统资源监控 已安排在 2025-08-16 16:30:00 执行 {}
[2025-08-16 16:29:50 INF] Preferred.Api.Services.ScheduledTaskService 开始手动执行定时任务: 系统资源监控 (SYSTEM_RESOURCE_MONITOR) {"ActionId":"5dbbf129-6905-4562-bfc8-518ae16fafb7","ActionName":"Preferred.Api.Controllers.ScheduledTaskController.ExecuteTask (Preferred.Api)","RequestId":"0HNESJS70L645:00000006","RequestPath":"/api/ScheduledTask/1/execute","SpanId":"|a2c6ace7-4466816cc21d82e0.","TraceId":"a2c6ace7-4466816cc21d82e0","ParentId":"","ConnectionId":"0HNESJS70L645"}
[2025-08-16 16:29:51 INF] Preferred.Api.Services.ScheduledTaskService 手动执行定时任务成功: 系统资源监控 (SYSTEM_RESOURCE_MONITOR), 耗时: 1.15秒 {"ActionId":"5dbbf129-6905-4562-bfc8-518ae16fafb7","ActionName":"Preferred.Api.Controllers.ScheduledTaskController.ExecuteTask (Preferred.Api)","RequestId":"0HNESJS70L645:00000006","RequestPath":"/api/ScheduledTask/1/execute","SpanId":"|a2c6ace7-4466816cc21d82e0.","TraceId":"a2c6ace7-4466816cc21d82e0","ParentId":"","ConnectionId":"0HNESJS70L645"}
[2025-08-16 16:30:00 INF] Preferred.Api.Services.ScheduledTaskBackgroundService 开始执行定时任务: 1 {}
[2025-08-16 16:30:00 INF] Preferred.Api.Services.ScheduledTaskService 开始手动执行定时任务: 系统资源监控 (SYSTEM_RESOURCE_MONITOR) {}
[2025-08-16 16:30:01 INF] Preferred.Api.Services.ScheduledTaskService 手动执行定时任务成功: 系统资源监控 (SYSTEM_RESOURCE_MONITOR), 耗时: 1.05秒 {}
[2025-08-16 16:30:01 INF] Preferred.Api.Services.ScheduledTaskBackgroundService 定时任务执行完成: 1, 结果: 成功 {}
[2025-08-16 16:30:01 INF] Preferred.Api.Services.ScheduledTaskBackgroundService 定时任务 系统资源监控 已安排在 2025-08-16 16:35:00 执行 {}
[2025-08-16 16:35:00 INF] Preferred.Api.Services.ScheduledTaskBackgroundService 开始执行定时任务: 1 {}
[2025-08-16 16:35:00 INF] Preferred.Api.Services.ScheduledTaskService 开始手动执行定时任务: 系统资源监控 (SYSTEM_RESOURCE_MONITOR) {}
[2025-08-16 16:35:01 INF] Preferred.Api.Services.ScheduledTaskService 手动执行定时任务成功: 系统资源监控 (SYSTEM_RESOURCE_MONITOR), 耗时: 1.08秒 {}
[2025-08-16 16:35:01 INF] Preferred.Api.Services.ScheduledTaskBackgroundService 定时任务执行完成: 1, 结果: 成功 {}
[2025-08-16 16:35:01 INF] Preferred.Api.Services.ScheduledTaskBackgroundService 定时任务 系统资源监控 已安排在 2025-08-16 16:40:00 执行 {}
[2025-08-16 16:36:23 INF] Microsoft.Hosting.Lifetime Application is shutting down... {}
[2025-08-16 16:36:23 INF] Preferred.Api.Services.ScheduledTaskBackgroundService 定时任务后台服务正在停止... {}
[2025-08-16 16:36:23 ERR] Preferred.Api.Services.ScheduledTaskBackgroundService 定时任务后台服务执行异常 {}
System.Threading.Tasks.TaskCanceledException: A task was canceled.
   at Preferred.Api.Services.ScheduledTaskBackgroundService.ExecuteAsync(CancellationToken stoppingToken) in D:\git\preferred\api\Preferred.Api\BackgroundServices\ScheduledTaskBackgroundService.cs:line 42
[2025-08-16 16:36:23 INF] Preferred.Api.Services.ScheduledTaskBackgroundService 定时任务后台服务已停止 {}
[2025-08-16 16:36:27 INF]  应用程序启动中... {}
[2025-08-16 16:36:27 INF] Preferred.Api.Services.ScheduledTaskBackgroundService 定时任务后台服务已启动 {}
[2025-08-16 16:36:27 WRN] Microsoft.EntityFrameworkCore.Model.Validation The 'bool' property 'Enabled' on entity type 'ScheduledTask' is configured with a database-generated default. This default will always be used for inserts when the property has the value 'false', since this is the CLR default for the 'bool' type. Consider using the nullable 'bool?' type instead so that the default will only be used for inserts when the property value is 'null'. {"EventId":{"Id":20601,"Name":"Microsoft.EntityFrameworkCore.Model.Validation.BoolWithDefaultWarning"}}
[2025-08-16 16:36:28 INF] Microsoft.Hosting.Lifetime Now listening on: http://localhost:5000 {}
[2025-08-16 16:36:28 INF] Microsoft.Hosting.Lifetime Application started. Press Ctrl+C to shut down. {}
[2025-08-16 16:36:28 INF] Microsoft.Hosting.Lifetime Hosting environment: Development {}
[2025-08-16 16:36:28 INF] Microsoft.Hosting.Lifetime Content root path: D:\git\preferred\api\Preferred.Api {}
[2025-08-16 16:36:28 INF] Preferred.Api.Services.ScheduledTaskBackgroundService 定时任务 系统资源监控 已安排在 2025-08-16 16:40:00 执行 {}
[2025-08-16 16:36:34 INF] Preferred.Api.Services.ScheduledTaskService 开始手动执行定时任务: 系统资源监控 (SYSTEM_RESOURCE_MONITOR) {"ActionId":"6089bcf1-a56e-4ce4-bce4-2d8f6cb83e49","ActionName":"Preferred.Api.Controllers.ScheduledTaskController.ExecuteTask (Preferred.Api)","RequestId":"0HNESK00RSPR2:00000002","RequestPath":"/api/ScheduledTask/1/execute","SpanId":"|b29002fb-481fe5f3aa3a3e7b.","TraceId":"b29002fb-481fe5f3aa3a3e7b","ParentId":"","ConnectionId":"0HNESK00RSPR2"}
[2025-08-16 16:36:35 INF] Preferred.Api.Services.ScheduledTaskService 手动执行定时任务成功: 系统资源监控 (SYSTEM_RESOURCE_MONITOR), 耗时: 1.27秒 {"ActionId":"6089bcf1-a56e-4ce4-bce4-2d8f6cb83e49","ActionName":"Preferred.Api.Controllers.ScheduledTaskController.ExecuteTask (Preferred.Api)","RequestId":"0HNESK00RSPR2:00000002","RequestPath":"/api/ScheduledTask/1/execute","SpanId":"|b29002fb-481fe5f3aa3a3e7b.","TraceId":"b29002fb-481fe5f3aa3a3e7b","ParentId":"","ConnectionId":"0HNESK00RSPR2"}
[2025-08-16 16:39:59 INF] Preferred.Api.Services.ScheduledTaskBackgroundService 开始执行定时任务: 1 {}
[2025-08-16 16:40:00 INF] Preferred.Api.Services.ScheduledTaskService 开始手动执行定时任务: 系统资源监控 (SYSTEM_RESOURCE_MONITOR) {}
[2025-08-16 16:40:01 INF] Preferred.Api.Services.ScheduledTaskService 手动执行定时任务成功: 系统资源监控 (SYSTEM_RESOURCE_MONITOR), 耗时: 1.05秒 {}
[2025-08-16 16:40:01 INF] Preferred.Api.Services.ScheduledTaskBackgroundService 定时任务执行完成: 1, 结果: 成功 {}
[2025-08-16 16:40:01 INF] Preferred.Api.Services.ScheduledTaskBackgroundService 定时任务 系统资源监控 已安排在 2025-08-16 16:45:00 执行 {}
[2025-08-16 16:45:00 INF] Preferred.Api.Services.ScheduledTaskBackgroundService 开始执行定时任务: 1 {}
[2025-08-16 16:45:00 INF] Preferred.Api.Services.ScheduledTaskService 开始手动执行定时任务: 系统资源监控 (SYSTEM_RESOURCE_MONITOR) {}
[2025-08-16 16:45:01 INF] Preferred.Api.Services.ScheduledTaskService 手动执行定时任务成功: 系统资源监控 (SYSTEM_RESOURCE_MONITOR), 耗时: 1.07秒 {}
[2025-08-16 16:45:01 INF] Preferred.Api.Services.ScheduledTaskBackgroundService 定时任务执行完成: 1, 结果: 成功 {}
[2025-08-16 16:45:01 INF] Preferred.Api.Services.ScheduledTaskBackgroundService 定时任务 系统资源监控 已安排在 2025-08-16 16:50:00 执行 {}
[2025-08-16 16:50:00 INF] Preferred.Api.Services.ScheduledTaskBackgroundService 开始执行定时任务: 1 {}
[2025-08-16 16:50:00 INF] Preferred.Api.Services.ScheduledTaskService 开始手动执行定时任务: 系统资源监控 (SYSTEM_RESOURCE_MONITOR) {}
[2025-08-16 16:50:01 INF] Preferred.Api.Services.ScheduledTaskService 手动执行定时任务成功: 系统资源监控 (SYSTEM_RESOURCE_MONITOR), 耗时: 1.08秒 {}
[2025-08-16 16:50:01 INF] Preferred.Api.Services.ScheduledTaskBackgroundService 定时任务执行完成: 1, 结果: 成功 {}
[2025-08-16 16:50:01 INF] Preferred.Api.Services.ScheduledTaskBackgroundService 定时任务 系统资源监控 已安排在 2025-08-16 16:55:00 执行 {}
[2025-08-16 16:51:15 INF] Microsoft.Hosting.Lifetime Application is shutting down... {}
[2025-08-16 16:51:15 INF] Preferred.Api.Services.ScheduledTaskBackgroundService 定时任务后台服务正在停止... {}
[2025-08-16 16:51:15 ERR] Preferred.Api.Services.ScheduledTaskBackgroundService 定时任务后台服务执行异常 {}
System.Threading.Tasks.TaskCanceledException: A task was canceled.
   at Preferred.Api.Services.ScheduledTaskBackgroundService.ExecuteAsync(CancellationToken stoppingToken) in D:\git\preferred\api\Preferred.Api\BackgroundServices\ScheduledTaskBackgroundService.cs:line 42
[2025-08-16 16:51:15 INF] Preferred.Api.Services.ScheduledTaskBackgroundService 定时任务后台服务已停止 {}
[2025-08-16 16:51:23 INF]  应用程序启动中... {}
[2025-08-16 16:51:23 INF] Preferred.Api.Services.ScheduledTaskBackgroundService 定时任务后台服务已启动 {}
[2025-08-16 16:51:23 WRN] Microsoft.EntityFrameworkCore.Model.Validation The 'bool' property 'Enabled' on entity type 'ScheduledTask' is configured with a database-generated default. This default will always be used for inserts when the property has the value 'false', since this is the CLR default for the 'bool' type. Consider using the nullable 'bool?' type instead so that the default will only be used for inserts when the property value is 'null'. {"EventId":{"Id":20601,"Name":"Microsoft.EntityFrameworkCore.Model.Validation.BoolWithDefaultWarning"}}
[2025-08-16 16:51:24 INF] Microsoft.Hosting.Lifetime Now listening on: http://localhost:5000 {}
[2025-08-16 16:51:24 INF] Microsoft.Hosting.Lifetime Application started. Press Ctrl+C to shut down. {}
[2025-08-16 16:51:24 INF] Microsoft.Hosting.Lifetime Hosting environment: Development {}
[2025-08-16 16:51:24 INF] Microsoft.Hosting.Lifetime Content root path: D:\git\preferred\api\Preferred.Api {}
[2025-08-16 16:51:24 INF] Preferred.Api.Services.ScheduledTaskBackgroundService 定时任务 系统资源监控 已安排在 2025-08-16 16:55:00 执行 {}
[2025-08-16 16:51:41 INF] Preferred.Api.Services.ScheduledTaskService 开始手动执行定时任务: 系统资源监控 (SYSTEM_RESOURCE_MONITOR) {"ActionId":"1687004c-1e98-4b6c-89b1-d1231d05ed12","ActionName":"Preferred.Api.Controllers.ScheduledTaskController.ExecuteTask (Preferred.Api)","RequestId":"0HNESK8ASODUV:0000000A","RequestPath":"/api/ScheduledTask/1/execute","SpanId":"|af00b7b7-4c50a096d5e9fc02.","TraceId":"af00b7b7-4c50a096d5e9fc02","ParentId":"","ConnectionId":"0HNESK8ASODUV"}
[2025-08-16 16:51:42 INF] Preferred.Api.Services.ScheduledTaskService 手动执行定时任务成功: 系统资源监控 (SYSTEM_RESOURCE_MONITOR), 耗时: 1.15秒 {"ActionId":"1687004c-1e98-4b6c-89b1-d1231d05ed12","ActionName":"Preferred.Api.Controllers.ScheduledTaskController.ExecuteTask (Preferred.Api)","RequestId":"0HNESK8ASODUV:0000000A","RequestPath":"/api/ScheduledTask/1/execute","SpanId":"|af00b7b7-4c50a096d5e9fc02.","TraceId":"af00b7b7-4c50a096d5e9fc02","ParentId":"","ConnectionId":"0HNESK8ASODUV"}
[2025-08-16 16:55:00 INF] Preferred.Api.Services.ScheduledTaskBackgroundService 开始执行定时任务: 1 {}
[2025-08-16 16:55:00 INF] Preferred.Api.Services.ScheduledTaskService 开始手动执行定时任务: 系统资源监控 (SYSTEM_RESOURCE_MONITOR) {}
[2025-08-16 16:55:01 INF] Preferred.Api.Services.ScheduledTaskService 手动执行定时任务成功: 系统资源监控 (SYSTEM_RESOURCE_MONITOR), 耗时: 1.06秒 {}
[2025-08-16 16:55:01 INF] Preferred.Api.Services.ScheduledTaskBackgroundService 定时任务执行完成: 1, 结果: 成功 {}
[2025-08-16 16:55:01 INF] Preferred.Api.Services.ScheduledTaskBackgroundService 定时任务 系统资源监控 已安排在 2025-08-16 17:00:00 执行 {}
[2025-08-16 16:57:38 INF] Microsoft.Hosting.Lifetime Application is shutting down... {}
[2025-08-16 16:57:38 INF] Preferred.Api.Services.ScheduledTaskBackgroundService 定时任务后台服务正在停止... {}
[2025-08-16 16:57:38 ERR] Preferred.Api.Services.ScheduledTaskBackgroundService 定时任务后台服务执行异常 {}
System.Threading.Tasks.TaskCanceledException: A task was canceled.
   at Preferred.Api.Services.ScheduledTaskBackgroundService.ExecuteAsync(CancellationToken stoppingToken) in D:\git\preferred\api\Preferred.Api\BackgroundServices\ScheduledTaskBackgroundService.cs:line 42
[2025-08-16 16:57:38 INF] Preferred.Api.Services.ScheduledTaskBackgroundService 定时任务后台服务已停止 {}
[2025-08-16 17:02:12 INF]  应用程序启动中... {}
[2025-08-16 17:02:12 INF] Preferred.Api.Services.ScheduledTaskBackgroundService 定时任务后台服务已启动 {}
[2025-08-16 17:02:13 WRN] Microsoft.EntityFrameworkCore.Model.Validation The 'bool' property 'Enabled' on entity type 'ScheduledTask' is configured with a database-generated default. This default will always be used for inserts when the property has the value 'false', since this is the CLR default for the 'bool' type. Consider using the nullable 'bool?' type instead so that the default will only be used for inserts when the property value is 'null'. {"EventId":{"Id":20601,"Name":"Microsoft.EntityFrameworkCore.Model.Validation.BoolWithDefaultWarning"}}
[2025-08-16 17:02:13 INF] Microsoft.Hosting.Lifetime Now listening on: http://localhost:5000 {}
[2025-08-16 17:02:13 INF] Microsoft.Hosting.Lifetime Application started. Press Ctrl+C to shut down. {}
[2025-08-16 17:02:13 INF] Microsoft.Hosting.Lifetime Hosting environment: Development {}
[2025-08-16 17:02:13 INF] Microsoft.Hosting.Lifetime Content root path: D:\git\preferred\api\Preferred.Api {}
[2025-08-16 17:02:13 INF] Preferred.Api.Services.ScheduledTaskBackgroundService 定时任务 系统资源监控 已安排在 2025-08-16 17:05:00 执行 {}
[2025-08-16 17:02:43 INF] Preferred.Api.Services.ScheduledTaskService 开始手动执行定时任务: 系统资源监控 (SYSTEM_RESOURCE_MONITOR) {"ActionId":"dc136874-04c9-4fea-b279-e836bdb1f328","ActionName":"Preferred.Api.Controllers.ScheduledTaskController.ExecuteTask (Preferred.Api)","RequestId":"0HNESKEEC181H:00000006","RequestPath":"/api/ScheduledTask/1/execute","SpanId":"|c541c7da-487c0b5daafc1614.","TraceId":"c541c7da-487c0b5daafc1614","ParentId":"","ConnectionId":"0HNESKEEC181H"}
[2025-08-16 17:02:44 INF] Preferred.Api.Services.ScheduledTaskService 手动执行定时任务成功: 系统资源监控 (SYSTEM_RESOURCE_MONITOR), 耗时: 1.14秒 {"ActionId":"dc136874-04c9-4fea-b279-e836bdb1f328","ActionName":"Preferred.Api.Controllers.ScheduledTaskController.ExecuteTask (Preferred.Api)","RequestId":"0HNESKEEC181H:00000006","RequestPath":"/api/ScheduledTask/1/execute","SpanId":"|c541c7da-487c0b5daafc1614.","TraceId":"c541c7da-487c0b5daafc1614","ParentId":"","ConnectionId":"0HNESKEEC181H"}
[2025-08-16 17:05:00 INF] Preferred.Api.Services.ScheduledTaskBackgroundService 开始执行定时任务: 1 {}
[2025-08-16 17:05:00 INF] Preferred.Api.Services.ScheduledTaskService 开始手动执行定时任务: 系统资源监控 (SYSTEM_RESOURCE_MONITOR) {}
[2025-08-16 17:05:01 INF] Preferred.Api.Services.ScheduledTaskService 手动执行定时任务成功: 系统资源监控 (SYSTEM_RESOURCE_MONITOR), 耗时: 1.07秒 {}
[2025-08-16 17:05:01 INF] Preferred.Api.Services.ScheduledTaskBackgroundService 定时任务执行完成: 1, 结果: 成功 {}
[2025-08-16 17:05:01 INF] Preferred.Api.Services.ScheduledTaskBackgroundService 定时任务 系统资源监控 已安排在 2025-08-16 17:10:00 执行 {}
[2025-08-16 17:05:14 INF]  应用程序启动中... {}
[2025-08-16 17:05:15 INF] Preferred.Api.Services.ScheduledTaskBackgroundService 定时任务后台服务已启动 {}
[2025-08-16 17:05:15 WRN] Microsoft.EntityFrameworkCore.Model.Validation The 'bool' property 'Enabled' on entity type 'ScheduledTask' is configured with a database-generated default. This default will always be used for inserts when the property has the value 'false', since this is the CLR default for the 'bool' type. Consider using the nullable 'bool?' type instead so that the default will only be used for inserts when the property value is 'null'. {"EventId":{"Id":20601,"Name":"Microsoft.EntityFrameworkCore.Model.Validation.BoolWithDefaultWarning"}}
[2025-08-16 17:05:15 FTL] Microsoft.AspNetCore.Server.Kestrel Unable to start Kestrel. {}
System.IO.IOException: Failed to bind to address http://127.0.0.1:5000: address already in use.
 ---> Microsoft.AspNetCore.Connections.AddressInUseException: 通常每个套接字地址(协议/网络地址/端口)只允许使用一次。
 ---> System.Net.Sockets.SocketException (10048): 通常每个套接字地址(协议/网络地址/端口)只允许使用一次。
   at System.Net.Sockets.Socket.UpdateStatusAfterSocketErrorAndThrowException(SocketError error, String callerName)
   at System.Net.Sockets.Socket.DoBind(EndPoint endPointSnapshot, SocketAddress socketAddress)
   at System.Net.Sockets.Socket.Bind(EndPoint localEP)
   at Microsoft.AspNetCore.Server.Kestrel.Transport.Sockets.SocketConnectionListener.Bind()
   --- End of inner exception stack trace ---
   at Microsoft.AspNetCore.Server.Kestrel.Transport.Sockets.SocketConnectionListener.Bind()
   at Microsoft.AspNetCore.Server.Kestrel.Transport.Sockets.SocketTransportFactory.BindAsync(EndPoint endpoint, CancellationToken cancellationToken)
   at Microsoft.AspNetCore.Server.Kestrel.Core.KestrelServer.<>c__DisplayClass21_0`1.<<StartAsync>g__OnBind|0>d.MoveNext()
--- End of stack trace from previous location where exception was thrown ---
   at Microsoft.AspNetCore.Server.Kestrel.Core.Internal.AddressBinder.BindEndpointAsync(ListenOptions endpoint, AddressBindContext context)
   --- End of inner exception stack trace ---
   at Microsoft.AspNetCore.Server.Kestrel.Core.Internal.AddressBinder.BindEndpointAsync(ListenOptions endpoint, AddressBindContext context)
   at Microsoft.AspNetCore.Server.Kestrel.Core.LocalhostListenOptions.BindAsync(AddressBindContext context)
   at Microsoft.AspNetCore.Server.Kestrel.Core.Internal.AddressBinder.DefaultAddressStrategy.BindAsync(AddressBindContext context)
   at Microsoft.AspNetCore.Server.Kestrel.Core.Internal.AddressBinder.BindAsync(IServerAddressesFeature addresses, KestrelServerOptions serverOptions, ILogger logger, Func`2 createBinding)
   at Microsoft.AspNetCore.Server.Kestrel.Core.KestrelServer.StartAsync[TContext](IHttpApplication`1 application, CancellationToken cancellationToken)
[2025-08-16 17:05:15 FTL]  应用程序启动失败 {}
System.IO.IOException: Failed to bind to address http://127.0.0.1:5000: address already in use.
 ---> Microsoft.AspNetCore.Connections.AddressInUseException: 通常每个套接字地址(协议/网络地址/端口)只允许使用一次。
 ---> System.Net.Sockets.SocketException (10048): 通常每个套接字地址(协议/网络地址/端口)只允许使用一次。
   at System.Net.Sockets.Socket.UpdateStatusAfterSocketErrorAndThrowException(SocketError error, String callerName)
   at System.Net.Sockets.Socket.DoBind(EndPoint endPointSnapshot, SocketAddress socketAddress)
   at System.Net.Sockets.Socket.Bind(EndPoint localEP)
   at Microsoft.AspNetCore.Server.Kestrel.Transport.Sockets.SocketConnectionListener.Bind()
   --- End of inner exception stack trace ---
   at Microsoft.AspNetCore.Server.Kestrel.Transport.Sockets.SocketConnectionListener.Bind()
   at Microsoft.AspNetCore.Server.Kestrel.Transport.Sockets.SocketTransportFactory.BindAsync(EndPoint endpoint, CancellationToken cancellationToken)
   at Microsoft.AspNetCore.Server.Kestrel.Core.KestrelServer.<>c__DisplayClass21_0`1.<<StartAsync>g__OnBind|0>d.MoveNext()
--- End of stack trace from previous location where exception was thrown ---
   at Microsoft.AspNetCore.Server.Kestrel.Core.Internal.AddressBinder.BindEndpointAsync(ListenOptions endpoint, AddressBindContext context)
   --- End of inner exception stack trace ---
   at Microsoft.AspNetCore.Server.Kestrel.Core.Internal.AddressBinder.BindEndpointAsync(ListenOptions endpoint, AddressBindContext context)
   at Microsoft.AspNetCore.Server.Kestrel.Core.LocalhostListenOptions.BindAsync(AddressBindContext context)
   at Microsoft.AspNetCore.Server.Kestrel.Core.Internal.AddressBinder.DefaultAddressStrategy.BindAsync(AddressBindContext context)
   at Microsoft.AspNetCore.Server.Kestrel.Core.Internal.AddressBinder.BindAsync(IServerAddressesFeature addresses, KestrelServerOptions serverOptions, ILogger logger, Func`2 createBinding)
   at Microsoft.AspNetCore.Server.Kestrel.Core.KestrelServer.StartAsync[TContext](IHttpApplication`1 application, CancellationToken cancellationToken)
   at Microsoft.AspNetCore.Hosting.GenericWebHostService.StartAsync(CancellationToken cancellationToken)
   at Microsoft.Extensions.Hosting.Internal.Host.StartAsync(CancellationToken cancellationToken)
   at Microsoft.Extensions.Hosting.HostingAbstractionsHostExtensions.RunAsync(IHost host, CancellationToken token)
   at Microsoft.Extensions.Hosting.HostingAbstractionsHostExtensions.RunAsync(IHost host, CancellationToken token)
   at Microsoft.Extensions.Hosting.HostingAbstractionsHostExtensions.Run(IHost host)
   at Preferred.Api.Program.Main(String[] args) in D:\git\preferred\api\Preferred.Api\Program.cs:line 44
[2025-08-16 17:05:34 INF] Preferred.Api.Services.ScheduledTaskService 开始手动执行定时任务: 系统资源监控 (SYSTEM_RESOURCE_MONITOR) {"ActionId":"dc136874-04c9-4fea-b279-e836bdb1f328","ActionName":"Preferred.Api.Controllers.ScheduledTaskController.ExecuteTask (Preferred.Api)","RequestId":"0HNESKEEC181I:00000002","RequestPath":"/api/ScheduledTask/1/execute","SpanId":"|c541c7dd-487c0b5daafc1614.","TraceId":"c541c7dd-487c0b5daafc1614","ParentId":"","ConnectionId":"0HNESKEEC181I"}
[2025-08-16 17:05:35 INF] Preferred.Api.Services.ScheduledTaskService 手动执行定时任务成功: 系统资源监控 (SYSTEM_RESOURCE_MONITOR), 耗时: 1.06秒 {"ActionId":"dc136874-04c9-4fea-b279-e836bdb1f328","ActionName":"Preferred.Api.Controllers.ScheduledTaskController.ExecuteTask (Preferred.Api)","RequestId":"0HNESKEEC181I:00000002","RequestPath":"/api/ScheduledTask/1/execute","SpanId":"|c541c7dd-487c0b5daafc1614.","TraceId":"c541c7dd-487c0b5daafc1614","ParentId":"","ConnectionId":"0HNESKEEC181I"}
[2025-08-16 17:06:26 INF] Preferred.Api.Services.SystemMonitorService 系统监控服务已初始化 - 操作系统: Windows {"ActionId":"bfd82d94-98af-4dc0-b4f7-4eba6960f63d","ActionName":"Preferred.Api.Controllers.TestController.TestSystemMonitor (Preferred.Api)","RequestId":"0HNESKEEC181J:00000001","RequestPath":"/api/Test/system-monitor","SpanId":"|c541c7e0-487c0b5daafc1614.","TraceId":"c541c7e0-487c0b5daafc1614","ParentId":"","ConnectionId":"0HNESKEEC181J"}
[2025-08-16 17:06:26 INF] Preferred.Api.Controllers.TestController 开始测试系统监控服务... {"ActionId":"bfd82d94-98af-4dc0-b4f7-4eba6960f63d","ActionName":"Preferred.Api.Controllers.TestController.TestSystemMonitor (Preferred.Api)","RequestId":"0HNESKEEC181J:00000001","RequestPath":"/api/Test/system-monitor","SpanId":"|c541c7e0-487c0b5daafc1614.","TraceId":"c541c7e0-487c0b5daafc1614","ParentId":"","ConnectionId":"0HNESKEEC181J"}
[2025-08-16 17:06:27 DBG] Preferred.Api.Services.SystemMonitorService 进程估算内存使用率 - 进程总内存: 14.00GB, 估算总内存: 21.41GB, 使用率: 66.67% {"ActionId":"bfd82d94-98af-4dc0-b4f7-4eba6960f63d","ActionName":"Preferred.Api.Controllers.TestController.TestSystemMonitor (Preferred.Api)","RequestId":"0HNESKEEC181J:00000001","RequestPath":"/api/Test/system-monitor","SpanId":"|c541c7e0-487c0b5daafc1614.","TraceId":"c541c7e0-487c0b5daafc1614","ParentId":"","ConnectionId":"0HNESKEEC181J"}
[2025-08-16 17:06:27 DBG] Preferred.Api.Services.SystemMonitorService 尝试获取Windows磁盘使用情况: C:\ {"ActionId":"bfd82d94-98af-4dc0-b4f7-4eba6960f63d","ActionName":"Preferred.Api.Controllers.TestController.TestSystemMonitor (Preferred.Api)","RequestId":"0HNESKEEC181J:00000001","RequestPath":"/api/Test/system-monitor","SpanId":"|c541c7e0-487c0b5daafc1614.","TraceId":"c541c7e0-487c0b5daafc1614","ParentId":"","ConnectionId":"0HNESKEEC181J"}
[2025-08-16 17:06:27 DBG] Preferred.Api.Services.SystemMonitorService 磁盘 C:\ - 总计: 400.00GB, 已用: 94.00GB, 使用率: 23.66% {"ActionId":"bfd82d94-98af-4dc0-b4f7-4eba6960f63d","ActionName":"Preferred.Api.Controllers.TestController.TestSystemMonitor (Preferred.Api)","RequestId":"0HNESKEEC181J:00000001","RequestPath":"/api/Test/system-monitor","SpanId":"|c541c7e0-487c0b5daafc1614.","TraceId":"c541c7e0-487c0b5daafc1614","ParentId":"","ConnectionId":"0HNESKEEC181J"}
[2025-08-16 17:06:27 INF] Preferred.Api.Services.SystemMonitorService 系统资源监控 - 配置磁盘: auto, 实际监控: C:\, CPU: 0.10%, 内存: 66.67%, 磁盘: 23.66%, 使用内存: 101615960064 {"ActionId":"bfd82d94-98af-4dc0-b4f7-4eba6960f63d","ActionName":"Preferred.Api.Controllers.TestController.TestSystemMonitor (Preferred.Api)","RequestId":"0HNESKEEC181J:00000001","RequestPath":"/api/Test/system-monitor","SpanId":"|c541c7e0-487c0b5daafc1614.","TraceId":"c541c7e0-487c0b5daafc1614","ParentId":"","ConnectionId":"0HNESKEEC181J"}
[2025-08-16 17:06:27 INF] Preferred.Api.Controllers.TestController 系统监控测试完成 - CPU: 0.1%, 内存: 66.67%, 磁盘: 23.66% {"ActionId":"bfd82d94-98af-4dc0-b4f7-4eba6960f63d","ActionName":"Preferred.Api.Controllers.TestController.TestSystemMonitor (Preferred.Api)","RequestId":"0HNESKEEC181J:00000001","RequestPath":"/api/Test/system-monitor","SpanId":"|c541c7e0-487c0b5daafc1614.","TraceId":"c541c7e0-487c0b5daafc1614","ParentId":"","ConnectionId":"0HNESKEEC181J"}
[2025-08-16 17:07:00 INF] Preferred.Api.Services.SystemMonitorService 系统监控服务已初始化 - 操作系统: Windows {"ActionId":"bfd82d94-98af-4dc0-b4f7-4eba6960f63d","ActionName":"Preferred.Api.Controllers.TestController.TestSystemMonitor (Preferred.Api)","RequestId":"0HNESKEEC181J:00000002","RequestPath":"/api/Test/system-monitor","SpanId":"|c541c7e1-487c0b5daafc1614.","TraceId":"c541c7e1-487c0b5daafc1614","ParentId":"","ConnectionId":"0HNESKEEC181J"}
[2025-08-16 17:07:00 INF] Preferred.Api.Controllers.TestController 开始测试系统监控服务... {"ActionId":"bfd82d94-98af-4dc0-b4f7-4eba6960f63d","ActionName":"Preferred.Api.Controllers.TestController.TestSystemMonitor (Preferred.Api)","RequestId":"0HNESKEEC181J:00000002","RequestPath":"/api/Test/system-monitor","SpanId":"|c541c7e1-487c0b5daafc1614.","TraceId":"c541c7e1-487c0b5daafc1614","ParentId":"","ConnectionId":"0HNESKEEC181J"}
[2025-08-16 17:07:01 DBG] Preferred.Api.Services.SystemMonitorService 进程估算内存使用率 - 进程总内存: 14.00GB, 估算总内存: 21.44GB, 使用率: 66.67% {"ActionId":"bfd82d94-98af-4dc0-b4f7-4eba6960f63d","ActionName":"Preferred.Api.Controllers.TestController.TestSystemMonitor (Preferred.Api)","RequestId":"0HNESKEEC181J:00000002","RequestPath":"/api/Test/system-monitor","SpanId":"|c541c7e1-487c0b5daafc1614.","TraceId":"c541c7e1-487c0b5daafc1614","ParentId":"","ConnectionId":"0HNESKEEC181J"}
[2025-08-16 17:07:01 DBG] Preferred.Api.Services.SystemMonitorService 尝试获取Windows磁盘使用情况: C:\ {"ActionId":"bfd82d94-98af-4dc0-b4f7-4eba6960f63d","ActionName":"Preferred.Api.Controllers.TestController.TestSystemMonitor (Preferred.Api)","RequestId":"0HNESKEEC181J:00000002","RequestPath":"/api/Test/system-monitor","SpanId":"|c541c7e1-487c0b5daafc1614.","TraceId":"c541c7e1-487c0b5daafc1614","ParentId":"","ConnectionId":"0HNESKEEC181J"}
[2025-08-16 17:07:01 DBG] Preferred.Api.Services.SystemMonitorService 磁盘 C:\ - 总计: 400.00GB, 已用: 94.00GB, 使用率: 23.66% {"ActionId":"bfd82d94-98af-4dc0-b4f7-4eba6960f63d","ActionName":"Preferred.Api.Controllers.TestController.TestSystemMonitor (Preferred.Api)","RequestId":"0HNESKEEC181J:00000002","RequestPath":"/api/Test/system-monitor","SpanId":"|c541c7e1-487c0b5daafc1614.","TraceId":"c541c7e1-487c0b5daafc1614","ParentId":"","ConnectionId":"0HNESKEEC181J"}
[2025-08-16 17:07:01 INF] Preferred.Api.Services.SystemMonitorService 系统资源监控 - 配置磁盘: auto, 实际监控: C:\, CPU: 0.10%, 内存: 66.67%, 磁盘: 23.66%, 使用内存: 101617926144 {"ActionId":"bfd82d94-98af-4dc0-b4f7-4eba6960f63d","ActionName":"Preferred.Api.Controllers.TestController.TestSystemMonitor (Preferred.Api)","RequestId":"0HNESKEEC181J:00000002","RequestPath":"/api/Test/system-monitor","SpanId":"|c541c7e1-487c0b5daafc1614.","TraceId":"c541c7e1-487c0b5daafc1614","ParentId":"","ConnectionId":"0HNESKEEC181J"}
[2025-08-16 17:07:01 INF] Preferred.Api.Controllers.TestController 系统监控测试完成 - CPU: 0.1%, 内存: 66.67%, 磁盘: 23.66% {"ActionId":"bfd82d94-98af-4dc0-b4f7-4eba6960f63d","ActionName":"Preferred.Api.Controllers.TestController.TestSystemMonitor (Preferred.Api)","RequestId":"0HNESKEEC181J:00000002","RequestPath":"/api/Test/system-monitor","SpanId":"|c541c7e1-487c0b5daafc1614.","TraceId":"c541c7e1-487c0b5daafc1614","ParentId":"","ConnectionId":"0HNESKEEC181J"}
[2025-08-16 17:07:05 INF] Preferred.Api.Services.SystemMonitorService 系统监控服务已初始化 - 操作系统: Windows {"ActionId":"bfd82d94-98af-4dc0-b4f7-4eba6960f63d","ActionName":"Preferred.Api.Controllers.TestController.TestSystemMonitor (Preferred.Api)","RequestId":"0HNESKEEC181J:00000003","RequestPath":"/api/Test/system-monitor","SpanId":"|c541c7e2-487c0b5daafc1614.","TraceId":"c541c7e2-487c0b5daafc1614","ParentId":"","ConnectionId":"0HNESKEEC181J"}
[2025-08-16 17:07:05 INF] Preferred.Api.Controllers.TestController 开始测试系统监控服务... {"ActionId":"bfd82d94-98af-4dc0-b4f7-4eba6960f63d","ActionName":"Preferred.Api.Controllers.TestController.TestSystemMonitor (Preferred.Api)","RequestId":"0HNESKEEC181J:00000003","RequestPath":"/api/Test/system-monitor","SpanId":"|c541c7e2-487c0b5daafc1614.","TraceId":"c541c7e2-487c0b5daafc1614","ParentId":"","ConnectionId":"0HNESKEEC181J"}
[2025-08-16 17:07:06 DBG] Preferred.Api.Services.SystemMonitorService 进程估算内存使用率 - 进程总内存: 14.00GB, 估算总内存: 21.43GB, 使用率: 66.67% {"ActionId":"bfd82d94-98af-4dc0-b4f7-4eba6960f63d","ActionName":"Preferred.Api.Controllers.TestController.TestSystemMonitor (Preferred.Api)","RequestId":"0HNESKEEC181J:00000003","RequestPath":"/api/Test/system-monitor","SpanId":"|c541c7e2-487c0b5daafc1614.","TraceId":"c541c7e2-487c0b5daafc1614","ParentId":"","ConnectionId":"0HNESKEEC181J"}
[2025-08-16 17:07:06 DBG] Preferred.Api.Services.SystemMonitorService 尝试获取Windows磁盘使用情况: C:\ {"ActionId":"bfd82d94-98af-4dc0-b4f7-4eba6960f63d","ActionName":"Preferred.Api.Controllers.TestController.TestSystemMonitor (Preferred.Api)","RequestId":"0HNESKEEC181J:00000003","RequestPath":"/api/Test/system-monitor","SpanId":"|c541c7e2-487c0b5daafc1614.","TraceId":"c541c7e2-487c0b5daafc1614","ParentId":"","ConnectionId":"0HNESKEEC181J"}
[2025-08-16 17:07:06 DBG] Preferred.Api.Services.SystemMonitorService 磁盘 C:\ - 总计: 400.00GB, 已用: 94.00GB, 使用率: 23.66% {"ActionId":"bfd82d94-98af-4dc0-b4f7-4eba6960f63d","ActionName":"Preferred.Api.Controllers.TestController.TestSystemMonitor (Preferred.Api)","RequestId":"0HNESKEEC181J:00000003","RequestPath":"/api/Test/system-monitor","SpanId":"|c541c7e2-487c0b5daafc1614.","TraceId":"c541c7e2-487c0b5daafc1614","ParentId":"","ConnectionId":"0HNESKEEC181J"}
[2025-08-16 17:07:06 INF] Preferred.Api.Services.SystemMonitorService 系统资源监控 - 配置磁盘: auto, 实际监控: C:\, CPU: 0.19%, 内存: 66.67%, 磁盘: 23.66%, 使用内存: 101617938432 {"ActionId":"bfd82d94-98af-4dc0-b4f7-4eba6960f63d","ActionName":"Preferred.Api.Controllers.TestController.TestSystemMonitor (Preferred.Api)","RequestId":"0HNESKEEC181J:00000003","RequestPath":"/api/Test/system-monitor","SpanId":"|c541c7e2-487c0b5daafc1614.","TraceId":"c541c7e2-487c0b5daafc1614","ParentId":"","ConnectionId":"0HNESKEEC181J"}
[2025-08-16 17:07:06 INF] Preferred.Api.Controllers.TestController 系统监控测试完成 - CPU: 0.19%, 内存: 66.67%, 磁盘: 23.66% {"ActionId":"bfd82d94-98af-4dc0-b4f7-4eba6960f63d","ActionName":"Preferred.Api.Controllers.TestController.TestSystemMonitor (Preferred.Api)","RequestId":"0HNESKEEC181J:00000003","RequestPath":"/api/Test/system-monitor","SpanId":"|c541c7e2-487c0b5daafc1614.","TraceId":"c541c7e2-487c0b5daafc1614","ParentId":"","ConnectionId":"0HNESKEEC181J"}
[2025-08-16 17:08:07 INF] Microsoft.Hosting.Lifetime Application is shutting down... {}
[2025-08-16 17:08:07 INF] Preferred.Api.Services.ScheduledTaskBackgroundService 定时任务后台服务正在停止... {}
[2025-08-16 17:08:07 ERR] Preferred.Api.Services.ScheduledTaskBackgroundService 定时任务后台服务执行异常 {}
System.Threading.Tasks.TaskCanceledException: A task was canceled.
   at Preferred.Api.Services.ScheduledTaskBackgroundService.ExecuteAsync(CancellationToken stoppingToken) in D:\git\preferred\api\Preferred.Api\BackgroundServices\ScheduledTaskBackgroundService.cs:line 42
[2025-08-16 17:08:07 INF] Preferred.Api.Services.ScheduledTaskBackgroundService 定时任务后台服务已停止 {}
[2025-08-16 17:08:10 INF]  应用程序启动中... {}
[2025-08-16 17:08:11 INF] Preferred.Api.Services.ScheduledTaskBackgroundService 定时任务后台服务已启动 {}
[2025-08-16 17:08:11 WRN] Microsoft.EntityFrameworkCore.Model.Validation The 'bool' property 'Enabled' on entity type 'ScheduledTask' is configured with a database-generated default. This default will always be used for inserts when the property has the value 'false', since this is the CLR default for the 'bool' type. Consider using the nullable 'bool?' type instead so that the default will only be used for inserts when the property value is 'null'. {"EventId":{"Id":20601,"Name":"Microsoft.EntityFrameworkCore.Model.Validation.BoolWithDefaultWarning"}}
[2025-08-16 17:08:11 INF] Microsoft.Hosting.Lifetime Now listening on: http://localhost:5000 {}
[2025-08-16 17:08:11 INF] Microsoft.Hosting.Lifetime Application started. Press Ctrl+C to shut down. {}
[2025-08-16 17:08:11 INF] Microsoft.Hosting.Lifetime Hosting environment: Development {}
[2025-08-16 17:08:11 INF] Microsoft.Hosting.Lifetime Content root path: D:\git\preferred\api\Preferred.Api {}
[2025-08-16 17:08:11 INF] Preferred.Api.Services.ScheduledTaskBackgroundService 定时任务 系统资源监控 已安排在 2025-08-16 17:10:00 执行 {}
[2025-08-16 17:08:26 INF] Preferred.Api.Services.SystemMonitorService 系统监控服务已初始化 - 操作系统: Windows {"ActionId":"c060b51c-f68a-46ab-9dd3-663d53f95746","ActionName":"Preferred.Api.Controllers.TestController.TestSystemMonitor (Preferred.Api)","RequestId":"0HNESKHQSSGSS:00000001","RequestPath":"/api/Test/system-monitor","SpanId":"|5e665f28-41fe78097b56dd1f.","TraceId":"5e665f28-41fe78097b56dd1f","ParentId":"","ConnectionId":"0HNESKHQSSGSS"}
[2025-08-16 17:08:26 INF] Preferred.Api.Controllers.TestController 开始测试系统监控服务... {"ActionId":"c060b51c-f68a-46ab-9dd3-663d53f95746","ActionName":"Preferred.Api.Controllers.TestController.TestSystemMonitor (Preferred.Api)","RequestId":"0HNESKHQSSGSS:00000001","RequestPath":"/api/Test/system-monitor","SpanId":"|5e665f28-41fe78097b56dd1f.","TraceId":"5e665f28-41fe78097b56dd1f","ParentId":"","ConnectionId":"0HNESKHQSSGSS"}
[2025-08-16 17:08:27 DBG] Preferred.Api.Services.SystemMonitorService 进程估算内存使用率 - 进程总内存: 14.00GB, 估算总内存: 21.47GB, 使用率: 66.67% {"ActionId":"c060b51c-f68a-46ab-9dd3-663d53f95746","ActionName":"Preferred.Api.Controllers.TestController.TestSystemMonitor (Preferred.Api)","RequestId":"0HNESKHQSSGSS:00000001","RequestPath":"/api/Test/system-monitor","SpanId":"|5e665f28-41fe78097b56dd1f.","TraceId":"5e665f28-41fe78097b56dd1f","ParentId":"","ConnectionId":"0HNESKHQSSGSS"}
[2025-08-16 17:08:27 DBG] Preferred.Api.Services.SystemMonitorService 尝试获取Windows磁盘使用情况: C:\ {"ActionId":"c060b51c-f68a-46ab-9dd3-663d53f95746","ActionName":"Preferred.Api.Controllers.TestController.TestSystemMonitor (Preferred.Api)","RequestId":"0HNESKHQSSGSS:00000001","RequestPath":"/api/Test/system-monitor","SpanId":"|5e665f28-41fe78097b56dd1f.","TraceId":"5e665f28-41fe78097b56dd1f","ParentId":"","ConnectionId":"0HNESKHQSSGSS"}
[2025-08-16 17:08:27 DBG] Preferred.Api.Services.SystemMonitorService 磁盘 C:\ - 总计: 400.00GB, 已用: 94.00GB, 使用率: 23.66% {"ActionId":"c060b51c-f68a-46ab-9dd3-663d53f95746","ActionName":"Preferred.Api.Controllers.TestController.TestSystemMonitor (Preferred.Api)","RequestId":"0HNESKHQSSGSS:00000001","RequestPath":"/api/Test/system-monitor","SpanId":"|5e665f28-41fe78097b56dd1f.","TraceId":"5e665f28-41fe78097b56dd1f","ParentId":"","ConnectionId":"0HNESKHQSSGSS"}
[2025-08-16 17:08:27 INF] Preferred.Api.Services.SystemMonitorService 系统资源监控 - 配置磁盘: auto, 实际监控: C:\, CPU: 0.10%, 内存: 66.67%, 磁盘: 23.66%, 使用内存: 101604954112 {"ActionId":"c060b51c-f68a-46ab-9dd3-663d53f95746","ActionName":"Preferred.Api.Controllers.TestController.TestSystemMonitor (Preferred.Api)","RequestId":"0HNESKHQSSGSS:00000001","RequestPath":"/api/Test/system-monitor","SpanId":"|5e665f28-41fe78097b56dd1f.","TraceId":"5e665f28-41fe78097b56dd1f","ParentId":"","ConnectionId":"0HNESKHQSSGSS"}
[2025-08-16 17:08:27 INF] Preferred.Api.Controllers.TestController 系统监控测试完成 - CPU: 0.1%, 内存: 66.67%, 磁盘: 23.66% {"ActionId":"c060b51c-f68a-46ab-9dd3-663d53f95746","ActionName":"Preferred.Api.Controllers.TestController.TestSystemMonitor (Preferred.Api)","RequestId":"0HNESKHQSSGSS:00000001","RequestPath":"/api/Test/system-monitor","SpanId":"|5e665f28-41fe78097b56dd1f.","TraceId":"5e665f28-41fe78097b56dd1f","ParentId":"","ConnectionId":"0HNESKHQSSGSS"}
[2025-08-16 17:09:11 INF] Microsoft.Hosting.Lifetime Application is shutting down... {}
[2025-08-16 17:09:11 INF] Preferred.Api.Services.ScheduledTaskBackgroundService 定时任务后台服务正在停止... {}
[2025-08-16 17:09:11 INF] Preferred.Api.Services.ScheduledTaskBackgroundService 定时任务 系统资源监控 已安排在 2025-08-16 17:10:00 执行 {}
[2025-08-16 17:09:11 ERR] Preferred.Api.Services.ScheduledTaskBackgroundService 定时任务后台服务执行异常 {}
System.Threading.Tasks.TaskCanceledException: A task was canceled.
   at Preferred.Api.Services.ScheduledTaskBackgroundService.ExecuteAsync(CancellationToken stoppingToken) in D:\git\preferred\api\Preferred.Api\BackgroundServices\ScheduledTaskBackgroundService.cs:line 42
[2025-08-16 17:09:11 INF] Preferred.Api.Services.ScheduledTaskBackgroundService 定时任务后台服务已停止 {}
[2025-08-16 17:09:21 INF]  应用程序启动中... {}
[2025-08-16 17:09:22 INF] Preferred.Api.Services.ScheduledTaskBackgroundService 定时任务后台服务已启动 {}
[2025-08-16 17:09:22 WRN] Microsoft.EntityFrameworkCore.Model.Validation The 'bool' property 'Enabled' on entity type 'ScheduledTask' is configured with a database-generated default. This default will always be used for inserts when the property has the value 'false', since this is the CLR default for the 'bool' type. Consider using the nullable 'bool?' type instead so that the default will only be used for inserts when the property value is 'null'. {"EventId":{"Id":20601,"Name":"Microsoft.EntityFrameworkCore.Model.Validation.BoolWithDefaultWarning"}}
[2025-08-16 17:09:23 INF] Microsoft.Hosting.Lifetime Now listening on: http://localhost:5000 {}
[2025-08-16 17:09:23 INF] Microsoft.Hosting.Lifetime Now listening on: https://localhost:5001 {}
[2025-08-16 17:09:23 INF] Microsoft.Hosting.Lifetime Application started. Press Ctrl+C to shut down. {}
[2025-08-16 17:09:23 INF] Microsoft.Hosting.Lifetime Hosting environment: Development {}
[2025-08-16 17:09:23 INF] Microsoft.Hosting.Lifetime Content root path: D:\git\preferred\api\Preferred.Api {}
[2025-08-16 17:09:23 INF] Preferred.Api.Services.ScheduledTaskBackgroundService 定时任务 系统资源监控 已安排在 2025-08-16 17:10:00 执行 {}
[2025-08-16 17:09:27 INF] Preferred.Api.Services.SystemMonitorService 系统监控服务已初始化 - 操作系统: Windows {"ActionId":"48ca341e-78ff-4385-8983-81c790b8b360","ActionName":"Preferred.Api.Controllers.TestController.TestSystemMonitor (Preferred.Api)","RequestId":"0HNESKIBOTQGN:00000002","RequestPath":"/api/Test/system-monitor","SpanId":"|fa5067c4-40846e25dc095b48.","TraceId":"fa5067c4-40846e25dc095b48","ParentId":"","ConnectionId":"0HNESKIBOTQGN"}
[2025-08-16 17:09:36 INF] Preferred.Api.Controllers.TestController 开始测试系统监控服务... {"ActionId":"48ca341e-78ff-4385-8983-81c790b8b360","ActionName":"Preferred.Api.Controllers.TestController.TestSystemMonitor (Preferred.Api)","RequestId":"0HNESKIBOTQGN:00000002","RequestPath":"/api/Test/system-monitor","SpanId":"|fa5067c4-40846e25dc095b48.","TraceId":"fa5067c4-40846e25dc095b48","ParentId":"","ConnectionId":"0HNESKIBOTQGN"}
[2025-08-16 17:09:44 DBG] Preferred.Api.Services.SystemMonitorService 进程估算内存使用率 - 进程总内存: 14.00GB, 估算总内存: 21.71GB, 使用率: 66.67% {"ActionId":"48ca341e-78ff-4385-8983-81c790b8b360","ActionName":"Preferred.Api.Controllers.TestController.TestSystemMonitor (Preferred.Api)","RequestId":"0HNESKIBOTQGN:00000002","RequestPath":"/api/Test/system-monitor","SpanId":"|fa5067c4-40846e25dc095b48.","TraceId":"fa5067c4-40846e25dc095b48","ParentId":"","ConnectionId":"0HNESKIBOTQGN"}
[2025-08-16 17:10:01 INF] Preferred.Api.Services.ScheduledTaskBackgroundService 开始执行定时任务: 1 {}
[2025-08-16 17:10:03 DBG] Preferred.Api.Services.SystemMonitorService 尝试获取Windows磁盘使用情况: C:\ {"ActionId":"48ca341e-78ff-4385-8983-81c790b8b360","ActionName":"Preferred.Api.Controllers.TestController.TestSystemMonitor (Preferred.Api)","RequestId":"0HNESKIBOTQGN:00000002","RequestPath":"/api/Test/system-monitor","SpanId":"|fa5067c4-40846e25dc095b48.","TraceId":"fa5067c4-40846e25dc095b48","ParentId":"","ConnectionId":"0HNESKIBOTQGN"}
[2025-08-16 17:10:14 DBG] Preferred.Api.Services.SystemMonitorService 磁盘 C:\ - 总计: 400.00GB, 已用: 94.00GB, 使用率: 23.66% {"ActionId":"48ca341e-78ff-4385-8983-81c790b8b360","ActionName":"Preferred.Api.Controllers.TestController.TestSystemMonitor (Preferred.Api)","RequestId":"0HNESKIBOTQGN:00000002","RequestPath":"/api/Test/system-monitor","SpanId":"|fa5067c4-40846e25dc095b48.","TraceId":"fa5067c4-40846e25dc095b48","ParentId":"","ConnectionId":"0HNESKIBOTQGN"}
[2025-08-16 17:10:32 INF] Preferred.Api.Services.SystemMonitorService 系统资源监控 - 配置磁盘: auto, 实际监控: C:\, CPU: 0.00%, 内存: 66.67%, 磁盘: 23.66%, 使用内存: 101606477824 {"ActionId":"48ca341e-78ff-4385-8983-81c790b8b360","ActionName":"Preferred.Api.Controllers.TestController.TestSystemMonitor (Preferred.Api)","RequestId":"0HNESKIBOTQGN:00000002","RequestPath":"/api/Test/system-monitor","SpanId":"|fa5067c4-40846e25dc095b48.","TraceId":"fa5067c4-40846e25dc095b48","ParentId":"","ConnectionId":"0HNESKIBOTQGN"}
[2025-08-16 17:10:42 INF] Preferred.Api.Controllers.TestController 系统监控测试完成 - CPU: 0%, 内存: 66.67%, 磁盘: 23.66% {"ActionId":"48ca341e-78ff-4385-8983-81c790b8b360","ActionName":"Preferred.Api.Controllers.TestController.TestSystemMonitor (Preferred.Api)","RequestId":"0HNESKIBOTQGN:00000002","RequestPath":"/api/Test/system-monitor","SpanId":"|fa5067c4-40846e25dc095b48.","TraceId":"fa5067c4-40846e25dc095b48","ParentId":"","ConnectionId":"0HNESKIBOTQGN"}
[2025-08-16 17:10:50 INF] Preferred.Api.Services.ScheduledTaskService 开始手动执行定时任务: 系统资源监控 (SYSTEM_RESOURCE_MONITOR) {}
[2025-08-16 17:10:51 INF] Preferred.Api.Services.ScheduledTaskService 手动执行定时任务成功: 系统资源监控 (SYSTEM_RESOURCE_MONITOR), 耗时: 1.16秒 {}
[2025-08-16 17:10:51 INF] Preferred.Api.Services.ScheduledTaskBackgroundService 定时任务执行完成: 1, 结果: 成功 {}
[2025-08-16 17:10:51 INF] Preferred.Api.Services.ScheduledTaskBackgroundService 定时任务 系统资源监控 已安排在 2025-08-16 17:15:00 执行 {}
[2025-08-16 17:11:50 INF] Preferred.Api.Services.ScheduledTaskService 开始手动执行定时任务: 系统资源监控 (SYSTEM_RESOURCE_MONITOR) {"ActionId":"2093dc53-7689-400c-b18d-0e67678dfe77","ActionName":"Preferred.Api.Controllers.ScheduledTaskController.ExecuteTask (Preferred.Api)","RequestId":"0HNESKIBOTQGP:00000002","RequestPath":"/api/ScheduledTask/1/execute","SpanId":"|fa5067c6-40846e25dc095b48.","TraceId":"fa5067c6-40846e25dc095b48","ParentId":"","ConnectionId":"0HNESKIBOTQGP"}
[2025-08-16 17:11:51 INF] Preferred.Api.Services.ScheduledTaskService 手动执行定时任务成功: 系统资源监控 (SYSTEM_RESOURCE_MONITOR), 耗时: 1.06秒 {"ActionId":"2093dc53-7689-400c-b18d-0e67678dfe77","ActionName":"Preferred.Api.Controllers.ScheduledTaskController.ExecuteTask (Preferred.Api)","RequestId":"0HNESKIBOTQGP:00000002","RequestPath":"/api/ScheduledTask/1/execute","SpanId":"|fa5067c6-40846e25dc095b48.","TraceId":"fa5067c6-40846e25dc095b48","ParentId":"","ConnectionId":"0HNESKIBOTQGP"}
[2025-08-16 17:12:51 INF] Preferred.Api.Services.ScheduledTaskService 开始手动执行定时任务: 系统资源监控 (SYSTEM_RESOURCE_MONITOR) {"ActionId":"2093dc53-7689-400c-b18d-0e67678dfe77","ActionName":"Preferred.Api.Controllers.ScheduledTaskController.ExecuteTask (Preferred.Api)","RequestId":"0HNESKIBOTQGP:00000006","RequestPath":"/api/ScheduledTask/1/execute","SpanId":"|fa5067ca-40846e25dc095b48.","TraceId":"fa5067ca-40846e25dc095b48","ParentId":"","ConnectionId":"0HNESKIBOTQGP"}
[2025-08-16 17:12:52 INF] Preferred.Api.Services.ScheduledTaskService 手动执行定时任务成功: 系统资源监控 (SYSTEM_RESOURCE_MONITOR), 耗时: 1.07秒 {"ActionId":"2093dc53-7689-400c-b18d-0e67678dfe77","ActionName":"Preferred.Api.Controllers.ScheduledTaskController.ExecuteTask (Preferred.Api)","RequestId":"0HNESKIBOTQGP:00000006","RequestPath":"/api/ScheduledTask/1/execute","SpanId":"|fa5067ca-40846e25dc095b48.","TraceId":"fa5067ca-40846e25dc095b48","ParentId":"","ConnectionId":"0HNESKIBOTQGP"}
[2025-08-16 17:14:18 INF] Preferred.Api.Services.ScheduledTaskService 开始手动执行定时任务: 系统资源监控 (SYSTEM_RESOURCE_MONITOR) {"ActionId":"2093dc53-7689-400c-b18d-0e67678dfe77","ActionName":"Preferred.Api.Controllers.ScheduledTaskController.ExecuteTask (Preferred.Api)","RequestId":"0HNESKIBOTQGS:00000022","RequestPath":"/api/ScheduledTask/1/execute","SpanId":"|fa506823-40846e25dc095b48.","TraceId":"fa506823-40846e25dc095b48","ParentId":"","ConnectionId":"0HNESKIBOTQGS"}
[2025-08-16 17:14:19 INF] Preferred.Api.Services.ScheduledTaskService 手动执行定时任务成功: 系统资源监控 (SYSTEM_RESOURCE_MONITOR), 耗时: 1.06秒 {"ActionId":"2093dc53-7689-400c-b18d-0e67678dfe77","ActionName":"Preferred.Api.Controllers.ScheduledTaskController.ExecuteTask (Preferred.Api)","RequestId":"0HNESKIBOTQGS:00000022","RequestPath":"/api/ScheduledTask/1/execute","SpanId":"|fa506823-40846e25dc095b48.","TraceId":"fa506823-40846e25dc095b48","ParentId":"","ConnectionId":"0HNESKIBOTQGS"}
[2025-08-16 17:15:00 INF] Preferred.Api.Services.ScheduledTaskBackgroundService 开始执行定时任务: 1 {}
[2025-08-16 17:15:00 INF] Preferred.Api.Services.ScheduledTaskService 开始手动执行定时任务: 系统资源监控 (SYSTEM_RESOURCE_MONITOR) {}
[2025-08-16 17:15:01 INF] Preferred.Api.Services.ScheduledTaskService 手动执行定时任务成功: 系统资源监控 (SYSTEM_RESOURCE_MONITOR), 耗时: 1.05秒 {}
[2025-08-16 17:15:01 INF] Preferred.Api.Services.ScheduledTaskBackgroundService 定时任务执行完成: 1, 结果: 成功 {}
[2025-08-16 17:15:01 INF] Preferred.Api.Services.ScheduledTaskBackgroundService 定时任务 系统资源监控 已安排在 2025-08-16 17:20:00 执行 {}
[2025-08-16 17:18:11 INF] Preferred.Api.Services.ScheduledTaskService 开始手动执行定时任务: 系统资源监控 (SYSTEM_RESOURCE_MONITOR) {"ActionId":"2093dc53-7689-400c-b18d-0e67678dfe77","ActionName":"Preferred.Api.Controllers.ScheduledTaskController.ExecuteTask (Preferred.Api)","RequestId":"0HNESKIBOTQGS:00000033","RequestPath":"/api/ScheduledTask/1/execute","SpanId":"|fa506834-40846e25dc095b48.","TraceId":"fa506834-40846e25dc095b48","ParentId":"","ConnectionId":"0HNESKIBOTQGS"}
[2025-08-16 17:18:26 INF] Preferred.Api.Services.ScheduledTaskService 手动执行定时任务成功: 系统资源监控 (SYSTEM_RESOURCE_MONITOR), 耗时: 15.96秒 {"ActionId":"2093dc53-7689-400c-b18d-0e67678dfe77","ActionName":"Preferred.Api.Controllers.ScheduledTaskController.ExecuteTask (Preferred.Api)","RequestId":"0HNESKIBOTQGS:00000033","RequestPath":"/api/ScheduledTask/1/execute","SpanId":"|fa506834-40846e25dc095b48.","TraceId":"fa506834-40846e25dc095b48","ParentId":"","ConnectionId":"0HNESKIBOTQGS"}
[2025-08-16 17:20:00 INF] Preferred.Api.Services.ScheduledTaskBackgroundService 开始执行定时任务: 1 {}
[2025-08-16 17:20:00 INF] Preferred.Api.Services.ScheduledTaskService 开始手动执行定时任务: 系统资源监控 (SYSTEM_RESOURCE_MONITOR) {}
[2025-08-16 17:20:01 INF] Preferred.Api.Services.ScheduledTaskService 手动执行定时任务成功: 系统资源监控 (SYSTEM_RESOURCE_MONITOR), 耗时: 1.05秒 {}
[2025-08-16 17:20:01 INF] Preferred.Api.Services.ScheduledTaskBackgroundService 定时任务执行完成: 1, 结果: 成功 {}
[2025-08-16 17:20:01 INF] Preferred.Api.Services.ScheduledTaskBackgroundService 定时任务 系统资源监控 已安排在 2025-08-16 17:25:00 执行 {}
[2025-08-16 17:25:00 INF] Preferred.Api.Services.ScheduledTaskBackgroundService 开始执行定时任务: 1 {}
[2025-08-16 17:25:00 INF] Preferred.Api.Services.ScheduledTaskService 开始手动执行定时任务: 系统资源监控 (SYSTEM_RESOURCE_MONITOR) {}
[2025-08-16 17:25:01 INF] Preferred.Api.Services.ScheduledTaskService 手动执行定时任务成功: 系统资源监控 (SYSTEM_RESOURCE_MONITOR), 耗时: 1.05秒 {}
[2025-08-16 17:25:01 INF] Preferred.Api.Services.ScheduledTaskBackgroundService 定时任务执行完成: 1, 结果: 成功 {}
[2025-08-16 17:25:01 INF] Preferred.Api.Services.ScheduledTaskBackgroundService 定时任务 系统资源监控 已安排在 2025-08-16 17:30:00 执行 {}
[2025-08-16 17:26:55 INF] Preferred.Api.Services.ScheduledTaskService 开始手动执行定时任务: 系统资源监控 (SYSTEM_RESOURCE_MONITOR) {"ActionId":"2093dc53-7689-400c-b18d-0e67678dfe77","ActionName":"Preferred.Api.Controllers.ScheduledTaskController.ExecuteTask (Preferred.Api)","RequestId":"0HNESKIBOTQGV:00000020","RequestPath":"/api/ScheduledTask/1/execute","SpanId":"|fa506854-40846e25dc095b48.","TraceId":"fa506854-40846e25dc095b48","ParentId":"","ConnectionId":"0HNESKIBOTQGV"}
[2025-08-16 17:26:56 INF] Preferred.Api.Services.ScheduledTaskService 手动执行定时任务成功: 系统资源监控 (SYSTEM_RESOURCE_MONITOR), 耗时: 1.05秒 {"ActionId":"2093dc53-7689-400c-b18d-0e67678dfe77","ActionName":"Preferred.Api.Controllers.ScheduledTaskController.ExecuteTask (Preferred.Api)","RequestId":"0HNESKIBOTQGV:00000020","RequestPath":"/api/ScheduledTask/1/execute","SpanId":"|fa506854-40846e25dc095b48.","TraceId":"fa506854-40846e25dc095b48","ParentId":"","ConnectionId":"0HNESKIBOTQGV"}
[2025-08-16 17:30:00 INF] Preferred.Api.Services.ScheduledTaskBackgroundService 开始执行定时任务: 1 {}
[2025-08-16 17:30:00 INF] Preferred.Api.Services.ScheduledTaskService 开始手动执行定时任务: 系统资源监控 (SYSTEM_RESOURCE_MONITOR) {}
[2025-08-16 17:30:01 INF] Preferred.Api.Services.ScheduledTaskService 手动执行定时任务成功: 系统资源监控 (SYSTEM_RESOURCE_MONITOR), 耗时: 1.05秒 {}
[2025-08-16 17:30:01 INF] Preferred.Api.Services.ScheduledTaskBackgroundService 定时任务执行完成: 1, 结果: 成功 {}
[2025-08-16 17:30:01 INF] Preferred.Api.Services.ScheduledTaskBackgroundService 定时任务 系统资源监控 已安排在 2025-08-16 17:35:00 执行 {}
[2025-08-16 17:35:00 INF] Preferred.Api.Services.ScheduledTaskBackgroundService 开始执行定时任务: 1 {}
[2025-08-16 17:35:00 INF] Preferred.Api.Services.ScheduledTaskService 开始手动执行定时任务: 系统资源监控 (SYSTEM_RESOURCE_MONITOR) {}
[2025-08-16 17:35:01 INF] Preferred.Api.Services.ScheduledTaskService 手动执行定时任务成功: 系统资源监控 (SYSTEM_RESOURCE_MONITOR), 耗时: 1.06秒 {}
[2025-08-16 17:35:01 INF] Preferred.Api.Services.ScheduledTaskBackgroundService 定时任务执行完成: 1, 结果: 成功 {}
[2025-08-16 17:35:01 INF] Preferred.Api.Services.ScheduledTaskBackgroundService 定时任务 系统资源监控 已安排在 2025-08-16 17:40:00 执行 {}
[2025-08-16 17:40:01 INF] Preferred.Api.Services.ScheduledTaskBackgroundService 开始执行定时任务: 1 {}
[2025-08-16 17:41:50 INF] Preferred.Api.Services.ScheduledTaskService 开始手动执行定时任务: 系统资源监控 (SYSTEM_RESOURCE_MONITOR) {}
[2025-08-16 17:41:51 INF] Preferred.Api.Services.ScheduledTaskService 手动执行定时任务成功: 系统资源监控 (SYSTEM_RESOURCE_MONITOR), 耗时: 94.70秒 {}
[2025-08-16 17:43:17 INF]  应用程序启动中... {}
[2025-08-16 17:43:17 INF] Preferred.Api.Services.ScheduledTaskBackgroundService 定时任务后台服务已启动 {}
[2025-08-16 17:43:27 WRN] Microsoft.EntityFrameworkCore.Model.Validation The 'bool' property 'Enabled' on entity type 'ScheduledTask' is configured with a database-generated default. This default will always be used for inserts when the property has the value 'false', since this is the CLR default for the 'bool' type. Consider using the nullable 'bool?' type instead so that the default will only be used for inserts when the property value is 'null'. {"EventId":{"Id":20601,"Name":"Microsoft.EntityFrameworkCore.Model.Validation.BoolWithDefaultWarning"}}
[2025-08-16 17:43:27 INF] Microsoft.Hosting.Lifetime Now listening on: http://localhost:5000 {}
[2025-08-16 17:43:27 INF] Microsoft.Hosting.Lifetime Now listening on: https://localhost:5001 {}
[2025-08-16 17:43:27 INF] Microsoft.Hosting.Lifetime Application started. Press Ctrl+C to shut down. {}
[2025-08-16 17:43:27 INF] Microsoft.Hosting.Lifetime Hosting environment: Development {}
[2025-08-16 17:43:27 INF] Microsoft.Hosting.Lifetime Content root path: D:\git\preferred\api\Preferred.Api {}
[2025-08-16 17:44:45 INF] Preferred.Api.Services.ScheduledTaskBackgroundService 定时任务 系统资源监控 已安排在 2025-08-16 17:45:00 执行 {}
[2025-08-16 17:45:09 INF] Preferred.Api.Services.ScheduledTaskBackgroundService 开始执行定时任务: 1 {}
[2025-08-16 17:45:09 INF] Preferred.Api.Services.ScheduledTaskService 开始手动执行定时任务: 系统资源监控 (SYSTEM_RESOURCE_MONITOR) {}
[2025-08-16 17:45:10 INF] Preferred.Api.Services.ScheduledTaskService 手动执行定时任务成功: 系统资源监控 (SYSTEM_RESOURCE_MONITOR), 耗时: 1.17秒 {}
[2025-08-16 17:45:11 INF] Preferred.Api.Services.ScheduledTaskBackgroundService 定时任务执行完成: 1, 结果: 成功 {}
[2025-08-16 17:45:11 INF] Preferred.Api.Services.ScheduledTaskBackgroundService 定时任务 系统资源监控 已安排在 2025-08-16 17:50:00 执行 {}
[2025-08-16 17:51:35 INF] Preferred.Api.Services.ScheduledTaskBackgroundService 开始执行定时任务: 1 {}
[2025-08-16 17:51:35 INF] Preferred.Api.Services.ScheduledTaskService 开始手动执行定时任务: 系统资源监控 (SYSTEM_RESOURCE_MONITOR) {}
[2025-08-16 17:51:36 INF] Preferred.Api.Services.ScheduledTaskService 手动执行定时任务成功: 系统资源监控 (SYSTEM_RESOURCE_MONITOR), 耗时: 1.07秒 {}
[2025-08-16 17:51:38 INF] Preferred.Api.Services.ScheduledTaskBackgroundService 定时任务执行完成: 1, 结果: 成功 {}
[2025-08-16 17:51:49 INF] Preferred.Api.Services.ScheduledTaskBackgroundService 定时任务 系统资源监控 已安排在 2025-08-16 17:55:00 执行 {}
[2025-08-16 17:55:00 INF] Preferred.Api.Services.ScheduledTaskBackgroundService 开始执行定时任务: 1 {}
[2025-08-16 17:55:05 INF] Preferred.Api.Services.ScheduledTaskService 开始手动执行定时任务: 系统资源监控 (SYSTEM_RESOURCE_MONITOR) {}
[2025-08-16 17:57:54 INF]  应用程序启动中... {}
[2025-08-16 17:57:54 INF] Preferred.Api.Services.ScheduledTaskBackgroundService 定时任务后台服务已启动 {}
[2025-08-16 17:57:55 WRN] Microsoft.EntityFrameworkCore.Model.Validation The 'bool' property 'Enabled' on entity type 'ScheduledTask' is configured with a database-generated default. This default will always be used for inserts when the property has the value 'false', since this is the CLR default for the 'bool' type. Consider using the nullable 'bool?' type instead so that the default will only be used for inserts when the property value is 'null'. {"EventId":{"Id":20601,"Name":"Microsoft.EntityFrameworkCore.Model.Validation.BoolWithDefaultWarning"}}
[2025-08-16 17:57:55 INF] Microsoft.Hosting.Lifetime Now listening on: http://localhost:5000 {}
[2025-08-16 17:57:55 INF] Microsoft.Hosting.Lifetime Application started. Press Ctrl+C to shut down. {}
[2025-08-16 17:57:55 INF] Microsoft.Hosting.Lifetime Hosting environment: Development {}
[2025-08-16 17:57:55 INF] Microsoft.Hosting.Lifetime Content root path: D:\git\preferred\api\Preferred.Api {}
[2025-08-16 17:57:55 INF] Preferred.Api.Services.ScheduledTaskBackgroundService 定时任务 系统资源监控 已安排在 2025-08-16 18:00:00 执行 {}
[2025-08-16 18:00:00 INF] Preferred.Api.Services.ScheduledTaskBackgroundService 开始执行定时任务: 1 {}
[2025-08-16 18:00:00 INF] Preferred.Api.Services.ScheduledTaskService 开始手动执行定时任务: 系统资源监控 (SYSTEM_RESOURCE_MONITOR) {}
[2025-08-16 18:00:01 INF] Preferred.Api.Services.ScheduledTaskService 手动执行定时任务成功: 系统资源监控 (SYSTEM_RESOURCE_MONITOR), 耗时: 1.18秒 {}
[2025-08-16 18:00:01 INF] Preferred.Api.Services.ScheduledTaskBackgroundService 定时任务执行完成: 1, 结果: 成功 {}
[2025-08-16 18:00:01 INF] Preferred.Api.Services.ScheduledTaskBackgroundService 定时任务 系统资源监控 已安排在 2025-08-16 18:05:00 执行 {}
[2025-08-16 18:05:00 INF] Preferred.Api.Services.ScheduledTaskBackgroundService 开始执行定时任务: 1 {}
[2025-08-16 18:05:00 INF] Preferred.Api.Services.ScheduledTaskService 开始手动执行定时任务: 系统资源监控 (SYSTEM_RESOURCE_MONITOR) {}
[2025-08-16 18:05:01 INF] Preferred.Api.Services.ScheduledTaskService 手动执行定时任务成功: 系统资源监控 (SYSTEM_RESOURCE_MONITOR), 耗时: 1.06秒 {}
[2025-08-16 18:05:01 INF] Preferred.Api.Services.ScheduledTaskBackgroundService 定时任务执行完成: 1, 结果: 成功 {}
[2025-08-16 18:05:01 INF] Preferred.Api.Services.ScheduledTaskBackgroundService 定时任务 系统资源监控 已安排在 2025-08-16 18:10:00 执行 {}
[2025-08-16 18:05:55 INF] Microsoft.Hosting.Lifetime Application is shutting down... {}
[2025-08-16 18:05:55 INF] Preferred.Api.Services.ScheduledTaskBackgroundService 定时任务后台服务正在停止... {}
[2025-08-16 18:05:55 ERR] Preferred.Api.Services.ScheduledTaskBackgroundService 定时任务后台服务执行异常 {}
System.Threading.Tasks.TaskCanceledException: A task was canceled.
   at Preferred.Api.Services.ScheduledTaskBackgroundService.ExecuteAsync(CancellationToken stoppingToken) in D:\git\preferred\api\Preferred.Api\BackgroundServices\ScheduledTaskBackgroundService.cs:line 42
[2025-08-16 18:05:55 INF] Preferred.Api.Services.ScheduledTaskBackgroundService 定时任务后台服务已停止 {}
[2025-08-16 18:06:04 INF]  应用程序启动中... {}
[2025-08-16 18:06:04 INF] Preferred.Api.Services.ScheduledTaskBackgroundService 定时任务后台服务已启动 {}
[2025-08-16 18:06:04 WRN] Microsoft.EntityFrameworkCore.Model.Validation The 'bool' property 'Enabled' on entity type 'ScheduledTask' is configured with a database-generated default. This default will always be used for inserts when the property has the value 'false', since this is the CLR default for the 'bool' type. Consider using the nullable 'bool?' type instead so that the default will only be used for inserts when the property value is 'null'. {"EventId":{"Id":20601,"Name":"Microsoft.EntityFrameworkCore.Model.Validation.BoolWithDefaultWarning"}}
[2025-08-16 18:06:05 INF] Microsoft.Hosting.Lifetime Now listening on: http://localhost:5000 {}
[2025-08-16 18:06:05 INF] Microsoft.Hosting.Lifetime Now listening on: https://localhost:5001 {}
[2025-08-16 18:06:05 INF] Microsoft.Hosting.Lifetime Application started. Press Ctrl+C to shut down. {}
[2025-08-16 18:06:05 INF] Microsoft.Hosting.Lifetime Hosting environment: Development {}
[2025-08-16 18:06:05 INF] Microsoft.Hosting.Lifetime Content root path: D:\git\preferred\api\Preferred.Api {}
[2025-08-16 18:06:18 INF] Preferred.Api.Services.ScheduledTaskBackgroundService 定时任务 系统资源监控 已安排在 2025-08-16 18:10:00 执行 {}
[2025-08-16 18:10:13 INF] Preferred.Api.Services.ScheduledTaskBackgroundService 开始执行定时任务: 1 {}
[2025-08-16 18:10:13 INF] Preferred.Api.Services.ScheduledTaskService 开始手动执行定时任务: 系统资源监控 (SYSTEM_RESOURCE_MONITOR) {}
[2025-08-16 18:12:45 INF]  应用程序启动中... {}
[2025-08-16 18:12:46 INF] Preferred.Api.Services.ScheduledTaskBackgroundService 定时任务后台服务已启动 {}
[2025-08-16 18:12:46 WRN] Microsoft.EntityFrameworkCore.Model.Validation The 'bool' property 'Enabled' on entity type 'ScheduledTask' is configured with a database-generated default. This default will always be used for inserts when the property has the value 'false', since this is the CLR default for the 'bool' type. Consider using the nullable 'bool?' type instead so that the default will only be used for inserts when the property value is 'null'. {"EventId":{"Id":20601,"Name":"Microsoft.EntityFrameworkCore.Model.Validation.BoolWithDefaultWarning"}}
[2025-08-16 18:12:47 INF] Microsoft.Hosting.Lifetime Now listening on: http://localhost:5000 {}
[2025-08-16 18:12:47 INF] Microsoft.Hosting.Lifetime Now listening on: https://localhost:5001 {}
[2025-08-16 18:12:47 INF] Microsoft.Hosting.Lifetime Application started. Press Ctrl+C to shut down. {}
[2025-08-16 18:12:47 INF] Microsoft.Hosting.Lifetime Hosting environment: Development {}
[2025-08-16 18:12:47 INF] Microsoft.Hosting.Lifetime Content root path: D:\git\preferred\api\Preferred.Api {}
[2025-08-16 18:13:06 INF] Preferred.Api.Services.ScheduledTaskBackgroundService 定时任务 系统资源监控 已安排在 2025-08-16 18:15:00 执行 {}
[2025-08-16 18:15:00 INF] Preferred.Api.Services.ScheduledTaskBackgroundService 开始执行定时任务: 1 {}
[2025-08-16 18:15:00 INF] Preferred.Api.Services.ScheduledTaskService 开始手动执行定时任务: 系统资源监控 (SYSTEM_RESOURCE_MONITOR) {}
[2025-08-16 18:16:02 INF] Preferred.Api.Services.ScheduledTaskService 执行系统监控任务: 系统资源监控 {}
[2025-08-16 18:16:03 INF] Preferred.Api.Services.SystemMonitorService 系统监控服务已初始化 - 操作系统: Windows {}
[2025-08-16 18:16:04 INF] Preferred.Api.Services.SystemMonitorService 开始执行系统资源监控... {}
[2025-08-16 18:16:05 DBG] Preferred.Api.Services.SystemMonitorService 进程估算内存使用率 - 进程总内存: 14.00GB, 估算总内存: 21.49GB, 使用率: 66.67% {}
[2025-08-16 18:16:11 DBG] Preferred.Api.Services.SystemMonitorService 尝试获取Windows磁盘使用情况: C:\ {}
[2025-08-16 18:16:11 DBG] Preferred.Api.Services.SystemMonitorService 磁盘 C:\ - 总计: 400.00GB, 已用: 94.00GB, 使用率: 23.67% {}
[2025-08-16 18:16:18 INF] Preferred.Api.Services.SystemMonitorService 系统资源监控 - 配置磁盘: auto, 实际监控: C:\, CPU: 0.00%, 内存: 66.67%, 磁盘: 23.67%, 使用内存: 101653172224 {}
[2025-08-16 18:16:18 INF] Preferred.Api.Services.SystemMonitorService 系统资源监控数据保存成功 - CPU: 0.00%, 内存: 66.67%, 磁盘: 23.67% {}
[2025-08-16 18:16:18 INF] Preferred.Api.Services.ScheduledTaskService 系统监控任务执行完成: 系统资源监控 {}
[2025-08-16 18:16:18 INF] Preferred.Api.Services.ScheduledTaskService 手动执行定时任务成功: 系统资源监控 (SYSTEM_RESOURCE_MONITOR), 耗时: 77.93秒 {}
[2025-08-16 18:16:18 INF] Preferred.Api.Services.ScheduledTaskBackgroundService 定时任务执行完成: 1, 结果: 成功 {}
[2025-08-16 18:16:18 INF] Preferred.Api.Services.ScheduledTaskBackgroundService 定时任务 系统资源监控 已安排在 2025-08-16 18:20:00 执行 {}
[2025-08-16 18:20:00 INF] Preferred.Api.Services.ScheduledTaskBackgroundService 开始执行定时任务: 1 {}
[2025-08-16 18:20:00 INF] Preferred.Api.Services.ScheduledTaskService 开始手动执行定时任务: 系统资源监控 (SYSTEM_RESOURCE_MONITOR) {}
[2025-08-16 18:20:06 INF] Preferred.Api.Services.ScheduledTaskService 执行系统监控任务: 系统资源监控 {}
[2025-08-16 18:20:06 INF] Preferred.Api.Services.SystemMonitorService 系统监控服务已初始化 - 操作系统: Windows {}
[2025-08-16 18:20:06 INF] Preferred.Api.Services.SystemMonitorService 开始执行系统资源监控... {}
[2025-08-16 18:20:07 DBG] Preferred.Api.Services.SystemMonitorService 进程估算内存使用率 - 进程总内存: 14.00GB, 估算总内存: 21.63GB, 使用率: 66.67% {}
[2025-08-16 18:20:07 DBG] Preferred.Api.Services.SystemMonitorService 尝试获取Windows磁盘使用情况: C:\ {}
[2025-08-16 18:20:07 DBG] Preferred.Api.Services.SystemMonitorService 磁盘 C:\ - 总计: 400.00GB, 已用: 94.00GB, 使用率: 23.67% {}
[2025-08-16 18:20:07 INF] Preferred.Api.Services.SystemMonitorService 系统资源监控 - 配置磁盘: auto, 实际监控: C:\, CPU: 0.19%, 内存: 66.67%, 磁盘: 23.67%, 使用内存: 101666463744 {}
[2025-08-16 18:20:07 INF] Preferred.Api.Services.SystemMonitorService 系统资源监控数据保存成功 - CPU: 0.19%, 内存: 66.67%, 磁盘: 23.67% {}
[2025-08-16 18:20:07 INF] Preferred.Api.Services.ScheduledTaskService 系统监控任务执行完成: 系统资源监控 {}
[2025-08-16 18:20:07 INF] Preferred.Api.Services.ScheduledTaskService 手动执行定时任务成功: 系统资源监控 (SYSTEM_RESOURCE_MONITOR), 耗时: 7.88秒 {}
[2025-08-16 18:20:07 INF] Preferred.Api.Services.ScheduledTaskBackgroundService 定时任务执行完成: 1, 结果: 成功 {}
[2025-08-16 18:20:07 INF] Preferred.Api.Services.ScheduledTaskBackgroundService 定时任务 系统资源监控 已安排在 2025-08-16 18:25:00 执行 {}
[2025-08-16 18:25:00 INF] Preferred.Api.Services.ScheduledTaskBackgroundService 开始执行定时任务: 1 {}
[2025-08-16 18:25:00 INF] Preferred.Api.Services.ScheduledTaskService 开始手动执行定时任务: 系统资源监控 (SYSTEM_RESOURCE_MONITOR) {}
[2025-08-16 18:25:00 INF] Preferred.Api.Services.ScheduledTaskService 执行系统监控任务: 系统资源监控 {}
[2025-08-16 18:25:00 INF] Preferred.Api.Services.SystemMonitorService 系统监控服务已初始化 - 操作系统: Windows {}
[2025-08-16 18:25:00 INF] Preferred.Api.Services.SystemMonitorService 开始执行系统资源监控... {}
[2025-08-16 18:25:01 DBG] Preferred.Api.Services.SystemMonitorService 进程估算内存使用率 - 进程总内存: 14.00GB, 估算总内存: 21.86GB, 使用率: 66.67% {}
[2025-08-16 18:25:01 DBG] Preferred.Api.Services.SystemMonitorService 尝试获取Windows磁盘使用情况: C:\ {}
[2025-08-16 18:25:01 DBG] Preferred.Api.Services.SystemMonitorService 磁盘 C:\ - 总计: 400.00GB, 已用: 94.00GB, 使用率: 23.67% {}
[2025-08-16 18:25:01 INF] Preferred.Api.Services.SystemMonitorService 系统资源监控 - 配置磁盘: auto, 实际监控: C:\, CPU: 0.10%, 内存: 66.67%, 磁盘: 23.67%, 使用内存: 101666738176 {}
[2025-08-16 18:25:01 INF] Preferred.Api.Services.SystemMonitorService 系统资源监控数据保存成功 - CPU: 0.10%, 内存: 66.67%, 磁盘: 23.67% {}
[2025-08-16 18:25:01 INF] Preferred.Api.Services.ScheduledTaskService 系统监控任务执行完成: 系统资源监控 {}
[2025-08-16 18:25:01 INF] Preferred.Api.Services.ScheduledTaskService 手动执行定时任务成功: 系统资源监控 (SYSTEM_RESOURCE_MONITOR), 耗时: 1.11秒 {}
[2025-08-16 18:25:01 INF] Preferred.Api.Services.ScheduledTaskBackgroundService 定时任务执行完成: 1, 结果: 成功 {}
[2025-08-16 18:25:01 INF] Preferred.Api.Services.ScheduledTaskBackgroundService 定时任务 系统资源监控 已安排在 2025-08-16 18:30:00 执行 {}
