[2026-04-26 23:51:46 INF]  应用程序启动中... {}
[2026-04-26 23:51:46 INF] Preferred.Api.Services.VideoAnalysisWorker VideoAnalysisWorker started. DOP=2, MaxRetry=2 {}
[2026-04-26 23:51:46 INF] Preferred.Api.Services.ScheduledTaskBackgroundService 定时任务后台服务已启动 {}
[2026-04-26 23:51:48 WRN] Microsoft.AspNetCore.StaticFiles.StaticFileMiddleware The WebRootPath was not found: D:\github\preferredsummary\.build\Preferred.Api-seed-check\wwwroot. Static files may be unavailable. {"EventId":{"Id":16,"Name":"WebRootPathNotFound"}}
[2026-04-26 23:51:48 INF] Microsoft.Hosting.Lifetime Now listening on: http://127.0.0.1:5068 {"EventId":{"Id":14,"Name":"ListeningOnAddress"}}
[2026-04-26 23:51:48 INF] Microsoft.Hosting.Lifetime Application started. Press Ctrl+C to shut down. {}
[2026-04-26 23:51:48 INF] Microsoft.Hosting.Lifetime Hosting environment: Production {}
[2026-04-26 23:51:48 INF] Microsoft.Hosting.Lifetime Content root path: D:\github\preferredsummary\.build\Preferred.Api-seed-check {}
[2026-04-26 23:51:48 INF] Preferred.Api.Services.ScheduledTaskBackgroundService 定时任务 系统资源监控 已安排在 2026-04-26 23:55:00 执行 {}
[2026-04-26 23:55:00 INF] Preferred.Api.Services.ScheduledTaskBackgroundService 开始执行定时任务: 1 {}
[2026-04-26 23:55:00 INF] Preferred.Api.Services.ScheduledTaskService 开始手动执行定时任务: 系统资源监控 (SYSTEM_RESOURCE_MONITOR) {}
[2026-04-26 23:55:00 INF] Preferred.Api.Services.ScheduledTaskService 执行系统监控任务: 系统资源监控 {}
[2026-04-26 23:55:00 INF] Preferred.Api.Services.SystemMonitorService 系统监控服务已初始化 - 操作系统: Windows {}
[2026-04-26 23:55:00 INF] Preferred.Api.Services.SystemMonitorService 开始执行系统资源监控... {}
[2026-04-26 23:55:01 DBG] Preferred.Api.Services.SystemMonitorService 进程估算内存使用率 - 进程总内存: 15.00GB, 估算总内存: 23.87GB, 使用率: 66.67% {}
[2026-04-26 23:55:01 DBG] Preferred.Api.Services.SystemMonitorService 尝试获取Windows磁盘使用情况: C:\ {}
[2026-04-26 23:55:01 DBG] Preferred.Api.Services.SystemMonitorService 磁盘 C:\ - 总计: 400.00GB, 已用: 112.00GB, 使用率: 28.06% {}
[2026-04-26 23:55:01 INF] Preferred.Api.Services.SystemMonitorService 系统资源监控 - 配置磁盘: auto, 实际监控: C:\, CPU: 1.83%, 内存: 66.67%, 磁盘: 28.06%, 使用内存: 120512983040 {}
[2026-04-26 23:55:01 INF] Preferred.Api.Services.SystemMonitorService 系统资源监控数据保存成功 - CPU: 1.83%, 内存: 66.67%, 磁盘: 28.06% {}
[2026-04-26 23:55:01 INF] Preferred.Api.Services.ScheduledTaskService 系统监控任务执行完成: 系统资源监控 {}
[2026-04-26 23:55:01 INF] Preferred.Api.Services.ScheduledTaskService 手动执行定时任务成功: 系统资源监控 (SYSTEM_RESOURCE_MONITOR), 耗时: 1.33秒 {}
[2026-04-26 23:55:01 INF] Preferred.Api.Services.ScheduledTaskBackgroundService 定时任务执行完成: 1, 结果: 成功 {}
[2026-04-26 23:55:01 INF] Preferred.Api.Services.ScheduledTaskBackgroundService 定时任务 系统资源监控 已安排在 2026-04-27 00:00:00 执行 {}
