[2026-04-27 00:00:00 INF] Preferred.Api.Services.ScheduledTaskBackgroundService 开始执行定时任务: 1 {}
[2026-04-27 00:00:00 INF] Preferred.Api.Services.ScheduledTaskService 开始手动执行定时任务: 系统资源监控 (SYSTEM_RESOURCE_MONITOR) {}
[2026-04-27 00:00:00 INF] Preferred.Api.Services.ScheduledTaskService 执行系统监控任务: 系统资源监控 {}
[2026-04-27 00:00:00 INF] Preferred.Api.Services.SystemMonitorService 系统监控服务已初始化 - 操作系统: Windows {}
[2026-04-27 00:00:00 INF] Preferred.Api.Services.SystemMonitorService 开始执行系统资源监控... {}
[2026-04-27 00:00:01 DBG] Preferred.Api.Services.SystemMonitorService 进程估算内存使用率 - 进程总内存: 15.00GB, 估算总内存: 23.93GB, 使用率: 66.67% {}
[2026-04-27 00:00:01 DBG] Preferred.Api.Services.SystemMonitorService 尝试获取Windows磁盘使用情况: C:\ {}
[2026-04-27 00:00:01 DBG] Preferred.Api.Services.SystemMonitorService 磁盘 C:\ - 总计: 400.00GB, 已用: 112.00GB, 使用率: 28.06% {}
[2026-04-27 00:00:01 INF] Preferred.Api.Services.SystemMonitorService 系统资源监控 - 配置磁盘: auto, 实际监控: C:\, CPU: 0.39%, 内存: 66.67%, 磁盘: 28.06%, 使用内存: 120516517888 {}
[2026-04-27 00:00:01 INF] Preferred.Api.Services.SystemMonitorService 系统资源监控数据保存成功 - CPU: 0.39%, 内存: 66.67%, 磁盘: 28.06% {}
[2026-04-27 00:00:01 INF] Preferred.Api.Services.ScheduledTaskService 系统监控任务执行完成: 系统资源监控 {}
[2026-04-27 00:00:01 INF] Preferred.Api.Services.ScheduledTaskService 手动执行定时任务成功: 系统资源监控 (SYSTEM_RESOURCE_MONITOR), 耗时: 1.13秒 {}
[2026-04-27 00:00:01 INF] Preferred.Api.Services.ScheduledTaskBackgroundService 定时任务执行完成: 1, 结果: 成功 {}
[2026-04-27 00:00:01 INF] Preferred.Api.Services.ScheduledTaskBackgroundService 定时任务 系统资源监控 已安排在 2026-04-27 00:05:00 执行 {}
[2026-04-27 00:02:30 INF]  应用程序启动中... {}
[2026-04-27 00:02:31 INF] Preferred.Api.Services.VideoAnalysisWorker VideoAnalysisWorker started. DOP=2, MaxRetry=2 {}
[2026-04-27 00:02:31 INF] Preferred.Api.Services.ScheduledTaskBackgroundService 定时任务后台服务已启动 {}
[2026-04-27 00:02:32 WRN] Microsoft.AspNetCore.StaticFiles.StaticFileMiddleware The WebRootPath was not found: D:\github\preferredsummary\.build\Preferred.Api-seed-check\wwwroot. Static files may be unavailable. {"EventId":{"Id":16,"Name":"WebRootPathNotFound"}}
[2026-04-27 00:02:32 ERR] Microsoft.Extensions.Hosting.Internal.Host Hosting failed to start {"EventId":{"Id":11,"Name":"HostedServiceStartupFaulted"}}
System.IO.IOException: Failed to bind to address http://127.0.0.1:5068: address already in use.
 ---> Microsoft.AspNetCore.Connections.AddressInUseException: 通常每个套接字地址(协议/网络地址/端口)只允许使用一次。
 ---> System.Net.Sockets.SocketException (10048): 通常每个套接字地址(协议/网络地址/端口)只允许使用一次。
   at System.Net.Sockets.Socket.UpdateStatusAfterSocketErrorAndThrowException(SocketError error, Boolean disconnectOnFailure, String callerName)
   at System.Net.Sockets.Socket.DoBind(EndPoint endPointSnapshot, SocketAddress socketAddress)
   at System.Net.Sockets.Socket.Bind(EndPoint localEP)
   at Microsoft.AspNetCore.Server.Kestrel.Transport.Sockets.SocketTransportOptions.CreateDefaultBoundListenSocket(EndPoint endpoint)
   at Microsoft.AspNetCore.Server.Kestrel.Transport.Sockets.SocketConnectionListener.Bind()
   --- End of inner exception stack trace ---
   at Microsoft.AspNetCore.Server.Kestrel.Transport.Sockets.SocketConnectionListener.Bind()
   at Microsoft.AspNetCore.Server.Kestrel.Transport.Sockets.SocketTransportFactory.BindAsync(EndPoint endpoint, CancellationToken cancellationToken)
   at Microsoft.AspNetCore.Server.Kestrel.Core.Internal.Infrastructure.TransportManager.BindAsync(EndPoint endPoint, ConnectionDelegate connectionDelegate, EndpointConfig endpointConfig, CancellationToken cancellationToken)
   at Microsoft.AspNetCore.Server.Kestrel.Core.KestrelServerImpl.<>c__DisplayClass28_0`1.<<StartAsync>g__OnBind|0>d.MoveNext()
--- End of stack trace from previous location ---
   at Microsoft.AspNetCore.Server.Kestrel.Core.Internal.AddressBinder.BindEndpointAsync(ListenOptions endpoint, AddressBindContext context, CancellationToken cancellationToken)
   --- End of inner exception stack trace ---
   at Microsoft.AspNetCore.Server.Kestrel.Core.Internal.AddressBinder.BindEndpointAsync(ListenOptions endpoint, AddressBindContext context, CancellationToken cancellationToken)
   at Microsoft.AspNetCore.Server.Kestrel.Core.ListenOptions.BindAsync(AddressBindContext context, CancellationToken cancellationToken)
   at Microsoft.AspNetCore.Server.Kestrel.Core.Internal.AddressBinder.AddressesStrategy.BindAsync(AddressBindContext context, CancellationToken cancellationToken)
   at Microsoft.AspNetCore.Server.Kestrel.Core.Internal.AddressBinder.BindAsync(ListenOptions[] listenOptions, AddressBindContext context, Func`2 useHttps, CancellationToken cancellationToken)
   at Microsoft.AspNetCore.Server.Kestrel.Core.KestrelServerImpl.BindAsync(CancellationToken cancellationToken)
   at Microsoft.AspNetCore.Server.Kestrel.Core.KestrelServerImpl.StartAsync[TContext](IHttpApplication`1 application, CancellationToken cancellationToken)
   at Microsoft.AspNetCore.Hosting.GenericWebHostService.StartAsync(CancellationToken cancellationToken)
   at Microsoft.Extensions.Hosting.Internal.Host.<StartAsync>b__15_1(IHostedService service, CancellationToken token)
   at Microsoft.Extensions.Hosting.Internal.Host.ForeachService[T](IEnumerable`1 services, CancellationToken token, Boolean concurrent, Boolean abortOnFirstException, List`1 exceptions, Func`3 operation)
[2026-04-27 00:02:32 FTL]  应用程序启动失败 {}
System.IO.IOException: Failed to bind to address http://127.0.0.1:5068: address already in use.
 ---> Microsoft.AspNetCore.Connections.AddressInUseException: 通常每个套接字地址(协议/网络地址/端口)只允许使用一次。
 ---> System.Net.Sockets.SocketException (10048): 通常每个套接字地址(协议/网络地址/端口)只允许使用一次。
   at System.Net.Sockets.Socket.UpdateStatusAfterSocketErrorAndThrowException(SocketError error, Boolean disconnectOnFailure, String callerName)
   at System.Net.Sockets.Socket.DoBind(EndPoint endPointSnapshot, SocketAddress socketAddress)
   at System.Net.Sockets.Socket.Bind(EndPoint localEP)
   at Microsoft.AspNetCore.Server.Kestrel.Transport.Sockets.SocketTransportOptions.CreateDefaultBoundListenSocket(EndPoint endpoint)
   at Microsoft.AspNetCore.Server.Kestrel.Transport.Sockets.SocketConnectionListener.Bind()
   --- End of inner exception stack trace ---
   at Microsoft.AspNetCore.Server.Kestrel.Transport.Sockets.SocketConnectionListener.Bind()
   at Microsoft.AspNetCore.Server.Kestrel.Transport.Sockets.SocketTransportFactory.BindAsync(EndPoint endpoint, CancellationToken cancellationToken)
   at Microsoft.AspNetCore.Server.Kestrel.Core.Internal.Infrastructure.TransportManager.BindAsync(EndPoint endPoint, ConnectionDelegate connectionDelegate, EndpointConfig endpointConfig, CancellationToken cancellationToken)
   at Microsoft.AspNetCore.Server.Kestrel.Core.KestrelServerImpl.<>c__DisplayClass28_0`1.<<StartAsync>g__OnBind|0>d.MoveNext()
--- End of stack trace from previous location ---
   at Microsoft.AspNetCore.Server.Kestrel.Core.Internal.AddressBinder.BindEndpointAsync(ListenOptions endpoint, AddressBindContext context, CancellationToken cancellationToken)
   --- End of inner exception stack trace ---
   at Microsoft.AspNetCore.Server.Kestrel.Core.Internal.AddressBinder.BindEndpointAsync(ListenOptions endpoint, AddressBindContext context, CancellationToken cancellationToken)
   at Microsoft.AspNetCore.Server.Kestrel.Core.ListenOptions.BindAsync(AddressBindContext context, CancellationToken cancellationToken)
   at Microsoft.AspNetCore.Server.Kestrel.Core.Internal.AddressBinder.AddressesStrategy.BindAsync(AddressBindContext context, CancellationToken cancellationToken)
   at Microsoft.AspNetCore.Server.Kestrel.Core.Internal.AddressBinder.BindAsync(ListenOptions[] listenOptions, AddressBindContext context, Func`2 useHttps, CancellationToken cancellationToken)
   at Microsoft.AspNetCore.Server.Kestrel.Core.KestrelServerImpl.BindAsync(CancellationToken cancellationToken)
   at Microsoft.AspNetCore.Server.Kestrel.Core.KestrelServerImpl.StartAsync[TContext](IHttpApplication`1 application, CancellationToken cancellationToken)
   at Microsoft.AspNetCore.Hosting.GenericWebHostService.StartAsync(CancellationToken cancellationToken)
   at Microsoft.Extensions.Hosting.Internal.Host.<StartAsync>b__15_1(IHostedService service, CancellationToken token)
   at Microsoft.Extensions.Hosting.Internal.Host.ForeachService[T](IEnumerable`1 services, CancellationToken token, Boolean concurrent, Boolean abortOnFirstException, List`1 exceptions, Func`3 operation)
   at Microsoft.Extensions.Hosting.Internal.Host.StartAsync(CancellationToken cancellationToken)
   at Microsoft.Extensions.Hosting.HostingAbstractionsHostExtensions.RunAsync(IHost host, CancellationToken token)
   at Microsoft.Extensions.Hosting.HostingAbstractionsHostExtensions.RunAsync(IHost host, CancellationToken token)
   at Microsoft.Extensions.Hosting.HostingAbstractionsHostExtensions.Run(IHost host)
   at Preferred.Api.Program.Main(String[] args) in D:\github\preferredsummary\api\Preferred.Api\Program.cs:line 123
[2026-04-27 00:05:00 INF] Preferred.Api.Services.ScheduledTaskBackgroundService 开始执行定时任务: 1 {}
[2026-04-27 00:05:00 INF] Preferred.Api.Services.ScheduledTaskService 开始手动执行定时任务: 系统资源监控 (SYSTEM_RESOURCE_MONITOR) {}
[2026-04-27 00:05:00 INF] Preferred.Api.Services.ScheduledTaskService 执行系统监控任务: 系统资源监控 {}
[2026-04-27 00:05:00 INF] Preferred.Api.Services.SystemMonitorService 系统监控服务已初始化 - 操作系统: Windows {}
[2026-04-27 00:05:00 INF] Preferred.Api.Services.SystemMonitorService 开始执行系统资源监控... {}
[2026-04-27 00:05:01 DBG] Preferred.Api.Services.SystemMonitorService 进程估算内存使用率 - 进程总内存: 15.00GB, 估算总内存: 23.59GB, 使用率: 66.67% {}
[2026-04-27 00:05:01 DBG] Preferred.Api.Services.SystemMonitorService 尝试获取Windows磁盘使用情况: C:\ {}
[2026-04-27 00:05:01 DBG] Preferred.Api.Services.SystemMonitorService 磁盘 C:\ - 总计: 400.00GB, 已用: 112.00GB, 使用率: 28.06% {}
[2026-04-27 00:05:01 INF] Preferred.Api.Services.SystemMonitorService 系统资源监控 - 配置磁盘: auto, 实际监控: C:\, CPU: 0.19%, 内存: 66.67%, 磁盘: 28.06%, 使用内存: 120531230720 {}
[2026-04-27 00:05:01 INF] Preferred.Api.Services.SystemMonitorService 系统资源监控数据保存成功 - CPU: 0.19%, 内存: 66.67%, 磁盘: 28.06% {}
[2026-04-27 00:05:01 INF] Preferred.Api.Services.ScheduledTaskService 系统监控任务执行完成: 系统资源监控 {}
[2026-04-27 00:05:01 INF] Preferred.Api.Services.ScheduledTaskService 手动执行定时任务成功: 系统资源监控 (SYSTEM_RESOURCE_MONITOR), 耗时: 1.12秒 {}
[2026-04-27 00:05:01 INF] Preferred.Api.Services.ScheduledTaskBackgroundService 定时任务执行完成: 1, 结果: 成功 {}
[2026-04-27 00:05:01 INF] Preferred.Api.Services.ScheduledTaskBackgroundService 定时任务 系统资源监控 已安排在 2026-04-27 00:10:00 执行 {}
